{"/home/douglasribeiro/dev/back-end/src/main.ts": {"path":"/home/douglasribeiro/dev/back-end/src/main.ts","statementMap":{"0":{"start":{"line":1,"column":0},"end":{"line":1,"column":26}},"1":{"start":{"line":2,"column":0},"end":{"line":2,"column":80}},"2":{"start":{"line":3,"column":0},"end":{"line":3,"column":72}},"3":{"start":{"line":4,"column":0},"end":{"line":4,"column":68}},"4":{"start":{"line":5,"column":0},"end":{"line":5,"column":51}},"5":{"start":{"line":6,"column":0},"end":{"line":6,"column":43}},"6":{"start":{"line":7,"column":0},"end":{"line":7,"column":37}},"7":{"start":{"line":8,"column":0},"end":{"line":8,"column":87}},"8":{"start":{"line":9,"column":0},"end":{"line":9,"column":72}},"9":{"start":{"line":10,"column":0},"end":{"line":10,"column":74}},"10":{"start":{"line":13,"column":20},"end":{"line":24,"column":null}},"11":{"start":{"line":13,"column":31},"end":{"line":24,"column":null}},"12":{"start":{"line":14,"column":35},"end":{"line":14,"column":78}},"13":{"start":{"line":15,"column":29},"end":{"line":15,"column":92}},"14":{"start":{"line":16,"column":2},"end":{"line":16,"column":43}},"15":{"start":{"line":17,"column":2},"end":{"line":17,"column":40}},"16":{"start":{"line":18,"column":2},"end":{"line":18,"column":41}},"17":{"start":{"line":19,"column":2},"end":{"line":19,"column":50}},"18":{"start":{"line":20,"column":15},"end":{"line":20,"column":73}},"19":{"start":{"line":21,"column":2},"end":{"line":23,"column":5}},"20":{"start":{"line":22,"column":4},"end":{"line":22,"column":55}},"21":{"start":{"line":13,"column":13},"end":{"line":13,"column":20}}},"fnMap":{"0":{"name":"(anonymous_8)","decl":{"start":{"line":13,"column":20},"end":{"line":13,"column":29}},"loc":{"start":{"line":13,"column":31},"end":{"line":24,"column":null}}},"1":{"name":"(anonymous_9)","decl":{"start":{"line":13,"column":31},"end":{"line":13,"column":null}},"loc":{"start":{"line":13,"column":31},"end":{"line":24,"column":1}}},"2":{"name":"(anonymous_10)","decl":{"start":{"line":21,"column":34},"end":{"line":21,"column":37}},"loc":{"start":{"line":21,"column":39},"end":{"line":23,"column":3}}}},"branchMap":{},"s":{"0":1,"1":1,"2":1,"3":1,"4":1,"5":1,"6":1,"7":1,"8":1,"9":1,"10":1,"11":1,"12":1,"13":1,"14":1,"15":1,"16":1,"17":1,"18":1,"19":1,"20":0,"21":1},"f":{"0":1,"1":1,"2":0},"b":{}}
,"/home/douglasribeiro/dev/back-end/src/common/constant.common.ts": {"path":"/home/douglasribeiro/dev/back-end/src/common/constant.common.ts","statementMap":{"0":{"start":{"line":1,"column":0},"end":{"line":1,"column":null}},"1":{"start":{"line":2,"column":2},"end":{"line":2,"column":null}},"2":{"start":{"line":3,"column":2},"end":{"line":3,"column":null}},"3":{"start":{"line":4,"column":2},"end":{"line":4,"column":null}},"4":{"start":{"line":5,"column":2},"end":{"line":5,"column":null}},"5":{"start":{"line":6,"column":2},"end":{"line":6,"column":null}},"6":{"start":{"line":7,"column":2},"end":{"line":7,"column":null}},"7":{"start":{"line":8,"column":2},"end":{"line":8,"column":null}},"8":{"start":{"line":9,"column":2},"end":{"line":9,"column":null}}},"fnMap":{"0":{"name":"(anonymous_0)","decl":{"start":{"line":1,"column":0},"end":{"line":1,"column":12}},"loc":{"start":{"line":1,"column":20},"end":{"line":10,"column":1}}}},"branchMap":{"0":{"loc":{"start":{"line":1,"column":12},"end":{"line":1,"column":null}},"type":"binary-expr","locations":[{"start":{"line":1,"column":12},"end":{"line":1,"column":20}},{"start":{"line":1,"column":20},"end":{"line":1,"column":null}}]}},"s":{"0":3,"1":3,"2":3,"3":3,"4":3,"5":3,"6":3,"7":3,"8":3},"f":{"0":3},"b":{"0":[3,3]}}
,"/home/douglasribeiro/dev/back-end/src/common/http-status.common.ts": {"path":"/home/douglasribeiro/dev/back-end/src/common/http-status.common.ts","statementMap":{"0":{"start":{"line":1,"column":0},"end":{"line":1,"column":null}},"1":{"start":{"line":2,"column":2},"end":{"line":2,"column":null}},"2":{"start":{"line":3,"column":2},"end":{"line":3,"column":null}},"3":{"start":{"line":4,"column":2},"end":{"line":4,"column":null}},"4":{"start":{"line":5,"column":2},"end":{"line":5,"column":null}},"5":{"start":{"line":6,"column":2},"end":{"line":6,"column":null}},"6":{"start":{"line":7,"column":2},"end":{"line":7,"column":null}},"7":{"start":{"line":8,"column":2},"end":{"line":8,"column":null}},"8":{"start":{"line":9,"column":2},"end":{"line":9,"column":null}},"9":{"start":{"line":10,"column":2},"end":{"line":10,"column":null}},"10":{"start":{"line":11,"column":2},"end":{"line":11,"column":null}},"11":{"start":{"line":12,"column":2},"end":{"line":12,"column":null}}},"fnMap":{"0":{"name":"(anonymous_0)","decl":{"start":{"line":1,"column":0},"end":{"line":1,"column":12}},"loc":{"start":{"line":1,"column":22},"end":{"line":13,"column":1}}}},"branchMap":{"0":{"loc":{"start":{"line":1,"column":12},"end":{"line":1,"column":null}},"type":"binary-expr","locations":[{"start":{"line":1,"column":12},"end":{"line":1,"column":22}},{"start":{"line":1,"column":22},"end":{"line":1,"column":null}}]}},"s":{"0":3,"1":3,"2":3,"3":3,"4":3,"5":3,"6":3,"7":3,"8":3,"9":3,"10":3,"11":3},"f":{"0":3},"b":{"0":[3,3]}}
,"/home/douglasribeiro/dev/back-end/src/configuration/environment.configuration.ts": {"path":"/home/douglasribeiro/dev/back-end/src/configuration/environment.configuration.ts","statementMap":{"0":{"start":{"line":1,"column":0},"end":{"line":1,"column":28}},"1":{"start":{"line":2,"column":0},"end":{"line":2,"column":37}},"2":{"start":{"line":3,"column":0},"end":{"line":3,"column":43}},"3":{"start":{"line":4,"column":0},"end":{"line":4,"column":92}},"4":{"start":{"line":5,"column":0},"end":{"line":5,"column":98}},"5":{"start":{"line":8,"column":15},"end":{"line":32,"column":null}},"6":{"start":{"line":13,"column":2},"end":{"line":15,"column":null}},"7":{"start":{"line":14,"column":4},"end":{"line":14,"column":30}},"8":{"start":{"line":17,"column":10},"end":{"line":22,"column":null}},"9":{"start":{"line":18,"column":18},"end":{"line":18,"column":34}},"10":{"start":{"line":19,"column":4},"end":{"line":19,"column":64}},"11":{"start":{"line":19,"column":16},"end":{"line":19,"column":64}},"12":{"start":{"line":20,"column":4},"end":{"line":20,"column":79}},"13":{"start":{"line":21,"column":4},"end":{"line":21,"column":17}},"14":{"start":{"line":24,"column":2},"end":{"line":31,"column":null}},"15":{"start":{"line":25,"column":18},"end":{"line":25,"column":36}},"16":{"start":{"line":26,"column":4},"end":{"line":30,"column":5}},"17":{"start":{"line":27,"column":6},"end":{"line":27,"column":29}},"18":{"start":{"line":29,"column":6},"end":{"line":29,"column":64}},"19":{"start":{"line":10,"column":4},"end":{"line":10,"column":20}},"20":{"start":{"line":8,"column":21},"end":{"line":32,"column":null}},"21":{"start":{"line":8,"column":21},"end":{"line":8,"column":null}}},"fnMap":{"0":{"name":"(anonymous_3)","decl":{"start":{"line":9,"column":2},"end":{"line":9,"column":null}},"loc":{"start":{"line":9,"column":2},"end":{"line":11,"column":3}}},"1":{"name":"(anonymous_4)","decl":{"start":{"line":13,"column":19},"end":{"line":13,"column":20}},"loc":{"start":{"line":13,"column":43},"end":{"line":15,"column":3}}},"2":{"name":"(anonymous_5)","decl":{"start":{"line":17,"column":21},"end":{"line":17,"column":22}},"loc":{"start":{"line":17,"column":45},"end":{"line":22,"column":3}}},"3":{"name":"(anonymous_6)","decl":{"start":{"line":24,"column":16},"end":{"line":24,"column":17}},"loc":{"start":{"line":24,"column":40},"end":{"line":31,"column":3}}}},"branchMap":{"0":{"loc":{"start":{"line":19,"column":4},"end":{"line":19,"column":64}},"type":"if","locations":[{"start":{"line":19,"column":4},"end":{"line":19,"column":64}}]}},"s":{"0":3,"1":3,"2":3,"3":3,"4":3,"5":3,"6":0,"7":0,"8":0,"9":0,"10":0,"11":0,"12":0,"13":0,"14":0,"15":0,"16":0,"17":0,"18":0,"19":0,"20":3,"21":3},"f":{"0":0,"1":0,"2":0,"3":0},"b":{"0":[0]}}
,"/home/douglasribeiro/dev/back-end/src/configuration/express.configuration.ts": {"path":"/home/douglasribeiro/dev/back-end/src/configuration/express.configuration.ts","statementMap":{"0":{"start":{"line":1,"column":0},"end":{"line":1,"column":24}},"1":{"start":{"line":2,"column":0},"end":{"line":2,"column":30}},"2":{"start":{"line":3,"column":0},"end":{"line":3,"column":28}},"3":{"start":{"line":4,"column":0},"end":{"line":4,"column":37}},"4":{"start":{"line":7,"column":15},"end":{"line":26,"column":null}},"5":{"start":{"line":14,"column":10},"end":{"line":21,"column":null}},"6":{"start":{"line":15,"column":31},"end":{"line":15,"column":40}},"7":{"start":{"line":16,"column":4},"end":{"line":16,"column":43}},"8":{"start":{"line":17,"column":4},"end":{"line":17,"column":67}},"9":{"start":{"line":18,"column":4},"end":{"line":18,"column":35}},"10":{"start":{"line":19,"column":4},"end":{"line":19,"column":37}},"11":{"start":{"line":20,"column":4},"end":{"line":20,"column":30}},"12":{"start":{"line":23,"column":2},"end":{"line":25,"column":null}},"13":{"start":{"line":24,"column":4},"end":{"line":24,"column":35}},"14":{"start":{"line":11,"column":4},"end":{"line":11,"column":42}},"15":{"start":{"line":7,"column":21},"end":{"line":26,"column":null}},"16":{"start":{"line":7,"column":21},"end":{"line":7,"column":null}}},"fnMap":{"0":{"name":"(anonymous_3)","decl":{"start":{"line":10,"column":2},"end":{"line":10,"column":null}},"loc":{"start":{"line":10,"column":2},"end":{"line":12,"column":3}}},"1":{"name":"(anonymous_4)","decl":{"start":{"line":14,"column":17},"end":{"line":14,"column":41}},"loc":{"start":{"line":14,"column":43},"end":{"line":21,"column":3}}},"2":{"name":"(anonymous_5)","decl":{"start":{"line":23,"column":26},"end":{"line":23,"column":50}},"loc":{"start":{"line":23,"column":52},"end":{"line":25,"column":3}}}},"branchMap":{},"s":{"0":1,"1":1,"2":1,"3":1,"4":1,"5":0,"6":0,"7":0,"8":0,"9":0,"10":0,"11":0,"12":0,"13":0,"14":0,"15":1,"16":1},"f":{"0":0,"1":0,"2":0},"b":{}}
,"/home/douglasribeiro/dev/back-end/src/configuration/resend.configuration.ts": {"path":"/home/douglasribeiro/dev/back-end/src/configuration/resend.configuration.ts","statementMap":{"0":{"start":{"line":1,"column":0},"end":{"line":1,"column":32}},"1":{"start":{"line":2,"column":0},"end":{"line":2,"column":37}},"2":{"start":{"line":3,"column":0},"end":{"line":3,"column":67}},"3":{"start":{"line":4,"column":0},"end":{"line":4,"column":51}},"4":{"start":{"line":7,"column":7},"end":{"line":23,"column":null}},"5":{"start":{"line":11,"column":21},"end":{"line":11,"column":47}},"6":{"start":{"line":13,"column":19},"end":{"line":13,"column":88}},"7":{"start":{"line":14,"column":4},"end":{"line":16,"column":5}},"8":{"start":{"line":15,"column":6},"end":{"line":15,"column":77}},"9":{"start":{"line":17,"column":4},"end":{"line":17,"column":37}},"10":{"start":{"line":21,"column":4},"end":{"line":21,"column":23}},"11":{"start":{"line":7,"column":13},"end":{"line":7,"column":32}},"12":{"start":{"line":7,"column":13},"end":{"line":23,"column":null}}},"fnMap":{"0":{"name":"(anonymous_3)","decl":{"start":{"line":10,"column":2},"end":{"line":10,"column":null}},"loc":{"start":{"line":11,"column":71},"end":{"line":18,"column":3}}},"1":{"name":"(anonymous_4)","decl":{"start":{"line":20,"column":2},"end":{"line":20,"column":11}},"loc":{"start":{"line":20,"column":11},"end":{"line":22,"column":3}}}},"branchMap":{"0":{"loc":{"start":{"line":14,"column":4},"end":{"line":16,"column":5}},"type":"if","locations":[{"start":{"line":14,"column":4},"end":{"line":16,"column":5}}]}},"s":{"0":1,"1":1,"2":1,"3":1,"4":1,"5":0,"6":0,"7":0,"8":0,"9":0,"10":0,"11":1,"12":1},"f":{"0":0,"1":0},"b":{"0":[0]}}
,"/home/douglasribeiro/dev/back-end/src/configuration/route.configuration.ts": {"path":"/home/douglasribeiro/dev/back-end/src/configuration/route.configuration.ts","statementMap":{"0":{"start":{"line":1,"column":0},"end":{"line":1,"column":28}},"1":{"start":{"line":2,"column":0},"end":{"line":2,"column":48}},"2":{"start":{"line":3,"column":0},"end":{"line":3,"column":51}},"3":{"start":{"line":5,"column":0},"end":{"line":5,"column":59}},"4":{"start":{"line":8,"column":15},"end":{"line":21,"column":null}},"5":{"start":{"line":9,"column":31},"end":{"line":9,"column":53}},"6":{"start":{"line":13,"column":10},"end":{"line":20,"column":null}},"7":{"start":{"line":14,"column":20},"end":{"line":14,"column":60}},"8":{"start":{"line":15,"column":4},"end":{"line":19,"column":7}},"9":{"start":{"line":16,"column":40},"end":{"line":16,"column":109}},"10":{"start":{"line":17,"column":29},"end":{"line":17,"column":90}},"11":{"start":{"line":18,"column":6},"end":{"line":18,"column":89}},"12":{"start":{"line":10,"column":4},"end":{"line":10,"column":16}},"13":{"start":{"line":8,"column":21},"end":{"line":21,"column":null}},"14":{"start":{"line":8,"column":21},"end":{"line":8,"column":null}}},"fnMap":{"0":{"name":"(anonymous_3)","decl":{"start":{"line":9,"column":2},"end":{"line":9,"column":31}},"loc":{"start":{"line":9,"column":73},"end":{"line":11,"column":3}}},"1":{"name":"(anonymous_4)","decl":{"start":{"line":13,"column":17},"end":{"line":13,"column":20}},"loc":{"start":{"line":13,"column":22},"end":{"line":20,"column":3}}},"2":{"name":"(anonymous_5)","decl":{"start":{"line":15,"column":20},"end":{"line":15,"column":21}},"loc":{"start":{"line":15,"column":35},"end":{"line":19,"column":5}}}},"branchMap":{},"s":{"0":1,"1":1,"2":1,"3":1,"4":1,"5":0,"6":0,"7":0,"8":0,"9":0,"10":0,"11":0,"12":0,"13":1,"14":1},"f":{"0":0,"1":0,"2":0},"b":{}}
,"/home/douglasribeiro/dev/back-end/src/configuration/swagger.configuration.ts": {"path":"/home/douglasribeiro/dev/back-end/src/configuration/swagger.configuration.ts","statementMap":{"0":{"start":{"line":1,"column":0},"end":{"line":1,"column":38}},"1":{"start":{"line":2,"column":0},"end":{"line":2,"column":41}},"2":{"start":{"line":3,"column":0},"end":{"line":3,"column":43}},"3":{"start":{"line":4,"column":0},"end":{"line":4,"column":59}},"4":{"start":{"line":7,"column":15},"end":{"line":49,"column":null}},"5":{"start":{"line":10,"column":31},"end":{"line":10,"column":53}},"6":{"start":{"line":11,"column":4},"end":{"line":43,"column":null}},"7":{"start":{"line":47,"column":4},"end":{"line":47,"column":123}},"8":{"start":{"line":7,"column":21},"end":{"line":49,"column":null}},"9":{"start":{"line":7,"column":21},"end":{"line":7,"column":null}}},"fnMap":{"0":{"name":"(anonymous_3)","decl":{"start":{"line":10,"column":2},"end":{"line":10,"column":31}},"loc":{"start":{"line":10,"column":73},"end":{"line":44,"column":3}}},"1":{"name":"(anonymous_4)","decl":{"start":{"line":46,"column":9},"end":{"line":46,"column":14}},"loc":{"start":{"line":46,"column":14},"end":{"line":48,"column":3}}}},"branchMap":{},"s":{"0":1,"1":1,"2":1,"3":1,"4":1,"5":0,"6":0,"7":0,"8":1,"9":1},"f":{"0":0,"1":0},"b":{}}
,"/home/douglasribeiro/dev/back-end/src/configuration/database/database.configuration.ts": {"path":"/home/douglasribeiro/dev/back-end/src/configuration/database/database.configuration.ts","statementMap":{"0":{"start":{"line":1,"column":0},"end":{"line":1,"column":46}},"1":{"start":{"line":2,"column":0},"end":{"line":2,"column":43}},"2":{"start":{"line":3,"column":0},"end":{"line":3,"column":37}},"3":{"start":{"line":6,"column":7},"end":{"line":30,"column":null}},"4":{"start":{"line":14,"column":10},"end":{"line":24,"column":null}},"5":{"start":{"line":14,"column":46},"end":{"line":24,"column":null}},"6":{"start":{"line":15,"column":4},"end":{"line":23,"column":5}},"7":{"start":{"line":16,"column":6},"end":{"line":19,"column":null}},"8":{"start":{"line":18,"column":10},"end":{"line":18,"column":47}},"9":{"start":{"line":21,"column":6},"end":{"line":21,"column":62}},"10":{"start":{"line":22,"column":6},"end":{"line":22,"column":18}},"11":{"start":{"line":27,"column":3},"end":{"line":29,"column":null}},"12":{"start":{"line":28,"column":4},"end":{"line":28,"column":29}},"13":{"start":{"line":10,"column":4},"end":{"line":10,"column":43}},"14":{"start":{"line":11,"column":4},"end":{"line":11,"column":19}},"15":{"start":{"line":6,"column":13},"end":{"line":6,"column":34}},"16":{"start":{"line":6,"column":13},"end":{"line":30,"column":null}}},"fnMap":{"0":{"name":"(anonymous_9)","decl":{"start":{"line":9,"column":2},"end":{"line":9,"column":null}},"loc":{"start":{"line":9,"column":2},"end":{"line":12,"column":3}}},"1":{"name":"(anonymous_10)","decl":{"start":{"line":14,"column":20},"end":{"line":14,"column":44}},"loc":{"start":{"line":14,"column":46},"end":{"line":24,"column":null}}},"2":{"name":"(anonymous_11)","decl":{"start":{"line":14,"column":46},"end":{"line":14,"column":null}},"loc":{"start":{"line":14,"column":46},"end":{"line":24,"column":3}}},"3":{"name":"(anonymous_12)","decl":{"start":{"line":17,"column":14},"end":{"line":17,"column":17}},"loc":{"start":{"line":17,"column":19},"end":{"line":19,"column":9}}},"4":{"name":"(anonymous_13)","decl":{"start":{"line":27,"column":15},"end":{"line":27,"column":32}},"loc":{"start":{"line":27,"column":34},"end":{"line":29,"column":3}}}},"branchMap":{},"s":{"0":8,"1":8,"2":8,"3":8,"4":0,"5":0,"6":0,"7":0,"8":0,"9":0,"10":0,"11":0,"12":0,"13":0,"14":0,"15":8,"16":8},"f":{"0":0,"1":0,"2":0,"3":0,"4":0},"b":{}}
,"/home/douglasribeiro/dev/back-end/src/configuration/error/environment-variable-not-found.error.ts": {"path":"/home/douglasribeiro/dev/back-end/src/configuration/error/environment-variable-not-found.error.ts","statementMap":{"0":{"start":{"line":3,"column":4},"end":{"line":3,"column":111}},"1":{"start":{"line":1,"column":0},"end":{"line":1,"column":21}}},"fnMap":{"0":{"name":"(anonymous_0)","decl":{"start":{"line":2,"column":2},"end":{"line":2,"column":14}},"loc":{"start":{"line":2,"column":41},"end":{"line":4,"column":3}}}},"branchMap":{},"s":{"0":0,"1":3},"f":{"0":0},"b":{}}
,"/home/douglasribeiro/dev/back-end/src/configuration/error/invalid-environment-variable-type.error.ts": {"path":"/home/douglasribeiro/dev/back-end/src/configuration/error/invalid-environment-variable-type.error.ts","statementMap":{"0":{"start":{"line":3,"column":4},"end":{"line":6,"column":6}},"1":{"start":{"line":1,"column":0},"end":{"line":1,"column":21}}},"fnMap":{"0":{"name":"(anonymous_0)","decl":{"start":{"line":2,"column":2},"end":{"line":2,"column":14}},"loc":{"start":{"line":2,"column":56},"end":{"line":7,"column":3}}}},"branchMap":{},"s":{"0":0,"1":3},"f":{"0":0},"b":{}}
,"/home/douglasribeiro/dev/back-end/src/controller/authentication.controller.ts": {"path":"/home/douglasribeiro/dev/back-end/src/controller/authentication.controller.ts","statementMap":{"0":{"start":{"line":1,"column":0},"end":{"line":1,"column":56}},"1":{"start":{"line":2,"column":0},"end":{"line":2,"column":72}},"2":{"start":{"line":4,"column":0},"end":{"line":4,"column":38}},"3":{"start":{"line":7,"column":15},"end":{"line":18,"column":null}},"4":{"start":{"line":8,"column":31},"end":{"line":8,"column":54}},"5":{"start":{"line":10,"column":2},"end":{"line":17,"column":null}},"6":{"start":{"line":10,"column":76},"end":{"line":17,"column":null}},"7":{"start":{"line":11,"column":32},"end":{"line":11,"column":44}},"8":{"start":{"line":12,"column":36},"end":{"line":12,"column":98}},"9":{"start":{"line":13,"column":4},"end":{"line":15,"column":5}},"10":{"start":{"line":14,"column":6},"end":{"line":14,"column":82}},"11":{"start":{"line":16,"column":4},"end":{"line":16,"column":67}},"12":{"start":{"line":7,"column":21},"end":{"line":18,"column":null}},"13":{"start":{"line":7,"column":21},"end":{"line":7,"column":null}}},"fnMap":{"0":{"name":"(anonymous_9)","decl":{"start":{"line":8,"column":2},"end":{"line":8,"column":31}},"loc":{"start":{"line":8,"column":75},"end":{"line":8,"column":79}}},"1":{"name":"(anonymous_10)","decl":{"start":{"line":10,"column":10},"end":{"line":10,"column":17}},"loc":{"start":{"line":10,"column":76},"end":{"line":17,"column":null}}},"2":{"name":"(anonymous_11)","decl":{"start":{"line":10,"column":76},"end":{"line":10,"column":null}},"loc":{"start":{"line":10,"column":76},"end":{"line":17,"column":3}}}},"branchMap":{"0":{"loc":{"start":{"line":13,"column":4},"end":{"line":15,"column":5}},"type":"if","locations":[{"start":{"line":13,"column":4},"end":{"line":15,"column":5}}]}},"s":{"0":1,"1":1,"2":1,"3":1,"4":2,"5":2,"6":2,"7":2,"8":2,"9":2,"10":1,"11":1,"12":1,"13":1},"f":{"0":2,"1":2,"2":2},"b":{"0":[1]}}
,"/home/douglasribeiro/dev/back-end/src/controller/subject.controller.ts": {"path":"/home/douglasribeiro/dev/back-end/src/controller/subject.controller.ts","statementMap":{"0":{"start":{"line":1,"column":0},"end":{"line":1,"column":56}},"1":{"start":{"line":2,"column":0},"end":{"line":2,"column":58}},"2":{"start":{"line":4,"column":0},"end":{"line":4,"column":38}},"3":{"start":{"line":7,"column":7},"end":{"line":65,"column":null}},"4":{"start":{"line":8,"column":31},"end":{"line":8,"column":47}},"5":{"start":{"line":10,"column":2},"end":{"line":24,"column":4}},"6":{"start":{"line":10,"column":77},"end":{"line":24,"column":4}},"7":{"start":{"line":11,"column":28},"end":{"line":11,"column":42}},"8":{"start":{"line":12,"column":79},"end":{"line":12,"column":91}},"9":{"start":{"line":13,"column":31},"end":{"line":20,"column":null}},"10":{"start":{"line":22,"column":4},"end":{"line":22,"column":93}},"11":{"start":{"line":22,"column":15},"end":{"line":22,"column":93}},"12":{"start":{"line":23,"column":4},"end":{"line":23,"column":61}},"13":{"start":{"line":26,"column":2},"end":{"line":31,"column":4}},"14":{"start":{"line":26,"column":94},"end":{"line":31,"column":4}},"15":{"start":{"line":27,"column":28},"end":{"line":27,"column":42}},"16":{"start":{"line":28,"column":32},"end":{"line":28,"column":94}},"17":{"start":{"line":29,"column":4},"end":{"line":29,"column":93}},"18":{"start":{"line":29,"column":15},"end":{"line":29,"column":93}},"19":{"start":{"line":30,"column":4},"end":{"line":30,"column":59}},"20":{"start":{"line":33,"column":2},"end":{"line":38,"column":4}},"21":{"start":{"line":33,"column":78},"end":{"line":38,"column":4}},"22":{"start":{"line":34,"column":39},"end":{"line":34,"column":53}},"23":{"start":{"line":35,"column":31},"end":{"line":35,"column":88}},"24":{"start":{"line":36,"column":4},"end":{"line":36,"column":93}},"25":{"start":{"line":36,"column":15},"end":{"line":36,"column":93}},"26":{"start":{"line":37,"column":4},"end":{"line":37,"column":58}},"27":{"start":{"line":40,"column":2},"end":{"line":57,"column":null}},"28":{"start":{"line":40,"column":81},"end":{"line":57,"column":null}},"29":{"start":{"line":41,"column":39},"end":{"line":41,"column":53}},"30":{"start":{"line":42,"column":79},"end":{"line":42,"column":91}},"31":{"start":{"line":43,"column":22},"end":{"line":53,"column":null}},"32":{"start":{"line":55,"column":4},"end":{"line":55,"column":93}},"33":{"start":{"line":55,"column":15},"end":{"line":55,"column":93}},"34":{"start":{"line":56,"column":4},"end":{"line":56,"column":49}},"35":{"start":{"line":59,"column":2},"end":{"line":64,"column":4}},"36":{"start":{"line":59,"column":81},"end":{"line":64,"column":4}},"37":{"start":{"line":60,"column":39},"end":{"line":60,"column":53}},"38":{"start":{"line":61,"column":22},"end":{"line":61,"column":82}},"39":{"start":{"line":62,"column":4},"end":{"line":62,"column":93}},"40":{"start":{"line":62,"column":15},"end":{"line":62,"column":93}},"41":{"start":{"line":63,"column":4},"end":{"line":63,"column":49}},"42":{"start":{"line":7,"column":13},"end":{"line":7,"column":30}},"43":{"start":{"line":7,"column":13},"end":{"line":65,"column":null}}},"fnMap":{"0":{"name":"(anonymous_9)","decl":{"start":{"line":8,"column":2},"end":{"line":8,"column":31}},"loc":{"start":{"line":8,"column":61},"end":{"line":8,"column":65}}},"1":{"name":"(anonymous_10)","decl":{"start":{"line":10,"column":11},"end":{"line":10,"column":18}},"loc":{"start":{"line":10,"column":77},"end":{"line":24,"column":4}}},"2":{"name":"(anonymous_11)","decl":{"start":{"line":10,"column":77},"end":{"line":10,"column":null}},"loc":{"start":{"line":10,"column":77},"end":{"line":24,"column":3}}},"3":{"name":"(anonymous_12)","decl":{"start":{"line":26,"column":28},"end":{"line":26,"column":35}},"loc":{"start":{"line":26,"column":94},"end":{"line":31,"column":4}}},"4":{"name":"(anonymous_13)","decl":{"start":{"line":26,"column":94},"end":{"line":26,"column":null}},"loc":{"start":{"line":26,"column":94},"end":{"line":31,"column":3}}},"5":{"name":"(anonymous_14)","decl":{"start":{"line":33,"column":12},"end":{"line":33,"column":19}},"loc":{"start":{"line":33,"column":78},"end":{"line":38,"column":4}}},"6":{"name":"(anonymous_15)","decl":{"start":{"line":33,"column":78},"end":{"line":33,"column":null}},"loc":{"start":{"line":33,"column":78},"end":{"line":38,"column":3}}},"7":{"name":"(anonymous_16)","decl":{"start":{"line":40,"column":15},"end":{"line":40,"column":22}},"loc":{"start":{"line":40,"column":81},"end":{"line":57,"column":null}}},"8":{"name":"(anonymous_17)","decl":{"start":{"line":40,"column":81},"end":{"line":40,"column":null}},"loc":{"start":{"line":40,"column":81},"end":{"line":57,"column":3}}},"9":{"name":"(anonymous_18)","decl":{"start":{"line":59,"column":15},"end":{"line":59,"column":22}},"loc":{"start":{"line":59,"column":81},"end":{"line":64,"column":4}}},"10":{"name":"(anonymous_19)","decl":{"start":{"line":59,"column":81},"end":{"line":59,"column":null}},"loc":{"start":{"line":59,"column":81},"end":{"line":64,"column":3}}}},"branchMap":{"0":{"loc":{"start":{"line":22,"column":4},"end":{"line":22,"column":93}},"type":"if","locations":[{"start":{"line":22,"column":4},"end":{"line":22,"column":93}}]},"1":{"loc":{"start":{"line":29,"column":4},"end":{"line":29,"column":93}},"type":"if","locations":[{"start":{"line":29,"column":4},"end":{"line":29,"column":93}}]},"2":{"loc":{"start":{"line":36,"column":4},"end":{"line":36,"column":93}},"type":"if","locations":[{"start":{"line":36,"column":4},"end":{"line":36,"column":93}}]},"3":{"loc":{"start":{"line":55,"column":4},"end":{"line":55,"column":93}},"type":"if","locations":[{"start":{"line":55,"column":4},"end":{"line":55,"column":93}}]},"4":{"loc":{"start":{"line":62,"column":4},"end":{"line":62,"column":93}},"type":"if","locations":[{"start":{"line":62,"column":4},"end":{"line":62,"column":93}}]}},"s":{"0":1,"1":1,"2":1,"3":1,"4":9,"5":9,"6":2,"7":2,"8":2,"9":2,"10":2,"11":1,"12":1,"13":9,"14":1,"15":1,"16":1,"17":1,"18":0,"19":1,"20":9,"21":2,"22":2,"23":2,"24":2,"25":1,"26":1,"27":9,"28":2,"29":2,"30":2,"31":2,"32":2,"33":1,"34":1,"35":9,"36":2,"37":2,"38":2,"39":2,"40":1,"41":1,"42":1,"43":1},"f":{"0":9,"1":2,"2":2,"3":1,"4":1,"5":2,"6":2,"7":2,"8":2,"9":2,"10":2},"b":{"0":[1],"1":[0],"2":[1],"3":[1],"4":[1]}}
,"/home/douglasribeiro/dev/back-end/src/controller/user.controller.ts": {"path":"/home/douglasribeiro/dev/back-end/src/controller/user.controller.ts","statementMap":{"0":{"start":{"line":1,"column":0},"end":{"line":1,"column":56}},"1":{"start":{"line":2,"column":0},"end":{"line":2,"column":52}},"2":{"start":{"line":4,"column":0},"end":{"line":4,"column":38}},"3":{"start":{"line":7,"column":15},"end":{"line":44,"column":null}},"4":{"start":{"line":8,"column":31},"end":{"line":8,"column":44}},"5":{"start":{"line":10,"column":2},"end":{"line":15,"column":null}},"6":{"start":{"line":10,"column":86},"end":{"line":15,"column":null}},"7":{"start":{"line":11,"column":38},"end":{"line":11,"column":50}},"8":{"start":{"line":12,"column":34},"end":{"line":12,"column":95}},"9":{"start":{"line":13,"column":4},"end":{"line":13,"column":91}},"10":{"start":{"line":13,"column":15},"end":{"line":13,"column":91}},"11":{"start":{"line":14,"column":4},"end":{"line":14,"column":63}},"12":{"start":{"line":17,"column":2},"end":{"line":22,"column":null}},"13":{"start":{"line":17,"column":86},"end":{"line":22,"column":null}},"14":{"start":{"line":18,"column":38},"end":{"line":18,"column":50}},"15":{"start":{"line":19,"column":33},"end":{"line":19,"column":94}},"16":{"start":{"line":20,"column":4},"end":{"line":20,"column":91}},"17":{"start":{"line":20,"column":15},"end":{"line":20,"column":91}},"18":{"start":{"line":21,"column":4},"end":{"line":21,"column":63}},"19":{"start":{"line":24,"column":2},"end":{"line":29,"column":null}},"20":{"start":{"line":24,"column":85},"end":{"line":29,"column":null}},"21":{"start":{"line":25,"column":21},"end":{"line":25,"column":35}},"22":{"start":{"line":26,"column":29},"end":{"line":26,"column":72}},"23":{"start":{"line":27,"column":4},"end":{"line":27,"column":91}},"24":{"start":{"line":27,"column":15},"end":{"line":27,"column":91}},"25":{"start":{"line":28,"column":4},"end":{"line":28,"column":56}},"26":{"start":{"line":31,"column":2},"end":{"line":36,"column":null}},"27":{"start":{"line":31,"column":87},"end":{"line":36,"column":null}},"28":{"start":{"line":32,"column":28},"end":{"line":32,"column":42}},"29":{"start":{"line":33,"column":33},"end":{"line":33,"column":85}},"30":{"start":{"line":34,"column":4},"end":{"line":34,"column":91}},"31":{"start":{"line":34,"column":15},"end":{"line":34,"column":91}},"32":{"start":{"line":35,"column":4},"end":{"line":35,"column":60}},"33":{"start":{"line":38,"column":2},"end":{"line":43,"column":null}},"34":{"start":{"line":38,"column":87},"end":{"line":43,"column":null}},"35":{"start":{"line":39,"column":28},"end":{"line":39,"column":42}},"36":{"start":{"line":40,"column":33},"end":{"line":40,"column":85}},"37":{"start":{"line":41,"column":4},"end":{"line":41,"column":91}},"38":{"start":{"line":41,"column":15},"end":{"line":41,"column":91}},"39":{"start":{"line":42,"column":4},"end":{"line":42,"column":60}},"40":{"start":{"line":7,"column":21},"end":{"line":44,"column":null}},"41":{"start":{"line":7,"column":21},"end":{"line":7,"column":null}}},"fnMap":{"0":{"name":"(anonymous_9)","decl":{"start":{"line":8,"column":2},"end":{"line":8,"column":31}},"loc":{"start":{"line":8,"column":55},"end":{"line":8,"column":59}}},"1":{"name":"(anonymous_10)","decl":{"start":{"line":10,"column":20},"end":{"line":10,"column":27}},"loc":{"start":{"line":10,"column":86},"end":{"line":15,"column":null}}},"2":{"name":"(anonymous_11)","decl":{"start":{"line":10,"column":86},"end":{"line":10,"column":null}},"loc":{"start":{"line":10,"column":86},"end":{"line":15,"column":3}}},"3":{"name":"(anonymous_12)","decl":{"start":{"line":17,"column":20},"end":{"line":17,"column":27}},"loc":{"start":{"line":17,"column":86},"end":{"line":22,"column":null}}},"4":{"name":"(anonymous_13)","decl":{"start":{"line":17,"column":86},"end":{"line":17,"column":null}},"loc":{"start":{"line":17,"column":86},"end":{"line":22,"column":3}}},"5":{"name":"(anonymous_14)","decl":{"start":{"line":24,"column":19},"end":{"line":24,"column":26}},"loc":{"start":{"line":24,"column":85},"end":{"line":29,"column":null}}},"6":{"name":"(anonymous_15)","decl":{"start":{"line":24,"column":85},"end":{"line":24,"column":null}},"loc":{"start":{"line":24,"column":85},"end":{"line":29,"column":3}}},"7":{"name":"(anonymous_16)","decl":{"start":{"line":31,"column":21},"end":{"line":31,"column":28}},"loc":{"start":{"line":31,"column":87},"end":{"line":36,"column":null}}},"8":{"name":"(anonymous_17)","decl":{"start":{"line":31,"column":87},"end":{"line":31,"column":null}},"loc":{"start":{"line":31,"column":87},"end":{"line":36,"column":3}}},"9":{"name":"(anonymous_18)","decl":{"start":{"line":38,"column":21},"end":{"line":38,"column":28}},"loc":{"start":{"line":38,"column":87},"end":{"line":43,"column":null}}},"10":{"name":"(anonymous_19)","decl":{"start":{"line":38,"column":87},"end":{"line":38,"column":null}},"loc":{"start":{"line":38,"column":87},"end":{"line":43,"column":3}}}},"branchMap":{"0":{"loc":{"start":{"line":13,"column":4},"end":{"line":13,"column":91}},"type":"if","locations":[{"start":{"line":13,"column":4},"end":{"line":13,"column":91}}]},"1":{"loc":{"start":{"line":20,"column":4},"end":{"line":20,"column":91}},"type":"if","locations":[{"start":{"line":20,"column":4},"end":{"line":20,"column":91}}]},"2":{"loc":{"start":{"line":27,"column":4},"end":{"line":27,"column":91}},"type":"if","locations":[{"start":{"line":27,"column":4},"end":{"line":27,"column":91}}]},"3":{"loc":{"start":{"line":34,"column":4},"end":{"line":34,"column":91}},"type":"if","locations":[{"start":{"line":34,"column":4},"end":{"line":34,"column":91}}]},"4":{"loc":{"start":{"line":41,"column":4},"end":{"line":41,"column":91}},"type":"if","locations":[{"start":{"line":41,"column":4},"end":{"line":41,"column":91}}]}},"s":{"0":1,"1":1,"2":1,"3":1,"4":10,"5":10,"6":2,"7":2,"8":2,"9":2,"10":1,"11":1,"12":10,"13":2,"14":2,"15":2,"16":2,"17":1,"18":1,"19":10,"20":2,"21":2,"22":2,"23":2,"24":1,"25":1,"26":10,"27":2,"28":2,"29":2,"30":2,"31":1,"32":1,"33":10,"34":2,"35":2,"36":2,"37":2,"38":1,"39":1,"40":1,"41":1},"f":{"0":10,"1":2,"2":2,"3":2,"4":2,"5":2,"6":2,"7":2,"8":2,"9":2,"10":2},"b":{"0":[1],"1":[1],"2":[1],"3":[1],"4":[1]}}
,"/home/douglasribeiro/dev/back-end/src/service/authentication.service.ts": {"path":"/home/douglasribeiro/dev/back-end/src/service/authentication.service.ts","statementMap":{"0":{"start":{"line":2,"column":0},"end":{"line":2,"column":38}},"1":{"start":{"line":3,"column":0},"end":{"line":3,"column":31}},"2":{"start":{"line":4,"column":0},"end":{"line":4,"column":87}},"3":{"start":{"line":5,"column":0},"end":{"line":5,"column":43}},"4":{"start":{"line":6,"column":0},"end":{"line":6,"column":64}},"5":{"start":{"line":7,"column":0},"end":{"line":7,"column":28}},"6":{"start":{"line":8,"column":0},"end":{"line":8,"column":51}},"7":{"start":{"line":9,"column":0},"end":{"line":9,"column":80}},"8":{"start":{"line":10,"column":0},"end":{"line":10,"column":68}},"9":{"start":{"line":19,"column":7},"end":{"line":56,"column":null}},"10":{"start":{"line":21,"column":31},"end":{"line":21,"column":54}},"11":{"start":{"line":22,"column":21},"end":{"line":22,"column":47}},"12":{"start":{"line":27,"column":2},"end":{"line":55,"column":4}},"13":{"start":{"line":27,"column":88},"end":{"line":55,"column":4}},"14":{"start":{"line":28,"column":4},"end":{"line":54,"column":5}},"15":{"start":{"line":29,"column":19},"end":{"line":31,"column":8}},"16":{"start":{"line":32,"column":6},"end":{"line":32,"column":61}},"17":{"start":{"line":32,"column":17},"end":{"line":32,"column":61}},"18":{"start":{"line":33,"column":30},"end":{"line":33,"column":75}},"19":{"start":{"line":34,"column":6},"end":{"line":34,"column":72}},"20":{"start":{"line":34,"column":28},"end":{"line":34,"column":72}},"21":{"start":{"line":35,"column":21},"end":{"line":35,"column":86}},"22":{"start":{"line":37,"column":20},"end":{"line":40,"column":null}},"23":{"start":{"line":42,"column":6},"end":{"line":50,"column":null}},"24":{"start":{"line":52,"column":6},"end":{"line":52,"column":68}},"25":{"start":{"line":53,"column":6},"end":{"line":53,"column":30}},"26":{"start":{"line":24,"column":4},"end":{"line":24,"column":57}},"27":{"start":{"line":19,"column":13},"end":{"line":19,"column":34}},"28":{"start":{"line":19,"column":13},"end":{"line":56,"column":null}}},"fnMap":{"0":{"name":"(anonymous_10)","decl":{"start":{"line":21,"column":2},"end":{"line":21,"column":31}},"loc":{"start":{"line":22,"column":71},"end":{"line":25,"column":3}}},"1":{"name":"(anonymous_11)","decl":{"start":{"line":27,"column":17},"end":{"line":27,"column":24}},"loc":{"start":{"line":27,"column":88},"end":{"line":55,"column":4}}},"2":{"name":"(anonymous_12)","decl":{"start":{"line":27,"column":88},"end":{"line":27,"column":null}},"loc":{"start":{"line":27,"column":88},"end":{"line":55,"column":3}}}},"branchMap":{"0":{"loc":{"start":{"line":32,"column":6},"end":{"line":32,"column":61}},"type":"if","locations":[{"start":{"line":32,"column":6},"end":{"line":32,"column":61}}]},"1":{"loc":{"start":{"line":34,"column":6},"end":{"line":34,"column":72}},"type":"if","locations":[{"start":{"line":34,"column":6},"end":{"line":34,"column":72}}]}},"s":{"0":2,"1":2,"2":2,"3":2,"4":2,"5":2,"6":2,"7":2,"8":2,"9":2,"10":4,"11":4,"12":4,"13":4,"14":4,"15":4,"16":3,"17":1,"18":2,"19":2,"20":1,"21":1,"22":1,"23":1,"24":1,"25":1,"26":4,"27":2,"28":2},"f":{"0":4,"1":4,"2":4},"b":{"0":[1],"1":[1]}}
,"/home/douglasribeiro/dev/back-end/src/service/subject.service.ts": {"path":"/home/douglasribeiro/dev/back-end/src/service/subject.service.ts","statementMap":{"0":{"start":{"line":1,"column":0},"end":{"line":1,"column":87}},"1":{"start":{"line":3,"column":0},"end":{"line":3,"column":38}},"2":{"start":{"line":4,"column":0},"end":{"line":4,"column":62}},"3":{"start":{"line":5,"column":0},"end":{"line":5,"column":67}},"4":{"start":{"line":6,"column":0},"end":{"line":6,"column":77}},"5":{"start":{"line":7,"column":0},"end":{"line":7,"column":60}},"6":{"start":{"line":31,"column":7},"end":{"line":199,"column":null}},"7":{"start":{"line":35,"column":31},"end":{"line":35,"column":54}},"8":{"start":{"line":39,"column":2},"end":{"line":64,"column":null}},"9":{"start":{"line":39,"column":176},"end":{"line":64,"column":null}},"10":{"start":{"line":40,"column":4},"end":{"line":63,"column":5}},"11":{"start":{"line":41,"column":30},"end":{"line":43,"column":8}},"12":{"start":{"line":44,"column":6},"end":{"line":44,"column":81}},"13":{"start":{"line":44,"column":27},"end":{"line":44,"column":81}},"14":{"start":{"line":45,"column":6},"end":{"line":59,"column":9}},"15":{"start":{"line":58,"column":8},"end":{"line":58,"column":118}},"16":{"start":{"line":61,"column":6},"end":{"line":61,"column":66}},"17":{"start":{"line":62,"column":6},"end":{"line":62,"column":30}},"18":{"start":{"line":66,"column":2},"end":{"line":77,"column":null}},"19":{"start":{"line":66,"column":98},"end":{"line":77,"column":null}},"20":{"start":{"line":67,"column":4},"end":{"line":76,"column":5}},"21":{"start":{"line":68,"column":23},"end":{"line":70,"column":8}},"22":{"start":{"line":71,"column":6},"end":{"line":71,"column":95}},"23":{"start":{"line":71,"column":46},"end":{"line":71,"column":95}},"24":{"start":{"line":72,"column":6},"end":{"line":72,"column":142}},"25":{"start":{"line":72,"column":49},"end":{"line":72,"column":138}},"26":{"start":{"line":74,"column":6},"end":{"line":74,"column":98}},"27":{"start":{"line":75,"column":6},"end":{"line":75,"column":30}},"28":{"start":{"line":79,"column":2},"end":{"line":145,"column":null}},"29":{"start":{"line":79,"column":85},"end":{"line":145,"column":null}},"30":{"start":{"line":80,"column":4},"end":{"line":144,"column":5}},"31":{"start":{"line":81,"column":22},"end":{"line":104,"column":8}},"32":{"start":{"line":105,"column":6},"end":{"line":105,"column":74}},"33":{"start":{"line":105,"column":20},"end":{"line":105,"column":74}},"34":{"start":{"line":106,"column":25},"end":{"line":109,"column":15}},"35":{"start":{"line":106,"column":62},"end":{"line":109,"column":8}},"36":{"start":{"line":111,"column":26},"end":{"line":111,"column":51}},"37":{"start":{"line":112,"column":29},"end":{"line":124,"column":null}},"38":{"start":{"line":113,"column":43},"end":{"line":124,"column":10}},"39":{"start":{"line":114,"column":30},"end":{"line":114,"column":88}},"40":{"start":{"line":115,"column":10},"end":{"line":117,"column":11}},"41":{"start":{"line":116,"column":12},"end":{"line":116,"column":30}},"42":{"start":{"line":118,"column":10},"end":{"line":123,"column":12}},"43":{"start":{"line":126,"column":6},"end":{"line":140,"column":9}},"44":{"start":{"line":142,"column":6},"end":{"line":142,"column":68}},"45":{"start":{"line":143,"column":6},"end":{"line":143,"column":30}},"46":{"start":{"line":147,"column":2},"end":{"line":162,"column":null}},"47":{"start":{"line":147,"column":124},"end":{"line":162,"column":null}},"48":{"start":{"line":148,"column":4},"end":{"line":161,"column":5}},"49":{"start":{"line":149,"column":28},"end":{"line":151,"column":8}},"50":{"start":{"line":152,"column":6},"end":{"line":152,"column":80}},"51":{"start":{"line":152,"column":26},"end":{"line":152,"column":80}},"52":{"start":{"line":153,"column":6},"end":{"line":156,"column":9}},"53":{"start":{"line":157,"column":6},"end":{"line":157,"column":16}},"54":{"start":{"line":159,"column":6},"end":{"line":159,"column":66}},"55":{"start":{"line":160,"column":6},"end":{"line":160,"column":30}},"56":{"start":{"line":164,"column":2},"end":{"line":178,"column":null}},"57":{"start":{"line":164,"column":90},"end":{"line":178,"column":null}},"58":{"start":{"line":165,"column":4},"end":{"line":177,"column":5}},"59":{"start":{"line":166,"column":28},"end":{"line":168,"column":8}},"60":{"start":{"line":169,"column":6},"end":{"line":169,"column":80}},"61":{"start":{"line":169,"column":26},"end":{"line":169,"column":80}},"62":{"start":{"line":170,"column":6},"end":{"line":172,"column":9}},"63":{"start":{"line":173,"column":6},"end":{"line":173,"column":16}},"64":{"start":{"line":175,"column":6},"end":{"line":175,"column":66}},"65":{"start":{"line":176,"column":6},"end":{"line":176,"column":30}},"66":{"start":{"line":180,"column":10},"end":{"line":198,"column":null}},"67":{"start":{"line":180,"column":99},"end":{"line":198,"column":null}},"68":{"start":{"line":181,"column":4},"end":{"line":197,"column":5}},"69":{"start":{"line":182,"column":23},"end":{"line":187,"column":8}},"70":{"start":{"line":188,"column":6},"end":{"line":188,"column":37}},"71":{"start":{"line":188,"column":28},"end":{"line":188,"column":37}},"72":{"start":{"line":189,"column":39},"end":{"line":189,"column":79}},"73":{"start":{"line":190,"column":35},"end":{"line":190,"column":73}},"74":{"start":{"line":191,"column":24},"end":{"line":191,"column":68}},"75":{"start":{"line":192,"column":22},"end":{"line":192,"column":62}},"76":{"start":{"line":193,"column":33},"end":{"line":193,"column":93}},"77":{"start":{"line":194,"column":6},"end":{"line":194,"column":50}},"78":{"start":{"line":196,"column":6},"end":{"line":196,"column":127}},"79":{"start":{"line":36,"column":6},"end":{"line":36,"column":59}},"80":{"start":{"line":31,"column":13},"end":{"line":31,"column":27}},"81":{"start":{"line":31,"column":13},"end":{"line":199,"column":null}}},"fnMap":{"0":{"name":"(anonymous_10)","decl":{"start":{"line":35,"column":2},"end":{"line":35,"column":31}},"loc":{"start":{"line":35,"column":75},"end":{"line":37,"column":5}}},"1":{"name":"(anonymous_11)","decl":{"start":{"line":39,"column":11},"end":{"line":39,"column":18}},"loc":{"start":{"line":39,"column":176},"end":{"line":64,"column":null}}},"2":{"name":"(anonymous_12)","decl":{"start":{"line":39,"column":176},"end":{"line":39,"column":null}},"loc":{"start":{"line":39,"column":176},"end":{"line":64,"column":3}}},"3":{"name":"(anonymous_13)","decl":{"start":{"line":57,"column":14},"end":{"line":57,"column":15}},"loc":{"start":{"line":57,"column":26},"end":{"line":59,"column":7}}},"4":{"name":"(anonymous_14)","decl":{"start":{"line":66,"column":28},"end":{"line":66,"column":35}},"loc":{"start":{"line":66,"column":98},"end":{"line":77,"column":null}}},"5":{"name":"(anonymous_15)","decl":{"start":{"line":66,"column":98},"end":{"line":66,"column":null}},"loc":{"start":{"line":66,"column":98},"end":{"line":77,"column":3}}},"6":{"name":"(anonymous_16)","decl":{"start":{"line":72,"column":38},"end":{"line":72,"column":45}},"loc":{"start":{"line":72,"column":49},"end":{"line":72,"column":138}}},"7":{"name":"(anonymous_17)","decl":{"start":{"line":79,"column":12},"end":{"line":79,"column":19}},"loc":{"start":{"line":79,"column":85},"end":{"line":145,"column":null}}},"8":{"name":"(anonymous_18)","decl":{"start":{"line":79,"column":85},"end":{"line":79,"column":null}},"loc":{"start":{"line":79,"column":85},"end":{"line":145,"column":3}}},"9":{"name":"(anonymous_19)","decl":{"start":{"line":106,"column":48},"end":{"line":106,"column":57}},"loc":{"start":{"line":106,"column":62},"end":{"line":109,"column":8}}},"10":{"name":"(anonymous_20)","decl":{"start":{"line":113,"column":24},"end":{"line":113,"column":30}},"loc":{"start":{"line":113,"column":43},"end":{"line":124,"column":10}}},"11":{"name":"(anonymous_21)","decl":{"start":{"line":113,"column":43},"end":{"line":113,"column":null}},"loc":{"start":{"line":113,"column":43},"end":{"line":124,"column":9}}},"12":{"name":"(anonymous_22)","decl":{"start":{"line":147,"column":15},"end":{"line":147,"column":22}},"loc":{"start":{"line":147,"column":124},"end":{"line":162,"column":null}}},"13":{"name":"(anonymous_23)","decl":{"start":{"line":147,"column":124},"end":{"line":147,"column":null}},"loc":{"start":{"line":147,"column":124},"end":{"line":162,"column":3}}},"14":{"name":"(anonymous_24)","decl":{"start":{"line":164,"column":15},"end":{"line":164,"column":22}},"loc":{"start":{"line":164,"column":90},"end":{"line":178,"column":null}}},"15":{"name":"(anonymous_25)","decl":{"start":{"line":164,"column":90},"end":{"line":164,"column":null}},"loc":{"start":{"line":164,"column":90},"end":{"line":178,"column":3}}},"16":{"name":"(anonymous_26)","decl":{"start":{"line":180,"column":28},"end":{"line":180,"column":35}},"loc":{"start":{"line":180,"column":99},"end":{"line":198,"column":null}}},"17":{"name":"(anonymous_27)","decl":{"start":{"line":180,"column":99},"end":{"line":180,"column":null}},"loc":{"start":{"line":180,"column":99},"end":{"line":198,"column":3}}}},"branchMap":{"0":{"loc":{"start":{"line":44,"column":6},"end":{"line":44,"column":81}},"type":"if","locations":[{"start":{"line":44,"column":6},"end":{"line":44,"column":81}}]},"1":{"loc":{"start":{"line":71,"column":6},"end":{"line":71,"column":95}},"type":"if","locations":[{"start":{"line":71,"column":6},"end":{"line":71,"column":95}}]},"2":{"loc":{"start":{"line":71,"column":10},"end":{"line":71,"column":44}},"type":"binary-expr","locations":[{"start":{"line":71,"column":10},"end":{"line":71,"column":19}},{"start":{"line":71,"column":23},"end":{"line":71,"column":44}}]},"3":{"loc":{"start":{"line":105,"column":6},"end":{"line":105,"column":74}},"type":"if","locations":[{"start":{"line":105,"column":6},"end":{"line":105,"column":74}}]},"4":{"loc":{"start":{"line":106,"column":25},"end":{"line":109,"column":15}},"type":"cond-expr","locations":[{"start":{"line":109,"column":9},"end":{"line":109,"column":13}},{"start":{"line":109,"column":13},"end":{"line":109,"column":15}}]},"5":{"loc":{"start":{"line":106,"column":25},"end":{"line":109,"column":13}},"type":"binary-expr","locations":[{"start":{"line":106,"column":25},"end":{"line":109,"column":13}},{"start":{"line":109,"column":9},"end":{"line":109,"column":13}}]},"6":{"loc":{"start":{"line":111,"column":26},"end":{"line":111,"column":51}},"type":"cond-expr","locations":[{"start":{"line":111,"column":45},"end":{"line":111,"column":49}},{"start":{"line":111,"column":49},"end":{"line":111,"column":51}}]},"7":{"loc":{"start":{"line":111,"column":26},"end":{"line":111,"column":49}},"type":"binary-expr","locations":[{"start":{"line":111,"column":26},"end":{"line":111,"column":49}},{"start":{"line":111,"column":45},"end":{"line":111,"column":49}}]},"8":{"loc":{"start":{"line":115,"column":10},"end":{"line":117,"column":11}},"type":"if","locations":[{"start":{"line":115,"column":10},"end":{"line":117,"column":11}}]},"9":{"loc":{"start":{"line":152,"column":6},"end":{"line":152,"column":80}},"type":"if","locations":[{"start":{"line":152,"column":6},"end":{"line":152,"column":80}}]},"10":{"loc":{"start":{"line":169,"column":6},"end":{"line":169,"column":80}},"type":"if","locations":[{"start":{"line":169,"column":6},"end":{"line":169,"column":80}}]},"11":{"loc":{"start":{"line":188,"column":6},"end":{"line":188,"column":37}},"type":"if","locations":[{"start":{"line":188,"column":6},"end":{"line":188,"column":37}}]}},"s":{"0":2,"1":2,"2":2,"3":2,"4":2,"5":2,"6":2,"7":8,"8":8,"9":2,"10":2,"11":2,"12":2,"13":1,"14":1,"15":1,"16":0,"17":0,"18":8,"19":2,"20":2,"21":2,"22":2,"23":1,"24":1,"25":1,"26":0,"27":0,"28":8,"29":0,"30":0,"31":0,"32":0,"33":0,"34":0,"35":0,"36":0,"37":0,"38":0,"39":0,"40":0,"41":0,"42":0,"43":0,"44":0,"45":0,"46":8,"47":2,"48":2,"49":2,"50":2,"51":1,"52":1,"53":1,"54":0,"55":0,"56":8,"57":2,"58":2,"59":2,"60":2,"61":1,"62":1,"63":1,"64":0,"65":0,"66":8,"67":0,"68":0,"69":0,"70":0,"71":0,"72":0,"73":0,"74":0,"75":0,"76":0,"77":0,"78":0,"79":8,"80":2,"81":2},"f":{"0":8,"1":2,"2":2,"3":1,"4":2,"5":2,"6":1,"7":0,"8":0,"9":0,"10":0,"11":0,"12":2,"13":2,"14":2,"15":2,"16":0,"17":0},"b":{"0":[1],"1":[1],"2":[2,2],"3":[0],"4":[0,0],"5":[0,0],"6":[0,0],"7":[0,0],"8":[0],"9":[1],"10":[1],"11":[0]}}
,"/home/douglasribeiro/dev/back-end/src/service/user.service.ts": {"path":"/home/douglasribeiro/dev/back-end/src/service/user.service.ts","statementMap":{"0":{"start":{"line":1,"column":0},"end":{"line":1,"column":52}},"1":{"start":{"line":2,"column":0},"end":{"line":2,"column":38}},"2":{"start":{"line":3,"column":0},"end":{"line":3,"column":71}},"3":{"start":{"line":4,"column":0},"end":{"line":4,"column":56}},"4":{"start":{"line":5,"column":0},"end":{"line":5,"column":54}},"5":{"start":{"line":6,"column":0},"end":{"line":6,"column":87}},"6":{"start":{"line":7,"column":0},"end":{"line":7,"column":43}},"7":{"start":{"line":8,"column":0},"end":{"line":8,"column":28}},"8":{"start":{"line":9,"column":0},"end":{"line":9,"column":71}},"9":{"start":{"line":10,"column":0},"end":{"line":10,"column":71}},"10":{"start":{"line":11,"column":0},"end":{"line":11,"column":86}},"11":{"start":{"line":39,"column":7},"end":{"line":207,"column":null}},"12":{"start":{"line":41,"column":31},"end":{"line":41,"column":54}},"13":{"start":{"line":45,"column":2},"end":{"line":69,"column":4}},"14":{"start":{"line":45,"column":108},"end":{"line":69,"column":4}},"15":{"start":{"line":46,"column":4},"end":{"line":68,"column":5}},"16":{"start":{"line":47,"column":27},"end":{"line":49,"column":8}},"17":{"start":{"line":50,"column":6},"end":{"line":50,"column":76}},"18":{"start":{"line":50,"column":24},"end":{"line":50,"column":76}},"19":{"start":{"line":51,"column":29},"end":{"line":51,"column":59}},"20":{"start":{"line":52,"column":6},"end":{"line":64,"column":9}},"21":{"start":{"line":63,"column":8},"end":{"line":63,"column":108}},"22":{"start":{"line":66,"column":6},"end":{"line":66,"column":62}},"23":{"start":{"line":67,"column":6},"end":{"line":67,"column":30}},"24":{"start":{"line":71,"column":2},"end":{"line":95,"column":null}},"25":{"start":{"line":71,"column":108},"end":{"line":95,"column":null}},"26":{"start":{"line":72,"column":4},"end":{"line":94,"column":5}},"27":{"start":{"line":73,"column":27},"end":{"line":75,"column":8}},"28":{"start":{"line":76,"column":6},"end":{"line":76,"column":76}},"29":{"start":{"line":76,"column":24},"end":{"line":76,"column":76}},"30":{"start":{"line":77,"column":29},"end":{"line":77,"column":59}},"31":{"start":{"line":78,"column":6},"end":{"line":90,"column":9}},"32":{"start":{"line":89,"column":8},"end":{"line":89,"column":108}},"33":{"start":{"line":92,"column":6},"end":{"line":92,"column":62}},"34":{"start":{"line":93,"column":6},"end":{"line":93,"column":30}},"35":{"start":{"line":97,"column":2},"end":{"line":109,"column":null}},"36":{"start":{"line":97,"column":78},"end":{"line":109,"column":null}},"37":{"start":{"line":98,"column":4},"end":{"line":108,"column":5}},"38":{"start":{"line":99,"column":19},"end":{"line":99,"column":48}},"39":{"start":{"line":100,"column":20},"end":{"line":102,"column":8}},"40":{"start":{"line":103,"column":6},"end":{"line":103,"column":93}},"41":{"start":{"line":103,"column":40},"end":{"line":103,"column":93}},"42":{"start":{"line":104,"column":6},"end":{"line":104,"column":133}},"43":{"start":{"line":104,"column":44},"end":{"line":104,"column":129}},"44":{"start":{"line":106,"column":6},"end":{"line":106,"column":73}},"45":{"start":{"line":107,"column":6},"end":{"line":107,"column":30}},"46":{"start":{"line":111,"column":2},"end":{"line":150,"column":null}},"47":{"start":{"line":111,"column":75},"end":{"line":150,"column":null}},"48":{"start":{"line":112,"column":4},"end":{"line":149,"column":5}},"49":{"start":{"line":113,"column":24},"end":{"line":129,"column":8}},"50":{"start":{"line":130,"column":6},"end":{"line":130,"column":71}},"51":{"start":{"line":130,"column":22},"end":{"line":130,"column":71}},"52":{"start":{"line":131,"column":6},"end":{"line":145,"column":8}},"53":{"start":{"line":138,"column":48},"end":{"line":143,"column":12}},"54":{"start":{"line":147,"column":6},"end":{"line":147,"column":75}},"55":{"start":{"line":148,"column":6},"end":{"line":148,"column":30}},"56":{"start":{"line":152,"column":2},"end":{"line":195,"column":null}},"57":{"start":{"line":152,"column":75},"end":{"line":195,"column":null}},"58":{"start":{"line":153,"column":4},"end":{"line":194,"column":5}},"59":{"start":{"line":154,"column":24},"end":{"line":174,"column":8}},"60":{"start":{"line":175,"column":6},"end":{"line":175,"column":71}},"61":{"start":{"line":175,"column":22},"end":{"line":175,"column":71}},"62":{"start":{"line":176,"column":6},"end":{"line":190,"column":8}},"63":{"start":{"line":183,"column":48},"end":{"line":188,"column":12}},"64":{"start":{"line":192,"column":6},"end":{"line":192,"column":75}},"65":{"start":{"line":193,"column":6},"end":{"line":193,"column":30}},"66":{"start":{"line":42,"column":4},"end":{"line":42,"column":57}},"67":{"start":{"line":198,"column":4},"end":{"line":205,"column":5}},"68":{"start":{"line":200,"column":8},"end":{"line":200,"column":30}},"69":{"start":{"line":202,"column":8},"end":{"line":202,"column":30}},"70":{"start":{"line":204,"column":8},"end":{"line":204,"column":50}},"71":{"start":{"line":39,"column":13},"end":{"line":39,"column":24}},"72":{"start":{"line":39,"column":13},"end":{"line":207,"column":null}}},"fnMap":{"0":{"name":"(anonymous_10)","decl":{"start":{"line":41,"column":2},"end":{"line":41,"column":31}},"loc":{"start":{"line":41,"column":75},"end":{"line":43,"column":3}}},"1":{"name":"(anonymous_11)","decl":{"start":{"line":45,"column":20},"end":{"line":45,"column":27}},"loc":{"start":{"line":45,"column":108},"end":{"line":69,"column":4}}},"2":{"name":"(anonymous_12)","decl":{"start":{"line":45,"column":108},"end":{"line":45,"column":null}},"loc":{"start":{"line":45,"column":108},"end":{"line":69,"column":3}}},"3":{"name":"(anonymous_13)","decl":{"start":{"line":62,"column":14},"end":{"line":62,"column":15}},"loc":{"start":{"line":62,"column":23},"end":{"line":64,"column":7}}},"4":{"name":"(anonymous_14)","decl":{"start":{"line":71,"column":20},"end":{"line":71,"column":27}},"loc":{"start":{"line":71,"column":108},"end":{"line":95,"column":null}}},"5":{"name":"(anonymous_15)","decl":{"start":{"line":71,"column":108},"end":{"line":71,"column":null}},"loc":{"start":{"line":71,"column":108},"end":{"line":95,"column":3}}},"6":{"name":"(anonymous_16)","decl":{"start":{"line":88,"column":14},"end":{"line":88,"column":15}},"loc":{"start":{"line":88,"column":23},"end":{"line":90,"column":7}}},"7":{"name":"(anonymous_17)","decl":{"start":{"line":97,"column":19},"end":{"line":97,"column":26}},"loc":{"start":{"line":97,"column":78},"end":{"line":109,"column":null}}},"8":{"name":"(anonymous_18)","decl":{"start":{"line":97,"column":78},"end":{"line":97,"column":null}},"loc":{"start":{"line":97,"column":78},"end":{"line":109,"column":3}}},"9":{"name":"(anonymous_19)","decl":{"start":{"line":104,"column":32},"end":{"line":104,"column":33}},"loc":{"start":{"line":104,"column":41},"end":{"line":104,"column":130}}},"10":{"name":"(anonymous_20)","decl":{"start":{"line":111,"column":21},"end":{"line":111,"column":28}},"loc":{"start":{"line":111,"column":75},"end":{"line":150,"column":null}}},"11":{"name":"(anonymous_21)","decl":{"start":{"line":111,"column":75},"end":{"line":111,"column":null}},"loc":{"start":{"line":111,"column":75},"end":{"line":150,"column":3}}},"12":{"name":"(anonymous_22)","decl":{"start":{"line":138,"column":34},"end":{"line":138,"column":35}},"loc":{"start":{"line":138,"column":48},"end":{"line":143,"column":12}}},"13":{"name":"(anonymous_23)","decl":{"start":{"line":152,"column":21},"end":{"line":152,"column":28}},"loc":{"start":{"line":152,"column":75},"end":{"line":195,"column":null}}},"14":{"name":"(anonymous_24)","decl":{"start":{"line":152,"column":75},"end":{"line":152,"column":null}},"loc":{"start":{"line":152,"column":75},"end":{"line":195,"column":3}}},"15":{"name":"(anonymous_25)","decl":{"start":{"line":183,"column":34},"end":{"line":183,"column":35}},"loc":{"start":{"line":183,"column":48},"end":{"line":188,"column":12}}},"16":{"name":"(anonymous_26)","decl":{"start":{"line":197,"column":11},"end":{"line":197,"column":24}},"loc":{"start":{"line":197,"column":37},"end":{"line":206,"column":3}}}},"branchMap":{"0":{"loc":{"start":{"line":50,"column":6},"end":{"line":50,"column":76}},"type":"if","locations":[{"start":{"line":50,"column":6},"end":{"line":50,"column":76}}]},"1":{"loc":{"start":{"line":76,"column":6},"end":{"line":76,"column":76}},"type":"if","locations":[{"start":{"line":76,"column":6},"end":{"line":76,"column":76}}]},"2":{"loc":{"start":{"line":103,"column":6},"end":{"line":103,"column":93}},"type":"if","locations":[{"start":{"line":103,"column":6},"end":{"line":103,"column":93}}]},"3":{"loc":{"start":{"line":103,"column":10},"end":{"line":103,"column":38}},"type":"binary-expr","locations":[{"start":{"line":103,"column":10},"end":{"line":103,"column":16}},{"start":{"line":103,"column":20},"end":{"line":103,"column":38}}]},"4":{"loc":{"start":{"line":130,"column":6},"end":{"line":130,"column":71}},"type":"if","locations":[{"start":{"line":130,"column":6},"end":{"line":130,"column":71}}]},"5":{"loc":{"start":{"line":138,"column":10},"end":{"line":143,"column":19}},"type":"cond-expr","locations":[{"start":{"line":143,"column":13},"end":{"line":143,"column":17}},{"start":{"line":143,"column":17},"end":{"line":143,"column":19}}]},"6":{"loc":{"start":{"line":138,"column":10},"end":{"line":143,"column":17}},"type":"binary-expr","locations":[{"start":{"line":138,"column":10},"end":{"line":143,"column":17}},{"start":{"line":143,"column":13},"end":{"line":143,"column":17}}]},"7":{"loc":{"start":{"line":138,"column":10},"end":{"line":143,"column":13}},"type":"cond-expr","locations":[{"start":{"line":138,"column":28},"end":{"line":138,"column":30}},{"start":{"line":138,"column":28},"end":{"line":143,"column":13}}]},"8":{"loc":{"start":{"line":138,"column":10},"end":{"line":138,"column":30}},"type":"binary-expr","locations":[{"start":{"line":138,"column":10},"end":{"line":138,"column":30}},{"start":{"line":138,"column":28},"end":{"line":138,"column":30}}]},"9":{"loc":{"start":{"line":175,"column":6},"end":{"line":175,"column":71}},"type":"if","locations":[{"start":{"line":175,"column":6},"end":{"line":175,"column":71}}]},"10":{"loc":{"start":{"line":183,"column":10},"end":{"line":188,"column":19}},"type":"cond-expr","locations":[{"start":{"line":188,"column":13},"end":{"line":188,"column":17}},{"start":{"line":188,"column":17},"end":{"line":188,"column":19}}]},"11":{"loc":{"start":{"line":183,"column":10},"end":{"line":188,"column":17}},"type":"binary-expr","locations":[{"start":{"line":183,"column":10},"end":{"line":188,"column":17}},{"start":{"line":188,"column":13},"end":{"line":188,"column":17}}]},"12":{"loc":{"start":{"line":183,"column":10},"end":{"line":188,"column":13}},"type":"cond-expr","locations":[{"start":{"line":183,"column":28},"end":{"line":183,"column":30}},{"start":{"line":183,"column":28},"end":{"line":188,"column":13}}]},"13":{"loc":{"start":{"line":183,"column":10},"end":{"line":183,"column":30}},"type":"binary-expr","locations":[{"start":{"line":183,"column":10},"end":{"line":183,"column":30}},{"start":{"line":183,"column":28},"end":{"line":183,"column":30}}]},"14":{"loc":{"start":{"line":198,"column":4},"end":{"line":205,"column":5}},"type":"switch","locations":[{"start":{"line":199,"column":6},"end":{"line":200,"column":30}},{"start":{"line":201,"column":6},"end":{"line":202,"column":30}},{"start":{"line":203,"column":6},"end":{"line":204,"column":50}}]}},"s":{"0":2,"1":2,"2":2,"3":2,"4":2,"5":2,"6":2,"7":2,"8":2,"9":2,"10":2,"11":2,"12":10,"13":10,"14":2,"15":2,"16":2,"17":2,"18":1,"19":1,"20":1,"21":1,"22":0,"23":0,"24":10,"25":2,"26":2,"27":2,"28":2,"29":1,"30":1,"31":1,"32":1,"33":0,"34":0,"35":10,"36":2,"37":2,"38":2,"39":2,"40":2,"41":1,"42":1,"43":2,"44":0,"45":0,"46":10,"47":2,"48":2,"49":2,"50":2,"51":1,"52":1,"53":2,"54":0,"55":0,"56":10,"57":2,"58":2,"59":2,"60":2,"61":1,"62":1,"63":2,"64":0,"65":0,"66":10,"67":2,"68":1,"69":1,"70":0,"71":2,"72":2},"f":{"0":10,"1":2,"2":2,"3":1,"4":2,"5":2,"6":1,"7":2,"8":2,"9":2,"10":2,"11":2,"12":2,"13":2,"14":2,"15":2,"16":2},"b":{"0":[1],"1":[1],"2":[1],"3":[2,2],"4":[1],"5":[1,0],"6":[1,1],"7":[0,1],"8":[1,1],"9":[1],"10":[1,0],"11":[1,1],"12":[0,1],"13":[1,1],"14":[1,1,0]}}
,"/home/douglasribeiro/dev/back-end/src/service/workload.service.ts": {"path":"/home/douglasribeiro/dev/back-end/src/service/workload.service.ts","statementMap":{"0":{"start":{"line":1,"column":0},"end":{"line":1,"column":87}},"1":{"start":{"line":3,"column":0},"end":{"line":3,"column":38}},"2":{"start":{"line":4,"column":0},"end":{"line":4,"column":67}},"3":{"start":{"line":5,"column":0},"end":{"line":5,"column":67}},"4":{"start":{"line":6,"column":0},"end":{"line":6,"column":75}},"5":{"start":{"line":7,"column":0},"end":{"line":7,"column":56}},"6":{"start":{"line":8,"column":0},"end":{"line":8,"column":86}},"7":{"start":{"line":9,"column":0},"end":{"line":9,"column":75}},"8":{"start":{"line":11,"column":19},"end":{"line":11,"column":68}},"9":{"start":{"line":13,"column":15},"end":{"line":114,"column":null}},"10":{"start":{"line":16,"column":31},"end":{"line":16,"column":54}},"11":{"start":{"line":20,"column":2},"end":{"line":71,"column":null}},"12":{"start":{"line":25,"column":20},"end":{"line":71,"column":null}},"13":{"start":{"line":26,"column":4},"end":{"line":70,"column":5}},"14":{"start":{"line":27,"column":22},"end":{"line":29,"column":8}},"15":{"start":{"line":30,"column":6},"end":{"line":30,"column":70}},"16":{"start":{"line":30,"column":20},"end":{"line":30,"column":70}},"17":{"start":{"line":31,"column":22},"end":{"line":33,"column":8}},"18":{"start":{"line":34,"column":6},"end":{"line":34,"column":74}},"19":{"start":{"line":34,"column":20},"end":{"line":34,"column":74}},"20":{"start":{"line":35,"column":29},"end":{"line":35,"column":62}},"21":{"start":{"line":36,"column":30},"end":{"line":38,"column":null}},"22":{"start":{"line":40,"column":6},"end":{"line":40,"column":61}},"23":{"start":{"line":40,"column":27},"end":{"line":40,"column":61}},"24":{"start":{"line":41,"column":41},"end":{"line":43,"column":null}},"25":{"start":{"line":45,"column":6},"end":{"line":45,"column":83}},"26":{"start":{"line":45,"column":38},"end":{"line":45,"column":83}},"27":{"start":{"line":46,"column":22},"end":{"line":65,"column":8}},"28":{"start":{"line":66,"column":6},"end":{"line":66,"column":34}},"29":{"start":{"line":68,"column":6},"end":{"line":68,"column":67}},"30":{"start":{"line":69,"column":6},"end":{"line":69,"column":30}},"31":{"start":{"line":73,"column":10},"end":{"line":98,"column":null}},"32":{"start":{"line":76,"column":29},"end":{"line":98,"column":null}},"33":{"start":{"line":77,"column":21},"end":{"line":82,"column":6}},"34":{"start":{"line":83,"column":4},"end":{"line":83,"column":null}},"35":{"start":{"line":83,"column":26},"end":{"line":83,"column":null}},"36":{"start":{"line":84,"column":37},"end":{"line":84,"column":77}},"37":{"start":{"line":85,"column":33},"end":{"line":85,"column":71}},"38":{"start":{"line":86,"column":22},"end":{"line":86,"column":66}},"39":{"start":{"line":87,"column":20},"end":{"line":87,"column":60}},"40":{"start":{"line":88,"column":31},"end":{"line":88,"column":91}},"41":{"start":{"line":89,"column":25},"end":{"line":89,"column":61}},"42":{"start":{"line":90,"column":30},"end":{"line":94,"column":null}},"43":{"start":{"line":96,"column":4},"end":{"line":96,"column":null}},"44":{"start":{"line":96,"column":42},"end":{"line":96,"column":null}},"45":{"start":{"line":97,"column":4},"end":{"line":97,"column":63}},"46":{"start":{"line":17,"column":6},"end":{"line":17,"column":59}},"47":{"start":{"line":104,"column":21},"end":{"line":106,"column":41}},"48":{"start":{"line":106,"column":16},"end":{"line":106,"column":40}},"49":{"start":{"line":107,"column":21},"end":{"line":107,"column":44}},"50":{"start":{"line":108,"column":4},"end":{"line":108,"column":131}},"51":{"start":{"line":109,"column":31},"end":{"line":109,"column":51}},"52":{"start":{"line":110,"column":4},"end":{"line":110,"column":112}},"53":{"start":{"line":110,"column":48},"end":{"line":110,"column":112}},"54":{"start":{"line":111,"column":4},"end":{"line":111,"column":16}},"55":{"start":{"line":13,"column":21},"end":{"line":114,"column":null}},"56":{"start":{"line":13,"column":21},"end":{"line":13,"column":null}}},"fnMap":{"0":{"name":"(anonymous_10)","decl":{"start":{"line":16,"column":2},"end":{"line":16,"column":31}},"loc":{"start":{"line":16,"column":75},"end":{"line":18,"column":3}}},"1":{"name":"(anonymous_11)","decl":{"start":{"line":20,"column":18},"end":{"line":20,"column":null}},"loc":{"start":{"line":25,"column":20},"end":{"line":71,"column":null}}},"2":{"name":"(anonymous_12)","decl":{"start":{"line":25,"column":20},"end":{"line":25,"column":null}},"loc":{"start":{"line":25,"column":20},"end":{"line":71,"column":3}}},"3":{"name":"(anonymous_13)","decl":{"start":{"line":73,"column":31},"end":{"line":73,"column":null}},"loc":{"start":{"line":76,"column":29},"end":{"line":98,"column":null}}},"4":{"name":"(anonymous_14)","decl":{"start":{"line":76,"column":29},"end":{"line":76,"column":null}},"loc":{"start":{"line":76,"column":29},"end":{"line":98,"column":3}}},"5":{"name":"(anonymous_15)","decl":{"start":{"line":100,"column":10},"end":{"line":100,"column":42}},"loc":{"start":{"line":102,"column":24},"end":{"line":112,"column":3}}},"6":{"name":"(anonymous_16)","decl":{"start":{"line":106,"column":9},"end":{"line":106,"column":12}},"loc":{"start":{"line":106,"column":16},"end":{"line":106,"column":40}}}},"branchMap":{"0":{"loc":{"start":{"line":30,"column":6},"end":{"line":30,"column":70}},"type":"if","locations":[{"start":{"line":30,"column":6},"end":{"line":30,"column":70}}]},"1":{"loc":{"start":{"line":34,"column":6},"end":{"line":34,"column":74}},"type":"if","locations":[{"start":{"line":34,"column":6},"end":{"line":34,"column":74}}]},"2":{"loc":{"start":{"line":40,"column":6},"end":{"line":40,"column":61}},"type":"if","locations":[{"start":{"line":40,"column":6},"end":{"line":40,"column":61}}]},"3":{"loc":{"start":{"line":45,"column":6},"end":{"line":45,"column":83}},"type":"if","locations":[{"start":{"line":45,"column":6},"end":{"line":45,"column":83}}]},"4":{"loc":{"start":{"line":83,"column":4},"end":{"line":83,"column":null}},"type":"if","locations":[{"start":{"line":83,"column":4},"end":{"line":83,"column":null}}]},"5":{"loc":{"start":{"line":96,"column":4},"end":{"line":96,"column":null}},"type":"if","locations":[{"start":{"line":96,"column":4},"end":{"line":96,"column":null}}]},"6":{"loc":{"start":{"line":110,"column":4},"end":{"line":110,"column":112}},"type":"if","locations":[{"start":{"line":110,"column":4},"end":{"line":110,"column":112}}]}},"s":{"0":1,"1":1,"2":1,"3":1,"4":1,"5":1,"6":1,"7":1,"8":1,"9":1,"10":3,"11":3,"12":3,"13":3,"14":3,"15":3,"16":1,"17":2,"18":2,"19":1,"20":1,"21":1,"22":1,"23":0,"24":1,"25":1,"26":0,"27":1,"28":1,"29":0,"30":0,"31":3,"32":1,"33":1,"34":1,"35":1,"36":0,"37":0,"38":0,"39":0,"40":0,"41":0,"42":0,"43":0,"44":0,"45":0,"46":3,"47":1,"48":2,"49":1,"50":1,"51":1,"52":1,"53":0,"54":1,"55":1,"56":1},"f":{"0":3,"1":3,"2":3,"3":1,"4":1,"5":1,"6":2},"b":{"0":[1],"1":[1],"2":[0],"3":[0],"4":[1],"5":[0],"6":[0]}}
,"/home/douglasribeiro/dev/back-end/src/service/dto/authenticated-user.dto.ts": {"path":"/home/douglasribeiro/dev/back-end/src/service/dto/authenticated-user.dto.ts","statementMap":{"0":{"start":{"line":8,"column":4},"end":{"line":8,"column":17}},"1":{"start":{"line":9,"column":4},"end":{"line":9,"column":23}},"2":{"start":{"line":10,"column":4},"end":{"line":10,"column":21}},"3":{"start":{"line":11,"column":4},"end":{"line":11,"column":21}},"4":{"start":{"line":1,"column":0},"end":{"line":1,"column":13}}},"fnMap":{"0":{"name":"(anonymous_0)","decl":{"start":{"line":7,"column":2},"end":{"line":7,"column":14}},"loc":{"start":{"line":7,"column":67},"end":{"line":12,"column":3}}}},"branchMap":{},"s":{"0":1,"1":1,"2":1,"3":1,"4":2},"f":{"0":1},"b":{}}
,"/home/douglasribeiro/dev/back-end/src/service/dto/created-subject.dto.ts": {"path":"/home/douglasribeiro/dev/back-end/src/service/dto/created-subject.dto.ts","statementMap":{"0":{"start":{"line":8,"column":4},"end":{"line":8,"column":17}},"1":{"start":{"line":9,"column":4},"end":{"line":9,"column":21}},"2":{"start":{"line":10,"column":4},"end":{"line":10,"column":35}},"3":{"start":{"line":11,"column":4},"end":{"line":11,"column":35}},"4":{"start":{"line":1,"column":0},"end":{"line":1,"column":13}}},"fnMap":{"0":{"name":"(anonymous_0)","decl":{"start":{"line":7,"column":2},"end":{"line":7,"column":14}},"loc":{"start":{"line":7,"column":81},"end":{"line":12,"column":3}}}},"branchMap":{},"s":{"0":2,"1":2,"2":2,"3":2,"4":2},"f":{"0":2},"b":{}}
,"/home/douglasribeiro/dev/back-end/src/service/dto/created-user.dto.ts": {"path":"/home/douglasribeiro/dev/back-end/src/service/dto/created-user.dto.ts","statementMap":{"0":{"start":{"line":10,"column":4},"end":{"line":10,"column":17}},"1":{"start":{"line":11,"column":4},"end":{"line":11,"column":21}},"2":{"start":{"line":12,"column":4},"end":{"line":12,"column":23}},"3":{"start":{"line":13,"column":4},"end":{"line":13,"column":21}},"4":{"start":{"line":14,"column":4},"end":{"line":14,"column":31}},"5":{"start":{"line":2,"column":0},"end":{"line":2,"column":13}}},"fnMap":{"0":{"name":"(anonymous_0)","decl":{"start":{"line":9,"column":2},"end":{"line":9,"column":14}},"loc":{"start":{"line":9,"column":85},"end":{"line":15,"column":3}}}},"branchMap":{},"s":{"0":8,"1":8,"2":8,"3":8,"4":8,"5":2},"f":{"0":8},"b":{}}
,"/home/douglasribeiro/dev/back-end/src/service/dto/subject-output.dto.ts": {"path":"/home/douglasribeiro/dev/back-end/src/service/dto/subject-output.dto.ts","statementMap":{"0":{"start":{"line":1,"column":0},"end":{"line":1,"column":86}},"1":{"start":{"line":17,"column":4},"end":{"line":17,"column":17}},"2":{"start":{"line":18,"column":4},"end":{"line":18,"column":21}},"3":{"start":{"line":19,"column":4},"end":{"line":19,"column":35}},"4":{"start":{"line":20,"column":4},"end":{"line":20,"column":29}},"5":{"start":{"line":21,"column":4},"end":{"line":21,"column":31}},"6":{"start":{"line":22,"column":4},"end":{"line":22,"column":27}},"7":{"start":{"line":23,"column":4},"end":{"line":23,"column":39}},"8":{"start":{"line":24,"column":4},"end":{"line":29,"column":6}},"9":{"start":{"line":30,"column":4},"end":{"line":30,"column":31}},"10":{"start":{"line":31,"column":4},"end":{"line":31,"column":33}},"11":{"start":{"line":32,"column":4},"end":{"line":32,"column":35}},"12":{"start":{"line":3,"column":0},"end":{"line":3,"column":13}}},"fnMap":{"0":{"name":"(anonymous_0)","decl":{"start":{"line":16,"column":2},"end":{"line":16,"column":14}},"loc":{"start":{"line":16,"column":287},"end":{"line":33,"column":3}}}},"branchMap":{"0":{"loc":{"start":{"line":16,"column":233},"end":{"line":16,"column":287}},"type":"default-arg","locations":[{"start":{"line":16,"column":285},"end":{"line":16,"column":287}}]}},"s":{"0":2,"1":1,"2":1,"3":1,"4":1,"5":1,"6":1,"7":1,"8":1,"9":1,"10":1,"11":1,"12":2},"f":{"0":1},"b":{"0":[1]}}
,"/home/douglasribeiro/dev/back-end/src/service/dto/user-output.dto.ts": {"path":"/home/douglasribeiro/dev/back-end/src/service/dto/user-output.dto.ts","statementMap":{"0":{"start":{"line":17,"column":4},"end":{"line":17,"column":17}},"1":{"start":{"line":18,"column":4},"end":{"line":18,"column":21}},"2":{"start":{"line":19,"column":4},"end":{"line":19,"column":23}},"3":{"start":{"line":20,"column":4},"end":{"line":20,"column":21}},"4":{"start":{"line":21,"column":4},"end":{"line":21,"column":31}},"5":{"start":{"line":22,"column":4},"end":{"line":22,"column":29}},"6":{"start":{"line":1,"column":0},"end":{"line":1,"column":13}}},"fnMap":{"0":{"name":"(anonymous_0)","decl":{"start":{"line":9,"column":2},"end":{"line":9,"column":null}},"loc":{"start":{"line":15,"column":44},"end":{"line":23,"column":3}}}},"branchMap":{},"s":{"0":4,"1":4,"2":4,"3":4,"4":4,"5":4,"6":2},"f":{"0":4},"b":{}}
,"/home/douglasribeiro/dev/back-end/src/service/error/bad-credentials.error.ts": {"path":"/home/douglasribeiro/dev/back-end/src/service/error/bad-credentials.error.ts","statementMap":{"0":{"start":{"line":3,"column":4},"end":{"line":3,"column":68}},"1":{"start":{"line":1,"column":0},"end":{"line":1,"column":21}}},"fnMap":{"0":{"name":"(anonymous_0)","decl":{"start":{"line":2,"column":2},"end":{"line":2,"column":null}},"loc":{"start":{"line":2,"column":2},"end":{"line":4,"column":3}}}},"branchMap":{},"s":{"0":2,"1":2},"f":{"0":2},"b":{}}
,"/home/douglasribeiro/dev/back-end/src/service/error/professor-not-found.error.ts": {"path":"/home/douglasribeiro/dev/back-end/src/service/error/professor-not-found.error.ts","statementMap":{"0":{"start":{"line":3,"column":4},"end":{"line":3,"column":79}},"1":{"start":{"line":1,"column":0},"end":{"line":1,"column":21}}},"fnMap":{"0":{"name":"(anonymous_0)","decl":{"start":{"line":2,"column":2},"end":{"line":2,"column":14}},"loc":{"start":{"line":2,"column":24},"end":{"line":4,"column":3}}}},"branchMap":{},"s":{"0":1,"1":2},"f":{"0":1},"b":{}}
,"/home/douglasribeiro/dev/back-end/src/service/error/reached-maximum-hours.error.ts": {"path":"/home/douglasribeiro/dev/back-end/src/service/error/reached-maximum-hours.error.ts","statementMap":{"0":{"start":{"line":3,"column":4},"end":{"line":3,"column":131}},"1":{"start":{"line":1,"column":0},"end":{"line":1,"column":21}}},"fnMap":{"0":{"name":"(anonymous_0)","decl":{"start":{"line":2,"column":2},"end":{"line":2,"column":14}},"loc":{"start":{"line":2,"column":50},"end":{"line":4,"column":3}}}},"branchMap":{},"s":{"0":0,"1":1},"f":{"0":0},"b":{}}
,"/home/douglasribeiro/dev/back-end/src/service/error/student-not-found.error.ts": {"path":"/home/douglasribeiro/dev/back-end/src/service/error/student-not-found.error.ts","statementMap":{"0":{"start":{"line":3,"column":4},"end":{"line":3,"column":81}},"1":{"start":{"line":1,"column":0},"end":{"line":1,"column":21}}},"fnMap":{"0":{"name":"(anonymous_0)","decl":{"start":{"line":2,"column":2},"end":{"line":2,"column":14}},"loc":{"start":{"line":2,"column":27},"end":{"line":4,"column":3}}}},"branchMap":{},"s":{"0":1,"1":1},"f":{"0":1},"b":{}}
,"/home/douglasribeiro/dev/back-end/src/service/error/subject-already-exists.error.ts": {"path":"/home/douglasribeiro/dev/back-end/src/service/error/subject-already-exists.error.ts","statementMap":{"0":{"start":{"line":3,"column":4},"end":{"line":3,"column":91}},"1":{"start":{"line":1,"column":0},"end":{"line":1,"column":21}}},"fnMap":{"0":{"name":"(anonymous_0)","decl":{"start":{"line":2,"column":2},"end":{"line":2,"column":14}},"loc":{"start":{"line":2,"column":26},"end":{"line":4,"column":3}}}},"branchMap":{},"s":{"0":1,"1":2},"f":{"0":1},"b":{}}
,"/home/douglasribeiro/dev/back-end/src/service/error/subject-not-found.error.ts": {"path":"/home/douglasribeiro/dev/back-end/src/service/error/subject-not-found.error.ts","statementMap":{"0":{"start":{"line":3,"column":4},"end":{"line":3,"column":67}},"1":{"start":{"line":1,"column":0},"end":{"line":1,"column":21}}},"fnMap":{"0":{"name":"(anonymous_0)","decl":{"start":{"line":2,"column":2},"end":{"line":2,"column":14}},"loc":{"start":{"line":2,"column":24},"end":{"line":4,"column":3}}}},"branchMap":{},"s":{"0":3,"1":3},"f":{"0":3},"b":{}}
,"/home/douglasribeiro/dev/back-end/src/service/error/subject-not-scheduled.error.ts": {"path":"/home/douglasribeiro/dev/back-end/src/service/error/subject-not-scheduled.error.ts","statementMap":{"0":{"start":{"line":3,"column":4},"end":{"line":5,"column":6}},"1":{"start":{"line":1,"column":0},"end":{"line":1,"column":21}}},"fnMap":{"0":{"name":"(anonymous_0)","decl":{"start":{"line":2,"column":2},"end":{"line":2,"column":14}},"loc":{"start":{"line":2,"column":49},"end":{"line":6,"column":3}}}},"branchMap":{},"s":{"0":0,"1":1},"f":{"0":0},"b":{}}
,"/home/douglasribeiro/dev/back-end/src/service/error/user-already-exists.error.ts": {"path":"/home/douglasribeiro/dev/back-end/src/service/error/user-already-exists.error.ts","statementMap":{"0":{"start":{"line":3,"column":4},"end":{"line":3,"column":87}},"1":{"start":{"line":1,"column":0},"end":{"line":1,"column":21}}},"fnMap":{"0":{"name":"(anonymous_0)","decl":{"start":{"line":2,"column":2},"end":{"line":2,"column":14}},"loc":{"start":{"line":2,"column":27},"end":{"line":4,"column":3}}}},"branchMap":{},"s":{"0":2,"1":2},"f":{"0":2},"b":{}}
,"/home/douglasribeiro/dev/back-end/src/service/error/volunteer-not-found.error.ts": {"path":"/home/douglasribeiro/dev/back-end/src/service/error/volunteer-not-found.error.ts","statementMap":{"0":{"start":{"line":3,"column":4},"end":{"line":3,"column":79}},"1":{"start":{"line":1,"column":0},"end":{"line":1,"column":21}}},"fnMap":{"0":{"name":"(anonymous_0)","decl":{"start":{"line":2,"column":2},"end":{"line":2,"column":14}},"loc":{"start":{"line":2,"column":24},"end":{"line":4,"column":3}}}},"branchMap":{},"s":{"0":1,"1":2},"f":{"0":1},"b":{}}
,"/home/douglasribeiro/dev/back-end/src/util/calculate-subject-total-hours.util.ts": {"path":"/home/douglasribeiro/dev/back-end/src/util/calculate-subject-total-hours.util.ts","statementMap":{"0":{"start":{"line":1,"column":42},"end":{"line":25,"column":1}},"1":{"start":{"line":8,"column":35},"end":{"line":8,"column":67}},"2":{"start":{"line":9,"column":31},"end":{"line":9,"column":61}},"3":{"start":{"line":12,"column":16},"end":{"line":12,"column":60}},"4":{"start":{"line":13,"column":14},"end":{"line":13,"column":54}},"5":{"start":{"line":16,"column":17},"end":{"line":16,"column":48}},"6":{"start":{"line":19,"column":20},"end":{"line":19,"column":45}},"7":{"start":{"line":22,"column":21},"end":{"line":22,"column":85}},"8":{"start":{"line":24,"column":2},"end":{"line":24,"column":20}},"9":{"start":{"line":1,"column":13},"end":{"line":1,"column":42}}},"fnMap":{"0":{"name":"(anonymous_0)","decl":{"start":{"line":1,"column":42},"end":{"line":1,"column":null}},"loc":{"start":{"line":6,"column":12},"end":{"line":25,"column":1}}}},"branchMap":{},"s":{"0":4,"1":1,"2":1,"3":1,"4":1,"5":1,"6":1,"7":1,"8":1,"9":4},"f":{"0":1},"b":{}}
,"/home/douglasribeiro/dev/back-end/src/util/logger.util.ts": {"path":"/home/douglasribeiro/dev/back-end/src/util/logger.util.ts","statementMap":{"0":{"start":{"line":1,"column":0},"end":{"line":1,"column":28}},"1":{"start":{"line":3,"column":23},"end":{"line":3,"column":75}},"2":{"start":{"line":5,"column":24},"end":{"line":12,"column":1}},"3":{"start":{"line":6,"column":2},"end":{"line":6,"column":18}},"4":{"start":{"line":7,"column":23},"end":{"line":7,"column":58}},"5":{"start":{"line":8,"column":2},"end":{"line":10,"column":3}},"6":{"start":{"line":9,"column":4},"end":{"line":9,"column":64}},"7":{"start":{"line":11,"column":2},"end":{"line":11,"column":22}},"8":{"start":{"line":14,"column":13},"end":{"line":16,"column":3}}},"fnMap":{"0":{"name":"(anonymous_1)","decl":{"start":{"line":5,"column":24},"end":{"line":5,"column":27}},"loc":{"start":{"line":5,"column":29},"end":{"line":12,"column":1}}}},"branchMap":{"0":{"loc":{"start":{"line":8,"column":2},"end":{"line":10,"column":3}},"type":"if","locations":[{"start":{"line":8,"column":2},"end":{"line":10,"column":3}}]}},"s":{"0":7,"1":7,"2":7,"3":7,"4":7,"5":7,"6":0,"7":7,"8":7},"f":{"0":7},"b":{"0":[0]}}
}
