{"E:\\Faculdade\\Oficina 2\\back-end\\src\\main.ts": {"path":"E:\\Faculdade\\Oficina 2\\back-end\\src\\main.ts","statementMap":{"0":{"start":{"line":1,"column":0},"end":{"line":1,"column":26}},"1":{"start":{"line":2,"column":0},"end":{"line":2,"column":80}},"2":{"start":{"line":3,"column":0},"end":{"line":3,"column":72}},"3":{"start":{"line":4,"column":0},"end":{"line":4,"column":68}},"4":{"start":{"line":5,"column":0},"end":{"line":5,"column":51}},"5":{"start":{"line":6,"column":0},"end":{"line":6,"column":43}},"6":{"start":{"line":7,"column":0},"end":{"line":7,"column":37}},"7":{"start":{"line":8,"column":0},"end":{"line":8,"column":87}},"8":{"start":{"line":9,"column":0},"end":{"line":9,"column":72}},"9":{"start":{"line":12,"column":20},"end":{"line":22,"column":null}},"10":{"start":{"line":12,"column":31},"end":{"line":22,"column":null}},"11":{"start":{"line":13,"column":35},"end":{"line":13,"column":78}},"12":{"start":{"line":14,"column":29},"end":{"line":14,"column":92}},"13":{"start":{"line":15,"column":2},"end":{"line":15,"column":43}},"14":{"start":{"line":16,"column":2},"end":{"line":16,"column":40}},"15":{"start":{"line":17,"column":2},"end":{"line":17,"column":50}},"16":{"start":{"line":18,"column":15},"end":{"line":18,"column":73}},"17":{"start":{"line":19,"column":2},"end":{"line":21,"column":5}},"18":{"start":{"line":20,"column":4},"end":{"line":20,"column":55}},"19":{"start":{"line":12,"column":13},"end":{"line":12,"column":20}}},"fnMap":{"0":{"name":"(anonymous_8)","decl":{"start":{"line":12,"column":20},"end":{"line":12,"column":29}},"loc":{"start":{"line":12,"column":31},"end":{"line":22,"column":null}}},"1":{"name":"(anonymous_9)","decl":{"start":{"line":12,"column":31},"end":{"line":12,"column":null}},"loc":{"start":{"line":12,"column":31},"end":{"line":22,"column":1}}},"2":{"name":"(anonymous_10)","decl":{"start":{"line":19,"column":34},"end":{"line":19,"column":37}},"loc":{"start":{"line":19,"column":39},"end":{"line":21,"column":3}}}},"branchMap":{},"s":{"0":1,"1":1,"2":1,"3":1,"4":1,"5":1,"6":1,"7":1,"8":1,"9":1,"10":1,"11":1,"12":1,"13":1,"14":1,"15":1,"16":1,"17":1,"18":0,"19":1},"f":{"0":1,"1":1,"2":0},"b":{}}
,"E:\\Faculdade\\Oficina 2\\back-end\\src\\common\\constant.common.ts": {"path":"E:\\Faculdade\\Oficina 2\\back-end\\src\\common\\constant.common.ts","statementMap":{"0":{"start":{"line":1,"column":0},"end":{"line":1,"column":null}},"1":{"start":{"line":2,"column":2},"end":{"line":2,"column":null}},"2":{"start":{"line":3,"column":2},"end":{"line":3,"column":null}},"3":{"start":{"line":4,"column":2},"end":{"line":4,"column":null}},"4":{"start":{"line":5,"column":2},"end":{"line":5,"column":null}},"5":{"start":{"line":6,"column":2},"end":{"line":6,"column":null}},"6":{"start":{"line":7,"column":2},"end":{"line":7,"column":null}}},"fnMap":{"0":{"name":"(anonymous_0)","decl":{"start":{"line":1,"column":0},"end":{"line":1,"column":12}},"loc":{"start":{"line":1,"column":20},"end":{"line":8,"column":1}}}},"branchMap":{"0":{"loc":{"start":{"line":1,"column":12},"end":{"line":1,"column":null}},"type":"binary-expr","locations":[{"start":{"line":1,"column":12},"end":{"line":1,"column":20}},{"start":{"line":1,"column":20},"end":{"line":1,"column":null}}]}},"s":{"0":2,"1":2,"2":2,"3":2,"4":2,"5":2,"6":2},"f":{"0":2},"b":{"0":[2,2]}}
,"E:\\Faculdade\\Oficina 2\\back-end\\src\\common\\http-status.common.ts": {"path":"E:\\Faculdade\\Oficina 2\\back-end\\src\\common\\http-status.common.ts","statementMap":{"0":{"start":{"line":1,"column":0},"end":{"line":1,"column":null}},"1":{"start":{"line":2,"column":2},"end":{"line":2,"column":null}},"2":{"start":{"line":3,"column":2},"end":{"line":3,"column":null}},"3":{"start":{"line":4,"column":2},"end":{"line":4,"column":null}},"4":{"start":{"line":5,"column":2},"end":{"line":5,"column":null}},"5":{"start":{"line":6,"column":2},"end":{"line":6,"column":null}},"6":{"start":{"line":7,"column":2},"end":{"line":7,"column":null}},"7":{"start":{"line":8,"column":2},"end":{"line":8,"column":null}},"8":{"start":{"line":9,"column":2},"end":{"line":9,"column":null}},"9":{"start":{"line":10,"column":2},"end":{"line":10,"column":null}},"10":{"start":{"line":11,"column":2},"end":{"line":11,"column":null}},"11":{"start":{"line":12,"column":2},"end":{"line":12,"column":null}}},"fnMap":{"0":{"name":"(anonymous_0)","decl":{"start":{"line":1,"column":0},"end":{"line":1,"column":12}},"loc":{"start":{"line":1,"column":22},"end":{"line":13,"column":1}}}},"branchMap":{"0":{"loc":{"start":{"line":1,"column":12},"end":{"line":1,"column":null}},"type":"binary-expr","locations":[{"start":{"line":1,"column":12},"end":{"line":1,"column":22}},{"start":{"line":1,"column":22},"end":{"line":1,"column":null}}]}},"s":{"0":3,"1":3,"2":3,"3":3,"4":3,"5":3,"6":3,"7":3,"8":3,"9":3,"10":3,"11":3},"f":{"0":3},"b":{"0":[3,3]}}
,"E:\\Faculdade\\Oficina 2\\back-end\\src\\configuration\\environment.configuration.ts": {"path":"E:\\Faculdade\\Oficina 2\\back-end\\src\\configuration\\environment.configuration.ts","statementMap":{"0":{"start":{"line":1,"column":0},"end":{"line":1,"column":28}},"1":{"start":{"line":2,"column":0},"end":{"line":2,"column":37}},"2":{"start":{"line":3,"column":0},"end":{"line":3,"column":43}},"3":{"start":{"line":4,"column":0},"end":{"line":4,"column":92}},"4":{"start":{"line":5,"column":0},"end":{"line":5,"column":98}},"5":{"start":{"line":8,"column":15},"end":{"line":32,"column":null}},"6":{"start":{"line":13,"column":2},"end":{"line":15,"column":null}},"7":{"start":{"line":14,"column":4},"end":{"line":14,"column":30}},"8":{"start":{"line":17,"column":10},"end":{"line":22,"column":null}},"9":{"start":{"line":18,"column":18},"end":{"line":18,"column":34}},"10":{"start":{"line":19,"column":4},"end":{"line":19,"column":64}},"11":{"start":{"line":19,"column":16},"end":{"line":19,"column":64}},"12":{"start":{"line":20,"column":4},"end":{"line":20,"column":79}},"13":{"start":{"line":21,"column":4},"end":{"line":21,"column":17}},"14":{"start":{"line":24,"column":2},"end":{"line":31,"column":null}},"15":{"start":{"line":25,"column":18},"end":{"line":25,"column":36}},"16":{"start":{"line":26,"column":4},"end":{"line":30,"column":5}},"17":{"start":{"line":27,"column":6},"end":{"line":27,"column":29}},"18":{"start":{"line":29,"column":6},"end":{"line":29,"column":64}},"19":{"start":{"line":10,"column":4},"end":{"line":10,"column":20}},"20":{"start":{"line":8,"column":21},"end":{"line":32,"column":null}},"21":{"start":{"line":8,"column":21},"end":{"line":8,"column":null}}},"fnMap":{"0":{"name":"(anonymous_3)","decl":{"start":{"line":9,"column":2},"end":{"line":9,"column":null}},"loc":{"start":{"line":9,"column":2},"end":{"line":11,"column":3}}},"1":{"name":"(anonymous_4)","decl":{"start":{"line":13,"column":19},"end":{"line":13,"column":20}},"loc":{"start":{"line":13,"column":43},"end":{"line":15,"column":3}}},"2":{"name":"(anonymous_5)","decl":{"start":{"line":17,"column":21},"end":{"line":17,"column":22}},"loc":{"start":{"line":17,"column":45},"end":{"line":22,"column":3}}},"3":{"name":"(anonymous_6)","decl":{"start":{"line":24,"column":16},"end":{"line":24,"column":17}},"loc":{"start":{"line":24,"column":40},"end":{"line":31,"column":3}}}},"branchMap":{"0":{"loc":{"start":{"line":19,"column":4},"end":{"line":19,"column":64}},"type":"if","locations":[{"start":{"line":19,"column":4},"end":{"line":19,"column":64}}]}},"s":{"0":2,"1":2,"2":2,"3":2,"4":2,"5":2,"6":0,"7":0,"8":0,"9":0,"10":0,"11":0,"12":0,"13":0,"14":0,"15":0,"16":0,"17":0,"18":0,"19":0,"20":2,"21":2},"f":{"0":0,"1":0,"2":0,"3":0},"b":{"0":[0]}}
,"E:\\Faculdade\\Oficina 2\\back-end\\src\\configuration\\express.configuration.ts": {"path":"E:\\Faculdade\\Oficina 2\\back-end\\src\\configuration\\express.configuration.ts","statementMap":{"0":{"start":{"line":1,"column":0},"end":{"line":1,"column":24}},"1":{"start":{"line":2,"column":0},"end":{"line":2,"column":30}},"2":{"start":{"line":3,"column":0},"end":{"line":3,"column":28}},"3":{"start":{"line":4,"column":0},"end":{"line":4,"column":37}},"4":{"start":{"line":7,"column":15},"end":{"line":26,"column":null}},"5":{"start":{"line":14,"column":10},"end":{"line":21,"column":null}},"6":{"start":{"line":15,"column":31},"end":{"line":15,"column":40}},"7":{"start":{"line":16,"column":4},"end":{"line":16,"column":43}},"8":{"start":{"line":17,"column":4},"end":{"line":17,"column":67}},"9":{"start":{"line":18,"column":4},"end":{"line":18,"column":35}},"10":{"start":{"line":19,"column":4},"end":{"line":19,"column":37}},"11":{"start":{"line":20,"column":4},"end":{"line":20,"column":30}},"12":{"start":{"line":23,"column":2},"end":{"line":25,"column":null}},"13":{"start":{"line":24,"column":4},"end":{"line":24,"column":35}},"14":{"start":{"line":11,"column":4},"end":{"line":11,"column":42}},"15":{"start":{"line":7,"column":21},"end":{"line":26,"column":null}},"16":{"start":{"line":7,"column":21},"end":{"line":7,"column":null}}},"fnMap":{"0":{"name":"(anonymous_3)","decl":{"start":{"line":10,"column":2},"end":{"line":10,"column":null}},"loc":{"start":{"line":10,"column":2},"end":{"line":12,"column":3}}},"1":{"name":"(anonymous_4)","decl":{"start":{"line":14,"column":17},"end":{"line":14,"column":41}},"loc":{"start":{"line":14,"column":43},"end":{"line":21,"column":3}}},"2":{"name":"(anonymous_5)","decl":{"start":{"line":23,"column":26},"end":{"line":23,"column":50}},"loc":{"start":{"line":23,"column":52},"end":{"line":25,"column":3}}}},"branchMap":{},"s":{"0":1,"1":1,"2":1,"3":1,"4":1,"5":0,"6":0,"7":0,"8":0,"9":0,"10":0,"11":0,"12":0,"13":0,"14":0,"15":1,"16":1},"f":{"0":0,"1":0,"2":0},"b":{}}
,"E:\\Faculdade\\Oficina 2\\back-end\\src\\configuration\\route.configuration.ts": {"path":"E:\\Faculdade\\Oficina 2\\back-end\\src\\configuration\\route.configuration.ts","statementMap":{"0":{"start":{"line":1,"column":0},"end":{"line":1,"column":28}},"1":{"start":{"line":2,"column":0},"end":{"line":2,"column":48}},"2":{"start":{"line":3,"column":0},"end":{"line":3,"column":51}},"3":{"start":{"line":5,"column":0},"end":{"line":5,"column":59}},"4":{"start":{"line":8,"column":15},"end":{"line":21,"column":null}},"5":{"start":{"line":9,"column":31},"end":{"line":9,"column":53}},"6":{"start":{"line":13,"column":10},"end":{"line":20,"column":null}},"7":{"start":{"line":14,"column":20},"end":{"line":14,"column":60}},"8":{"start":{"line":15,"column":4},"end":{"line":19,"column":7}},"9":{"start":{"line":16,"column":40},"end":{"line":16,"column":109}},"10":{"start":{"line":17,"column":29},"end":{"line":17,"column":90}},"11":{"start":{"line":18,"column":6},"end":{"line":18,"column":89}},"12":{"start":{"line":10,"column":4},"end":{"line":10,"column":16}},"13":{"start":{"line":8,"column":21},"end":{"line":21,"column":null}},"14":{"start":{"line":8,"column":21},"end":{"line":8,"column":null}}},"fnMap":{"0":{"name":"(anonymous_3)","decl":{"start":{"line":9,"column":2},"end":{"line":9,"column":31}},"loc":{"start":{"line":9,"column":73},"end":{"line":11,"column":3}}},"1":{"name":"(anonymous_4)","decl":{"start":{"line":13,"column":17},"end":{"line":13,"column":20}},"loc":{"start":{"line":13,"column":22},"end":{"line":20,"column":3}}},"2":{"name":"(anonymous_5)","decl":{"start":{"line":15,"column":20},"end":{"line":15,"column":21}},"loc":{"start":{"line":15,"column":35},"end":{"line":19,"column":5}}}},"branchMap":{},"s":{"0":1,"1":1,"2":1,"3":1,"4":1,"5":0,"6":0,"7":0,"8":0,"9":0,"10":0,"11":0,"12":0,"13":1,"14":1},"f":{"0":0,"1":0,"2":0},"b":{}}
,"E:\\Faculdade\\Oficina 2\\back-end\\src\\configuration\\swagger.configuration.ts": {"path":"E:\\Faculdade\\Oficina 2\\back-end\\src\\configuration\\swagger.configuration.ts","statementMap":{"0":{"start":{"line":1,"column":0},"end":{"line":1,"column":38}},"1":{"start":{"line":2,"column":0},"end":{"line":2,"column":41}},"2":{"start":{"line":3,"column":0},"end":{"line":3,"column":43}},"3":{"start":{"line":4,"column":0},"end":{"line":4,"column":59}},"4":{"start":{"line":7,"column":15},"end":{"line":49,"column":null}},"5":{"start":{"line":10,"column":31},"end":{"line":10,"column":53}},"6":{"start":{"line":11,"column":4},"end":{"line":43,"column":null}},"7":{"start":{"line":47,"column":4},"end":{"line":47,"column":123}},"8":{"start":{"line":7,"column":21},"end":{"line":49,"column":null}},"9":{"start":{"line":7,"column":21},"end":{"line":7,"column":null}}},"fnMap":{"0":{"name":"(anonymous_3)","decl":{"start":{"line":10,"column":2},"end":{"line":10,"column":31}},"loc":{"start":{"line":10,"column":73},"end":{"line":44,"column":3}}},"1":{"name":"(anonymous_4)","decl":{"start":{"line":46,"column":9},"end":{"line":46,"column":14}},"loc":{"start":{"line":46,"column":14},"end":{"line":48,"column":3}}}},"branchMap":{},"s":{"0":1,"1":1,"2":1,"3":1,"4":1,"5":0,"6":0,"7":0,"8":1,"9":1},"f":{"0":0,"1":0},"b":{}}
,"E:\\Faculdade\\Oficina 2\\back-end\\src\\configuration\\database\\database.configuration.ts": {"path":"E:\\Faculdade\\Oficina 2\\back-end\\src\\configuration\\database\\database.configuration.ts","statementMap":{"0":{"start":{"line":1,"column":0},"end":{"line":1,"column":46}},"1":{"start":{"line":2,"column":0},"end":{"line":2,"column":43}},"2":{"start":{"line":3,"column":0},"end":{"line":3,"column":37}},"3":{"start":{"line":6,"column":7},"end":{"line":30,"column":null}},"4":{"start":{"line":14,"column":10},"end":{"line":24,"column":null}},"5":{"start":{"line":14,"column":46},"end":{"line":24,"column":null}},"6":{"start":{"line":15,"column":4},"end":{"line":23,"column":5}},"7":{"start":{"line":16,"column":6},"end":{"line":19,"column":null}},"8":{"start":{"line":18,"column":10},"end":{"line":18,"column":47}},"9":{"start":{"line":21,"column":6},"end":{"line":21,"column":62}},"10":{"start":{"line":22,"column":6},"end":{"line":22,"column":18}},"11":{"start":{"line":27,"column":3},"end":{"line":29,"column":null}},"12":{"start":{"line":28,"column":4},"end":{"line":28,"column":29}},"13":{"start":{"line":10,"column":4},"end":{"line":10,"column":43}},"14":{"start":{"line":11,"column":4},"end":{"line":11,"column":19}},"15":{"start":{"line":6,"column":13},"end":{"line":6,"column":34}},"16":{"start":{"line":6,"column":13},"end":{"line":30,"column":null}}},"fnMap":{"0":{"name":"(anonymous_9)","decl":{"start":{"line":9,"column":2},"end":{"line":9,"column":null}},"loc":{"start":{"line":9,"column":2},"end":{"line":12,"column":3}}},"1":{"name":"(anonymous_10)","decl":{"start":{"line":14,"column":20},"end":{"line":14,"column":44}},"loc":{"start":{"line":14,"column":46},"end":{"line":24,"column":null}}},"2":{"name":"(anonymous_11)","decl":{"start":{"line":14,"column":46},"end":{"line":14,"column":null}},"loc":{"start":{"line":14,"column":46},"end":{"line":24,"column":3}}},"3":{"name":"(anonymous_12)","decl":{"start":{"line":17,"column":14},"end":{"line":17,"column":17}},"loc":{"start":{"line":17,"column":19},"end":{"line":19,"column":9}}},"4":{"name":"(anonymous_13)","decl":{"start":{"line":27,"column":15},"end":{"line":27,"column":32}},"loc":{"start":{"line":27,"column":34},"end":{"line":29,"column":3}}}},"branchMap":{},"s":{"0":4,"1":4,"2":4,"3":4,"4":0,"5":0,"6":0,"7":0,"8":0,"9":0,"10":0,"11":0,"12":0,"13":0,"14":0,"15":4,"16":4},"f":{"0":0,"1":0,"2":0,"3":0,"4":0},"b":{}}
,"E:\\Faculdade\\Oficina 2\\back-end\\src\\configuration\\error\\environment-variable-not-found.error.ts": {"path":"E:\\Faculdade\\Oficina 2\\back-end\\src\\configuration\\error\\environment-variable-not-found.error.ts","statementMap":{"0":{"start":{"line":3,"column":4},"end":{"line":3,"column":111}},"1":{"start":{"line":1,"column":0},"end":{"line":1,"column":21}}},"fnMap":{"0":{"name":"(anonymous_0)","decl":{"start":{"line":2,"column":2},"end":{"line":2,"column":14}},"loc":{"start":{"line":2,"column":41},"end":{"line":4,"column":3}}}},"branchMap":{},"s":{"0":0,"1":2},"f":{"0":0},"b":{}}
,"E:\\Faculdade\\Oficina 2\\back-end\\src\\configuration\\error\\invalid-environment-variable-type.error.ts": {"path":"E:\\Faculdade\\Oficina 2\\back-end\\src\\configuration\\error\\invalid-environment-variable-type.error.ts","statementMap":{"0":{"start":{"line":3,"column":4},"end":{"line":6,"column":6}},"1":{"start":{"line":1,"column":0},"end":{"line":1,"column":21}}},"fnMap":{"0":{"name":"(anonymous_0)","decl":{"start":{"line":2,"column":2},"end":{"line":2,"column":14}},"loc":{"start":{"line":2,"column":56},"end":{"line":7,"column":3}}}},"branchMap":{},"s":{"0":0,"1":2},"f":{"0":0},"b":{}}
,"E:\\Faculdade\\Oficina 2\\back-end\\src\\controller\\authentication.controller.ts": {"path":"E:\\Faculdade\\Oficina 2\\back-end\\src\\controller\\authentication.controller.ts","statementMap":{"0":{"start":{"line":1,"column":0},"end":{"line":1,"column":56}},"1":{"start":{"line":2,"column":0},"end":{"line":2,"column":72}},"2":{"start":{"line":4,"column":0},"end":{"line":4,"column":38}},"3":{"start":{"line":7,"column":15},"end":{"line":18,"column":null}},"4":{"start":{"line":8,"column":31},"end":{"line":8,"column":54}},"5":{"start":{"line":10,"column":2},"end":{"line":17,"column":null}},"6":{"start":{"line":10,"column":76},"end":{"line":17,"column":null}},"7":{"start":{"line":11,"column":32},"end":{"line":11,"column":44}},"8":{"start":{"line":12,"column":36},"end":{"line":12,"column":98}},"9":{"start":{"line":13,"column":4},"end":{"line":15,"column":5}},"10":{"start":{"line":14,"column":6},"end":{"line":14,"column":82}},"11":{"start":{"line":16,"column":4},"end":{"line":16,"column":67}},"12":{"start":{"line":7,"column":21},"end":{"line":18,"column":null}},"13":{"start":{"line":7,"column":21},"end":{"line":7,"column":null}}},"fnMap":{"0":{"name":"(anonymous_9)","decl":{"start":{"line":8,"column":2},"end":{"line":8,"column":31}},"loc":{"start":{"line":8,"column":75},"end":{"line":8,"column":79}}},"1":{"name":"(anonymous_10)","decl":{"start":{"line":10,"column":10},"end":{"line":10,"column":17}},"loc":{"start":{"line":10,"column":76},"end":{"line":17,"column":null}}},"2":{"name":"(anonymous_11)","decl":{"start":{"line":10,"column":76},"end":{"line":10,"column":null}},"loc":{"start":{"line":10,"column":76},"end":{"line":17,"column":3}}}},"branchMap":{"0":{"loc":{"start":{"line":13,"column":4},"end":{"line":15,"column":5}},"type":"if","locations":[{"start":{"line":13,"column":4},"end":{"line":15,"column":5}}]}},"s":{"0":1,"1":1,"2":1,"3":1,"4":2,"5":2,"6":2,"7":2,"8":2,"9":2,"10":1,"11":1,"12":1,"13":1},"f":{"0":2,"1":2,"2":2},"b":{"0":[1]}}
,"E:\\Faculdade\\Oficina 2\\back-end\\src\\controller\\subject.controlller.ts": {"path":"E:\\Faculdade\\Oficina 2\\back-end\\src\\controller\\subject.controlller.ts","statementMap":{"0":{"start":{"line":1,"column":0},"end":{"line":1,"column":56}},"1":{"start":{"line":2,"column":0},"end":{"line":2,"column":58}},"2":{"start":{"line":4,"column":0},"end":{"line":4,"column":38}},"3":{"start":{"line":7,"column":7},"end":{"line":68,"column":null}},"4":{"start":{"line":8,"column":31},"end":{"line":8,"column":47}},"5":{"start":{"line":10,"column":2},"end":{"line":25,"column":4}},"6":{"start":{"line":10,"column":77},"end":{"line":25,"column":4}},"7":{"start":{"line":11,"column":28},"end":{"line":11,"column":42}},"8":{"start":{"line":12,"column":91},"end":{"line":12,"column":103}},"9":{"start":{"line":13,"column":31},"end":{"line":21,"column":null}},"10":{"start":{"line":23,"column":4},"end":{"line":23,"column":93}},"11":{"start":{"line":23,"column":15},"end":{"line":23,"column":93}},"12":{"start":{"line":24,"column":4},"end":{"line":24,"column":61}},"13":{"start":{"line":27,"column":2},"end":{"line":32,"column":4}},"14":{"start":{"line":27,"column":94},"end":{"line":32,"column":4}},"15":{"start":{"line":28,"column":28},"end":{"line":28,"column":42}},"16":{"start":{"line":29,"column":32},"end":{"line":29,"column":94}},"17":{"start":{"line":30,"column":4},"end":{"line":30,"column":93}},"18":{"start":{"line":30,"column":15},"end":{"line":30,"column":93}},"19":{"start":{"line":31,"column":4},"end":{"line":31,"column":59}},"20":{"start":{"line":34,"column":2},"end":{"line":39,"column":4}},"21":{"start":{"line":34,"column":78},"end":{"line":39,"column":4}},"22":{"start":{"line":35,"column":39},"end":{"line":35,"column":53}},"23":{"start":{"line":36,"column":31},"end":{"line":36,"column":88}},"24":{"start":{"line":37,"column":4},"end":{"line":37,"column":93}},"25":{"start":{"line":37,"column":15},"end":{"line":37,"column":93}},"26":{"start":{"line":38,"column":4},"end":{"line":38,"column":58}},"27":{"start":{"line":42,"column":2},"end":{"line":60,"column":null}},"28":{"start":{"line":42,"column":81},"end":{"line":60,"column":null}},"29":{"start":{"line":43,"column":39},"end":{"line":43,"column":53}},"30":{"start":{"line":44,"column":91},"end":{"line":44,"column":103}},"31":{"start":{"line":45,"column":22},"end":{"line":56,"column":null}},"32":{"start":{"line":58,"column":4},"end":{"line":58,"column":93}},"33":{"start":{"line":58,"column":15},"end":{"line":58,"column":93}},"34":{"start":{"line":59,"column":4},"end":{"line":59,"column":49}},"35":{"start":{"line":62,"column":2},"end":{"line":67,"column":4}},"36":{"start":{"line":62,"column":81},"end":{"line":67,"column":4}},"37":{"start":{"line":63,"column":39},"end":{"line":63,"column":53}},"38":{"start":{"line":64,"column":22},"end":{"line":64,"column":82}},"39":{"start":{"line":65,"column":4},"end":{"line":65,"column":93}},"40":{"start":{"line":65,"column":15},"end":{"line":65,"column":93}},"41":{"start":{"line":66,"column":4},"end":{"line":66,"column":49}},"42":{"start":{"line":7,"column":13},"end":{"line":7,"column":30}},"43":{"start":{"line":7,"column":13},"end":{"line":68,"column":null}}},"fnMap":{"0":{"name":"(anonymous_9)","decl":{"start":{"line":8,"column":2},"end":{"line":8,"column":31}},"loc":{"start":{"line":8,"column":61},"end":{"line":8,"column":65}}},"1":{"name":"(anonymous_10)","decl":{"start":{"line":10,"column":11},"end":{"line":10,"column":18}},"loc":{"start":{"line":10,"column":77},"end":{"line":25,"column":4}}},"2":{"name":"(anonymous_11)","decl":{"start":{"line":10,"column":77},"end":{"line":10,"column":null}},"loc":{"start":{"line":10,"column":77},"end":{"line":25,"column":3}}},"3":{"name":"(anonymous_12)","decl":{"start":{"line":27,"column":28},"end":{"line":27,"column":35}},"loc":{"start":{"line":27,"column":94},"end":{"line":32,"column":4}}},"4":{"name":"(anonymous_13)","decl":{"start":{"line":27,"column":94},"end":{"line":27,"column":null}},"loc":{"start":{"line":27,"column":94},"end":{"line":32,"column":3}}},"5":{"name":"(anonymous_14)","decl":{"start":{"line":34,"column":12},"end":{"line":34,"column":19}},"loc":{"start":{"line":34,"column":78},"end":{"line":39,"column":4}}},"6":{"name":"(anonymous_15)","decl":{"start":{"line":34,"column":78},"end":{"line":34,"column":null}},"loc":{"start":{"line":34,"column":78},"end":{"line":39,"column":3}}},"7":{"name":"(anonymous_16)","decl":{"start":{"line":42,"column":15},"end":{"line":42,"column":22}},"loc":{"start":{"line":42,"column":81},"end":{"line":60,"column":null}}},"8":{"name":"(anonymous_17)","decl":{"start":{"line":42,"column":81},"end":{"line":42,"column":null}},"loc":{"start":{"line":42,"column":81},"end":{"line":60,"column":3}}},"9":{"name":"(anonymous_18)","decl":{"start":{"line":62,"column":15},"end":{"line":62,"column":22}},"loc":{"start":{"line":62,"column":81},"end":{"line":67,"column":4}}},"10":{"name":"(anonymous_19)","decl":{"start":{"line":62,"column":81},"end":{"line":62,"column":null}},"loc":{"start":{"line":62,"column":81},"end":{"line":67,"column":3}}}},"branchMap":{"0":{"loc":{"start":{"line":23,"column":4},"end":{"line":23,"column":93}},"type":"if","locations":[{"start":{"line":23,"column":4},"end":{"line":23,"column":93}}]},"1":{"loc":{"start":{"line":30,"column":4},"end":{"line":30,"column":93}},"type":"if","locations":[{"start":{"line":30,"column":4},"end":{"line":30,"column":93}}]},"2":{"loc":{"start":{"line":37,"column":4},"end":{"line":37,"column":93}},"type":"if","locations":[{"start":{"line":37,"column":4},"end":{"line":37,"column":93}}]},"3":{"loc":{"start":{"line":58,"column":4},"end":{"line":58,"column":93}},"type":"if","locations":[{"start":{"line":58,"column":4},"end":{"line":58,"column":93}}]},"4":{"loc":{"start":{"line":65,"column":4},"end":{"line":65,"column":93}},"type":"if","locations":[{"start":{"line":65,"column":4},"end":{"line":65,"column":93}}]}},"s":{"0":1,"1":1,"2":1,"3":1,"4":9,"5":9,"6":2,"7":2,"8":2,"9":2,"10":2,"11":1,"12":1,"13":9,"14":1,"15":1,"16":1,"17":1,"18":0,"19":1,"20":9,"21":2,"22":2,"23":2,"24":2,"25":1,"26":1,"27":9,"28":2,"29":2,"30":2,"31":2,"32":2,"33":1,"34":1,"35":9,"36":2,"37":2,"38":2,"39":2,"40":1,"41":1,"42":1,"43":1},"f":{"0":9,"1":2,"2":2,"3":1,"4":1,"5":2,"6":2,"7":2,"8":2,"9":2,"10":2},"b":{"0":[1],"1":[0],"2":[1],"3":[1],"4":[1]}}
,"E:\\Faculdade\\Oficina 2\\back-end\\src\\controller\\user.controller.ts": {"path":"E:\\Faculdade\\Oficina 2\\back-end\\src\\controller\\user.controller.ts","statementMap":{"0":{"start":{"line":1,"column":0},"end":{"line":1,"column":56}},"1":{"start":{"line":2,"column":0},"end":{"line":2,"column":52}},"2":{"start":{"line":4,"column":0},"end":{"line":4,"column":38}},"3":{"start":{"line":7,"column":15},"end":{"line":44,"column":null}},"4":{"start":{"line":8,"column":31},"end":{"line":8,"column":44}},"5":{"start":{"line":10,"column":2},"end":{"line":15,"column":null}},"6":{"start":{"line":10,"column":86},"end":{"line":15,"column":null}},"7":{"start":{"line":11,"column":38},"end":{"line":11,"column":50}},"8":{"start":{"line":12,"column":34},"end":{"line":12,"column":95}},"9":{"start":{"line":13,"column":4},"end":{"line":13,"column":91}},"10":{"start":{"line":13,"column":15},"end":{"line":13,"column":91}},"11":{"start":{"line":14,"column":4},"end":{"line":14,"column":63}},"12":{"start":{"line":17,"column":2},"end":{"line":22,"column":null}},"13":{"start":{"line":17,"column":86},"end":{"line":22,"column":null}},"14":{"start":{"line":18,"column":38},"end":{"line":18,"column":50}},"15":{"start":{"line":19,"column":33},"end":{"line":19,"column":94}},"16":{"start":{"line":20,"column":4},"end":{"line":20,"column":91}},"17":{"start":{"line":20,"column":15},"end":{"line":20,"column":91}},"18":{"start":{"line":21,"column":4},"end":{"line":21,"column":63}},"19":{"start":{"line":24,"column":2},"end":{"line":29,"column":null}},"20":{"start":{"line":24,"column":85},"end":{"line":29,"column":null}},"21":{"start":{"line":25,"column":21},"end":{"line":25,"column":35}},"22":{"start":{"line":26,"column":29},"end":{"line":26,"column":72}},"23":{"start":{"line":27,"column":4},"end":{"line":27,"column":91}},"24":{"start":{"line":27,"column":15},"end":{"line":27,"column":91}},"25":{"start":{"line":28,"column":4},"end":{"line":28,"column":56}},"26":{"start":{"line":31,"column":2},"end":{"line":36,"column":null}},"27":{"start":{"line":31,"column":87},"end":{"line":36,"column":null}},"28":{"start":{"line":32,"column":28},"end":{"line":32,"column":42}},"29":{"start":{"line":33,"column":33},"end":{"line":33,"column":85}},"30":{"start":{"line":34,"column":4},"end":{"line":34,"column":91}},"31":{"start":{"line":34,"column":15},"end":{"line":34,"column":91}},"32":{"start":{"line":35,"column":4},"end":{"line":35,"column":60}},"33":{"start":{"line":38,"column":2},"end":{"line":43,"column":null}},"34":{"start":{"line":38,"column":87},"end":{"line":43,"column":null}},"35":{"start":{"line":39,"column":28},"end":{"line":39,"column":42}},"36":{"start":{"line":40,"column":33},"end":{"line":40,"column":85}},"37":{"start":{"line":41,"column":4},"end":{"line":41,"column":91}},"38":{"start":{"line":41,"column":15},"end":{"line":41,"column":91}},"39":{"start":{"line":42,"column":4},"end":{"line":42,"column":60}},"40":{"start":{"line":7,"column":21},"end":{"line":44,"column":null}},"41":{"start":{"line":7,"column":21},"end":{"line":7,"column":null}}},"fnMap":{"0":{"name":"(anonymous_9)","decl":{"start":{"line":8,"column":2},"end":{"line":8,"column":31}},"loc":{"start":{"line":8,"column":55},"end":{"line":8,"column":59}}},"1":{"name":"(anonymous_10)","decl":{"start":{"line":10,"column":20},"end":{"line":10,"column":27}},"loc":{"start":{"line":10,"column":86},"end":{"line":15,"column":null}}},"2":{"name":"(anonymous_11)","decl":{"start":{"line":10,"column":86},"end":{"line":10,"column":null}},"loc":{"start":{"line":10,"column":86},"end":{"line":15,"column":3}}},"3":{"name":"(anonymous_12)","decl":{"start":{"line":17,"column":20},"end":{"line":17,"column":27}},"loc":{"start":{"line":17,"column":86},"end":{"line":22,"column":null}}},"4":{"name":"(anonymous_13)","decl":{"start":{"line":17,"column":86},"end":{"line":17,"column":null}},"loc":{"start":{"line":17,"column":86},"end":{"line":22,"column":3}}},"5":{"name":"(anonymous_14)","decl":{"start":{"line":24,"column":19},"end":{"line":24,"column":26}},"loc":{"start":{"line":24,"column":85},"end":{"line":29,"column":null}}},"6":{"name":"(anonymous_15)","decl":{"start":{"line":24,"column":85},"end":{"line":24,"column":null}},"loc":{"start":{"line":24,"column":85},"end":{"line":29,"column":3}}},"7":{"name":"(anonymous_16)","decl":{"start":{"line":31,"column":21},"end":{"line":31,"column":28}},"loc":{"start":{"line":31,"column":87},"end":{"line":36,"column":null}}},"8":{"name":"(anonymous_17)","decl":{"start":{"line":31,"column":87},"end":{"line":31,"column":null}},"loc":{"start":{"line":31,"column":87},"end":{"line":36,"column":3}}},"9":{"name":"(anonymous_18)","decl":{"start":{"line":38,"column":21},"end":{"line":38,"column":28}},"loc":{"start":{"line":38,"column":87},"end":{"line":43,"column":null}}},"10":{"name":"(anonymous_19)","decl":{"start":{"line":38,"column":87},"end":{"line":38,"column":null}},"loc":{"start":{"line":38,"column":87},"end":{"line":43,"column":3}}}},"branchMap":{"0":{"loc":{"start":{"line":13,"column":4},"end":{"line":13,"column":91}},"type":"if","locations":[{"start":{"line":13,"column":4},"end":{"line":13,"column":91}}]},"1":{"loc":{"start":{"line":20,"column":4},"end":{"line":20,"column":91}},"type":"if","locations":[{"start":{"line":20,"column":4},"end":{"line":20,"column":91}}]},"2":{"loc":{"start":{"line":27,"column":4},"end":{"line":27,"column":91}},"type":"if","locations":[{"start":{"line":27,"column":4},"end":{"line":27,"column":91}}]},"3":{"loc":{"start":{"line":34,"column":4},"end":{"line":34,"column":91}},"type":"if","locations":[{"start":{"line":34,"column":4},"end":{"line":34,"column":91}}]},"4":{"loc":{"start":{"line":41,"column":4},"end":{"line":41,"column":91}},"type":"if","locations":[{"start":{"line":41,"column":4},"end":{"line":41,"column":91}}]}},"s":{"0":1,"1":1,"2":1,"3":1,"4":10,"5":10,"6":2,"7":2,"8":2,"9":2,"10":1,"11":1,"12":10,"13":2,"14":2,"15":2,"16":2,"17":1,"18":1,"19":10,"20":2,"21":2,"22":2,"23":2,"24":1,"25":1,"26":10,"27":2,"28":2,"29":2,"30":2,"31":1,"32":1,"33":10,"34":2,"35":2,"36":2,"37":2,"38":1,"39":1,"40":1,"41":1},"f":{"0":10,"1":2,"2":2,"3":2,"4":2,"5":2,"6":2,"7":2,"8":2,"9":2,"10":2},"b":{"0":[1],"1":[1],"2":[1],"3":[1],"4":[1]}}
,"E:\\Faculdade\\Oficina 2\\back-end\\src\\service\\authentication.service.ts": {"path":"E:\\Faculdade\\Oficina 2\\back-end\\src\\service\\authentication.service.ts","statementMap":{"0":{"start":{"line":2,"column":0},"end":{"line":2,"column":38}},"1":{"start":{"line":3,"column":0},"end":{"line":3,"column":31}},"2":{"start":{"line":4,"column":0},"end":{"line":4,"column":87}},"3":{"start":{"line":5,"column":0},"end":{"line":5,"column":43}},"4":{"start":{"line":6,"column":0},"end":{"line":6,"column":64}},"5":{"start":{"line":7,"column":0},"end":{"line":7,"column":28}},"6":{"start":{"line":8,"column":0},"end":{"line":8,"column":51}},"7":{"start":{"line":9,"column":0},"end":{"line":9,"column":80}},"8":{"start":{"line":10,"column":0},"end":{"line":10,"column":68}},"9":{"start":{"line":19,"column":7},"end":{"line":56,"column":null}},"10":{"start":{"line":21,"column":31},"end":{"line":21,"column":54}},"11":{"start":{"line":22,"column":21},"end":{"line":22,"column":47}},"12":{"start":{"line":27,"column":2},"end":{"line":55,"column":4}},"13":{"start":{"line":27,"column":88},"end":{"line":55,"column":4}},"14":{"start":{"line":28,"column":4},"end":{"line":54,"column":5}},"15":{"start":{"line":29,"column":19},"end":{"line":31,"column":8}},"16":{"start":{"line":32,"column":6},"end":{"line":32,"column":61}},"17":{"start":{"line":32,"column":17},"end":{"line":32,"column":61}},"18":{"start":{"line":33,"column":30},"end":{"line":33,"column":75}},"19":{"start":{"line":34,"column":6},"end":{"line":34,"column":72}},"20":{"start":{"line":34,"column":28},"end":{"line":34,"column":72}},"21":{"start":{"line":35,"column":21},"end":{"line":35,"column":86}},"22":{"start":{"line":37,"column":20},"end":{"line":40,"column":null}},"23":{"start":{"line":42,"column":6},"end":{"line":50,"column":null}},"24":{"start":{"line":52,"column":6},"end":{"line":52,"column":68}},"25":{"start":{"line":53,"column":6},"end":{"line":53,"column":30}},"26":{"start":{"line":24,"column":4},"end":{"line":24,"column":57}},"27":{"start":{"line":19,"column":13},"end":{"line":19,"column":34}},"28":{"start":{"line":19,"column":13},"end":{"line":56,"column":null}}},"fnMap":{"0":{"name":"(anonymous_10)","decl":{"start":{"line":21,"column":2},"end":{"line":21,"column":31}},"loc":{"start":{"line":22,"column":71},"end":{"line":25,"column":3}}},"1":{"name":"(anonymous_11)","decl":{"start":{"line":27,"column":17},"end":{"line":27,"column":24}},"loc":{"start":{"line":27,"column":88},"end":{"line":55,"column":4}}},"2":{"name":"(anonymous_12)","decl":{"start":{"line":27,"column":88},"end":{"line":27,"column":null}},"loc":{"start":{"line":27,"column":88},"end":{"line":55,"column":3}}}},"branchMap":{"0":{"loc":{"start":{"line":32,"column":6},"end":{"line":32,"column":61}},"type":"if","locations":[{"start":{"line":32,"column":6},"end":{"line":32,"column":61}}]},"1":{"loc":{"start":{"line":34,"column":6},"end":{"line":34,"column":72}},"type":"if","locations":[{"start":{"line":34,"column":6},"end":{"line":34,"column":72}}]}},"s":{"0":1,"1":1,"2":1,"3":1,"4":1,"5":1,"6":1,"7":1,"8":1,"9":1,"10":0,"11":0,"12":0,"13":0,"14":0,"15":0,"16":0,"17":0,"18":0,"19":0,"20":0,"21":0,"22":0,"23":0,"24":0,"25":0,"26":0,"27":1,"28":1},"f":{"0":0,"1":0,"2":0},"b":{"0":[0],"1":[0]}}
,"E:\\Faculdade\\Oficina 2\\back-end\\src\\service\\subject.service.ts": {"path":"E:\\Faculdade\\Oficina 2\\back-end\\src\\service\\subject.service.ts","statementMap":{"0":{"start":{"line":1,"column":0},"end":{"line":1,"column":87}},"1":{"start":{"line":3,"column":0},"end":{"line":3,"column":38}},"2":{"start":{"line":4,"column":0},"end":{"line":4,"column":62}},"3":{"start":{"line":5,"column":0},"end":{"line":5,"column":67}},"4":{"start":{"line":6,"column":0},"end":{"line":6,"column":77}},"5":{"start":{"line":7,"column":0},"end":{"line":7,"column":60}},"6":{"start":{"line":30,"column":7},"end":{"line":157,"column":null}},"7":{"start":{"line":34,"column":31},"end":{"line":34,"column":54}},"8":{"start":{"line":38,"column":2},"end":{"line":64,"column":null}},"9":{"start":{"line":38,"column":196},"end":{"line":64,"column":null}},"10":{"start":{"line":39,"column":4},"end":{"line":63,"column":5}},"11":{"start":{"line":40,"column":30},"end":{"line":42,"column":8}},"12":{"start":{"line":43,"column":6},"end":{"line":43,"column":81}},"13":{"start":{"line":43,"column":27},"end":{"line":43,"column":81}},"14":{"start":{"line":44,"column":6},"end":{"line":59,"column":9}},"15":{"start":{"line":58,"column":8},"end":{"line":58,"column":118}},"16":{"start":{"line":61,"column":6},"end":{"line":61,"column":66}},"17":{"start":{"line":62,"column":6},"end":{"line":62,"column":30}},"18":{"start":{"line":66,"column":2},"end":{"line":77,"column":null}},"19":{"start":{"line":66,"column":98},"end":{"line":77,"column":null}},"20":{"start":{"line":67,"column":4},"end":{"line":76,"column":5}},"21":{"start":{"line":68,"column":23},"end":{"line":70,"column":8}},"22":{"start":{"line":71,"column":6},"end":{"line":71,"column":95}},"23":{"start":{"line":71,"column":46},"end":{"line":71,"column":95}},"24":{"start":{"line":72,"column":6},"end":{"line":72,"column":142}},"25":{"start":{"line":72,"column":49},"end":{"line":72,"column":138}},"26":{"start":{"line":74,"column":6},"end":{"line":74,"column":98}},"27":{"start":{"line":75,"column":6},"end":{"line":75,"column":30}},"28":{"start":{"line":79,"column":2},"end":{"line":123,"column":null}},"29":{"start":{"line":79,"column":85},"end":{"line":123,"column":null}},"30":{"start":{"line":80,"column":4},"end":{"line":122,"column":5}},"31":{"start":{"line":81,"column":22},"end":{"line":99,"column":8}},"32":{"start":{"line":100,"column":6},"end":{"line":100,"column":87}},"33":{"start":{"line":100,"column":20},"end":{"line":100,"column":87}},"34":{"start":{"line":101,"column":6},"end":{"line":118,"column":9}},"35":{"start":{"line":114,"column":45},"end":{"line":117,"column":10}},"36":{"start":{"line":120,"column":6},"end":{"line":120,"column":68}},"37":{"start":{"line":121,"column":6},"end":{"line":121,"column":30}},"38":{"start":{"line":125,"column":2},"end":{"line":140,"column":null}},"39":{"start":{"line":125,"column":124},"end":{"line":140,"column":null}},"40":{"start":{"line":126,"column":4},"end":{"line":139,"column":5}},"41":{"start":{"line":127,"column":28},"end":{"line":129,"column":8}},"42":{"start":{"line":130,"column":6},"end":{"line":130,"column":93}},"43":{"start":{"line":130,"column":26},"end":{"line":130,"column":93}},"44":{"start":{"line":131,"column":6},"end":{"line":134,"column":9}},"45":{"start":{"line":135,"column":6},"end":{"line":135,"column":16}},"46":{"start":{"line":137,"column":6},"end":{"line":137,"column":66}},"47":{"start":{"line":138,"column":6},"end":{"line":138,"column":30}},"48":{"start":{"line":142,"column":2},"end":{"line":156,"column":null}},"49":{"start":{"line":142,"column":90},"end":{"line":156,"column":null}},"50":{"start":{"line":143,"column":4},"end":{"line":155,"column":5}},"51":{"start":{"line":144,"column":28},"end":{"line":146,"column":8}},"52":{"start":{"line":147,"column":6},"end":{"line":147,"column":93}},"53":{"start":{"line":147,"column":26},"end":{"line":147,"column":93}},"54":{"start":{"line":148,"column":6},"end":{"line":150,"column":9}},"55":{"start":{"line":151,"column":6},"end":{"line":151,"column":16}},"56":{"start":{"line":153,"column":6},"end":{"line":153,"column":66}},"57":{"start":{"line":154,"column":6},"end":{"line":154,"column":30}},"58":{"start":{"line":35,"column":6},"end":{"line":35,"column":59}},"59":{"start":{"line":30,"column":13},"end":{"line":30,"column":27}},"60":{"start":{"line":30,"column":13},"end":{"line":157,"column":null}}},"fnMap":{"0":{"name":"(anonymous_10)","decl":{"start":{"line":34,"column":2},"end":{"line":34,"column":31}},"loc":{"start":{"line":34,"column":75},"end":{"line":36,"column":5}}},"1":{"name":"(anonymous_11)","decl":{"start":{"line":38,"column":11},"end":{"line":38,"column":18}},"loc":{"start":{"line":38,"column":196},"end":{"line":64,"column":null}}},"2":{"name":"(anonymous_12)","decl":{"start":{"line":38,"column":196},"end":{"line":38,"column":null}},"loc":{"start":{"line":38,"column":196},"end":{"line":64,"column":3}}},"3":{"name":"(anonymous_13)","decl":{"start":{"line":57,"column":14},"end":{"line":57,"column":15}},"loc":{"start":{"line":57,"column":26},"end":{"line":59,"column":7}}},"4":{"name":"(anonymous_14)","decl":{"start":{"line":66,"column":28},"end":{"line":66,"column":35}},"loc":{"start":{"line":66,"column":98},"end":{"line":77,"column":null}}},"5":{"name":"(anonymous_15)","decl":{"start":{"line":66,"column":98},"end":{"line":66,"column":null}},"loc":{"start":{"line":66,"column":98},"end":{"line":77,"column":3}}},"6":{"name":"(anonymous_16)","decl":{"start":{"line":72,"column":38},"end":{"line":72,"column":45}},"loc":{"start":{"line":72,"column":49},"end":{"line":72,"column":138}}},"7":{"name":"(anonymous_17)","decl":{"start":{"line":79,"column":12},"end":{"line":79,"column":19}},"loc":{"start":{"line":79,"column":85},"end":{"line":123,"column":null}}},"8":{"name":"(anonymous_18)","decl":{"start":{"line":79,"column":85},"end":{"line":79,"column":null}},"loc":{"start":{"line":79,"column":85},"end":{"line":123,"column":3}}},"9":{"name":"(anonymous_19)","decl":{"start":{"line":114,"column":31},"end":{"line":114,"column":40}},"loc":{"start":{"line":114,"column":45},"end":{"line":117,"column":10}}},"10":{"name":"(anonymous_20)","decl":{"start":{"line":125,"column":15},"end":{"line":125,"column":22}},"loc":{"start":{"line":125,"column":124},"end":{"line":140,"column":null}}},"11":{"name":"(anonymous_21)","decl":{"start":{"line":125,"column":124},"end":{"line":125,"column":null}},"loc":{"start":{"line":125,"column":124},"end":{"line":140,"column":3}}},"12":{"name":"(anonymous_22)","decl":{"start":{"line":142,"column":15},"end":{"line":142,"column":22}},"loc":{"start":{"line":142,"column":90},"end":{"line":156,"column":null}}},"13":{"name":"(anonymous_23)","decl":{"start":{"line":142,"column":90},"end":{"line":142,"column":null}},"loc":{"start":{"line":142,"column":90},"end":{"line":156,"column":3}}}},"branchMap":{"0":{"loc":{"start":{"line":43,"column":6},"end":{"line":43,"column":81}},"type":"if","locations":[{"start":{"line":43,"column":6},"end":{"line":43,"column":81}}]},"1":{"loc":{"start":{"line":71,"column":6},"end":{"line":71,"column":95}},"type":"if","locations":[{"start":{"line":71,"column":6},"end":{"line":71,"column":95}}]},"2":{"loc":{"start":{"line":71,"column":10},"end":{"line":71,"column":44}},"type":"binary-expr","locations":[{"start":{"line":71,"column":10},"end":{"line":71,"column":19}},{"start":{"line":71,"column":23},"end":{"line":71,"column":44}}]},"3":{"loc":{"start":{"line":100,"column":6},"end":{"line":100,"column":87}},"type":"if","locations":[{"start":{"line":100,"column":6},"end":{"line":100,"column":87}}]},"4":{"loc":{"start":{"line":114,"column":8},"end":{"line":117,"column":17}},"type":"cond-expr","locations":[{"start":{"line":117,"column":11},"end":{"line":117,"column":15}},{"start":{"line":117,"column":15},"end":{"line":117,"column":17}}]},"5":{"loc":{"start":{"line":114,"column":8},"end":{"line":117,"column":15}},"type":"binary-expr","locations":[{"start":{"line":114,"column":8},"end":{"line":117,"column":15}},{"start":{"line":117,"column":11},"end":{"line":117,"column":15}}]},"6":{"loc":{"start":{"line":130,"column":6},"end":{"line":130,"column":93}},"type":"if","locations":[{"start":{"line":130,"column":6},"end":{"line":130,"column":93}}]},"7":{"loc":{"start":{"line":147,"column":6},"end":{"line":147,"column":93}},"type":"if","locations":[{"start":{"line":147,"column":6},"end":{"line":147,"column":93}}]}},"s":{"0":1,"1":1,"2":1,"3":1,"4":1,"5":1,"6":1,"7":0,"8":0,"9":0,"10":0,"11":0,"12":0,"13":0,"14":0,"15":0,"16":0,"17":0,"18":0,"19":0,"20":0,"21":0,"22":0,"23":0,"24":0,"25":0,"26":0,"27":0,"28":0,"29":0,"30":0,"31":0,"32":0,"33":0,"34":0,"35":0,"36":0,"37":0,"38":0,"39":0,"40":0,"41":0,"42":0,"43":0,"44":0,"45":0,"46":0,"47":0,"48":0,"49":0,"50":0,"51":0,"52":0,"53":0,"54":0,"55":0,"56":0,"57":0,"58":0,"59":1,"60":1},"f":{"0":0,"1":0,"2":0,"3":0,"4":0,"5":0,"6":0,"7":0,"8":0,"9":0,"10":0,"11":0,"12":0,"13":0},"b":{"0":[0],"1":[0],"2":[0,0],"3":[0],"4":[0,0],"5":[0,0],"6":[0],"7":[0]}}
,"E:\\Faculdade\\Oficina 2\\back-end\\src\\service\\user.service.ts": {"path":"E:\\Faculdade\\Oficina 2\\back-end\\src\\service\\user.service.ts","statementMap":{"0":{"start":{"line":1,"column":0},"end":{"line":1,"column":52}},"1":{"start":{"line":2,"column":0},"end":{"line":2,"column":38}},"2":{"start":{"line":3,"column":0},"end":{"line":3,"column":71}},"3":{"start":{"line":4,"column":0},"end":{"line":4,"column":56}},"4":{"start":{"line":5,"column":0},"end":{"line":5,"column":54}},"5":{"start":{"line":6,"column":0},"end":{"line":6,"column":87}},"6":{"start":{"line":7,"column":0},"end":{"line":7,"column":43}},"7":{"start":{"line":8,"column":0},"end":{"line":8,"column":28}},"8":{"start":{"line":9,"column":0},"end":{"line":9,"column":71}},"9":{"start":{"line":10,"column":0},"end":{"line":10,"column":71}},"10":{"start":{"line":38,"column":7},"end":{"line":190,"column":null}},"11":{"start":{"line":40,"column":31},"end":{"line":40,"column":54}},"12":{"start":{"line":44,"column":2},"end":{"line":68,"column":4}},"13":{"start":{"line":44,"column":108},"end":{"line":68,"column":4}},"14":{"start":{"line":45,"column":4},"end":{"line":67,"column":5}},"15":{"start":{"line":46,"column":27},"end":{"line":48,"column":8}},"16":{"start":{"line":49,"column":6},"end":{"line":49,"column":76}},"17":{"start":{"line":49,"column":24},"end":{"line":49,"column":76}},"18":{"start":{"line":50,"column":29},"end":{"line":50,"column":59}},"19":{"start":{"line":51,"column":6},"end":{"line":63,"column":9}},"20":{"start":{"line":62,"column":8},"end":{"line":62,"column":108}},"21":{"start":{"line":65,"column":6},"end":{"line":65,"column":62}},"22":{"start":{"line":66,"column":6},"end":{"line":66,"column":30}},"23":{"start":{"line":70,"column":2},"end":{"line":94,"column":null}},"24":{"start":{"line":70,"column":108},"end":{"line":94,"column":null}},"25":{"start":{"line":71,"column":4},"end":{"line":93,"column":5}},"26":{"start":{"line":72,"column":27},"end":{"line":74,"column":8}},"27":{"start":{"line":75,"column":6},"end":{"line":75,"column":76}},"28":{"start":{"line":75,"column":24},"end":{"line":75,"column":76}},"29":{"start":{"line":76,"column":29},"end":{"line":76,"column":59}},"30":{"start":{"line":77,"column":6},"end":{"line":89,"column":9}},"31":{"start":{"line":88,"column":8},"end":{"line":88,"column":108}},"32":{"start":{"line":91,"column":6},"end":{"line":91,"column":62}},"33":{"start":{"line":92,"column":6},"end":{"line":92,"column":30}},"34":{"start":{"line":96,"column":2},"end":{"line":108,"column":null}},"35":{"start":{"line":96,"column":78},"end":{"line":108,"column":null}},"36":{"start":{"line":97,"column":4},"end":{"line":107,"column":5}},"37":{"start":{"line":98,"column":19},"end":{"line":98,"column":48}},"38":{"start":{"line":99,"column":20},"end":{"line":101,"column":8}},"39":{"start":{"line":102,"column":6},"end":{"line":102,"column":93}},"40":{"start":{"line":102,"column":40},"end":{"line":102,"column":93}},"41":{"start":{"line":103,"column":6},"end":{"line":103,"column":133}},"42":{"start":{"line":103,"column":44},"end":{"line":103,"column":129}},"43":{"start":{"line":105,"column":6},"end":{"line":105,"column":73}},"44":{"start":{"line":106,"column":6},"end":{"line":106,"column":30}},"45":{"start":{"line":110,"column":2},"end":{"line":136,"column":null}},"46":{"start":{"line":110,"column":75},"end":{"line":136,"column":null}},"47":{"start":{"line":111,"column":4},"end":{"line":135,"column":5}},"48":{"start":{"line":112,"column":24},"end":{"line":115,"column":8}},"49":{"start":{"line":116,"column":6},"end":{"line":116,"column":71}},"50":{"start":{"line":116,"column":22},"end":{"line":116,"column":71}},"51":{"start":{"line":117,"column":6},"end":{"line":131,"column":8}},"52":{"start":{"line":124,"column":48},"end":{"line":129,"column":12}},"53":{"start":{"line":133,"column":6},"end":{"line":133,"column":75}},"54":{"start":{"line":134,"column":6},"end":{"line":134,"column":30}},"55":{"start":{"line":138,"column":2},"end":{"line":178,"column":null}},"56":{"start":{"line":138,"column":75},"end":{"line":178,"column":null}},"57":{"start":{"line":139,"column":4},"end":{"line":177,"column":5}},"58":{"start":{"line":140,"column":24},"end":{"line":157,"column":8}},"59":{"start":{"line":158,"column":6},"end":{"line":158,"column":71}},"60":{"start":{"line":158,"column":22},"end":{"line":158,"column":71}},"61":{"start":{"line":159,"column":6},"end":{"line":173,"column":8}},"62":{"start":{"line":166,"column":48},"end":{"line":171,"column":12}},"63":{"start":{"line":175,"column":6},"end":{"line":175,"column":75}},"64":{"start":{"line":176,"column":6},"end":{"line":176,"column":30}},"65":{"start":{"line":41,"column":4},"end":{"line":41,"column":57}},"66":{"start":{"line":181,"column":4},"end":{"line":188,"column":5}},"67":{"start":{"line":183,"column":8},"end":{"line":183,"column":30}},"68":{"start":{"line":185,"column":8},"end":{"line":185,"column":30}},"69":{"start":{"line":187,"column":8},"end":{"line":187,"column":50}},"70":{"start":{"line":38,"column":13},"end":{"line":38,"column":24}},"71":{"start":{"line":38,"column":13},"end":{"line":190,"column":null}}},"fnMap":{"0":{"name":"(anonymous_10)","decl":{"start":{"line":40,"column":2},"end":{"line":40,"column":31}},"loc":{"start":{"line":40,"column":75},"end":{"line":42,"column":3}}},"1":{"name":"(anonymous_11)","decl":{"start":{"line":44,"column":20},"end":{"line":44,"column":27}},"loc":{"start":{"line":44,"column":108},"end":{"line":68,"column":4}}},"2":{"name":"(anonymous_12)","decl":{"start":{"line":44,"column":108},"end":{"line":44,"column":null}},"loc":{"start":{"line":44,"column":108},"end":{"line":68,"column":3}}},"3":{"name":"(anonymous_13)","decl":{"start":{"line":61,"column":14},"end":{"line":61,"column":15}},"loc":{"start":{"line":61,"column":23},"end":{"line":63,"column":7}}},"4":{"name":"(anonymous_14)","decl":{"start":{"line":70,"column":20},"end":{"line":70,"column":27}},"loc":{"start":{"line":70,"column":108},"end":{"line":94,"column":null}}},"5":{"name":"(anonymous_15)","decl":{"start":{"line":70,"column":108},"end":{"line":70,"column":null}},"loc":{"start":{"line":70,"column":108},"end":{"line":94,"column":3}}},"6":{"name":"(anonymous_16)","decl":{"start":{"line":87,"column":14},"end":{"line":87,"column":15}},"loc":{"start":{"line":87,"column":23},"end":{"line":89,"column":7}}},"7":{"name":"(anonymous_17)","decl":{"start":{"line":96,"column":19},"end":{"line":96,"column":26}},"loc":{"start":{"line":96,"column":78},"end":{"line":108,"column":null}}},"8":{"name":"(anonymous_18)","decl":{"start":{"line":96,"column":78},"end":{"line":96,"column":null}},"loc":{"start":{"line":96,"column":78},"end":{"line":108,"column":3}}},"9":{"name":"(anonymous_19)","decl":{"start":{"line":103,"column":32},"end":{"line":103,"column":33}},"loc":{"start":{"line":103,"column":41},"end":{"line":103,"column":130}}},"10":{"name":"(anonymous_20)","decl":{"start":{"line":110,"column":21},"end":{"line":110,"column":28}},"loc":{"start":{"line":110,"column":75},"end":{"line":136,"column":null}}},"11":{"name":"(anonymous_21)","decl":{"start":{"line":110,"column":75},"end":{"line":110,"column":null}},"loc":{"start":{"line":110,"column":75},"end":{"line":136,"column":3}}},"12":{"name":"(anonymous_22)","decl":{"start":{"line":124,"column":34},"end":{"line":124,"column":35}},"loc":{"start":{"line":124,"column":48},"end":{"line":129,"column":12}}},"13":{"name":"(anonymous_23)","decl":{"start":{"line":138,"column":21},"end":{"line":138,"column":28}},"loc":{"start":{"line":138,"column":75},"end":{"line":178,"column":null}}},"14":{"name":"(anonymous_24)","decl":{"start":{"line":138,"column":75},"end":{"line":138,"column":null}},"loc":{"start":{"line":138,"column":75},"end":{"line":178,"column":3}}},"15":{"name":"(anonymous_25)","decl":{"start":{"line":166,"column":34},"end":{"line":166,"column":35}},"loc":{"start":{"line":166,"column":48},"end":{"line":171,"column":12}}},"16":{"name":"(anonymous_26)","decl":{"start":{"line":180,"column":11},"end":{"line":180,"column":24}},"loc":{"start":{"line":180,"column":37},"end":{"line":189,"column":3}}}},"branchMap":{"0":{"loc":{"start":{"line":49,"column":6},"end":{"line":49,"column":76}},"type":"if","locations":[{"start":{"line":49,"column":6},"end":{"line":49,"column":76}}]},"1":{"loc":{"start":{"line":75,"column":6},"end":{"line":75,"column":76}},"type":"if","locations":[{"start":{"line":75,"column":6},"end":{"line":75,"column":76}}]},"2":{"loc":{"start":{"line":102,"column":6},"end":{"line":102,"column":93}},"type":"if","locations":[{"start":{"line":102,"column":6},"end":{"line":102,"column":93}}]},"3":{"loc":{"start":{"line":102,"column":10},"end":{"line":102,"column":38}},"type":"binary-expr","locations":[{"start":{"line":102,"column":10},"end":{"line":102,"column":16}},{"start":{"line":102,"column":20},"end":{"line":102,"column":38}}]},"4":{"loc":{"start":{"line":116,"column":6},"end":{"line":116,"column":71}},"type":"if","locations":[{"start":{"line":116,"column":6},"end":{"line":116,"column":71}}]},"5":{"loc":{"start":{"line":124,"column":10},"end":{"line":129,"column":19}},"type":"cond-expr","locations":[{"start":{"line":129,"column":13},"end":{"line":129,"column":17}},{"start":{"line":129,"column":17},"end":{"line":129,"column":19}}]},"6":{"loc":{"start":{"line":124,"column":10},"end":{"line":129,"column":17}},"type":"binary-expr","locations":[{"start":{"line":124,"column":10},"end":{"line":129,"column":17}},{"start":{"line":129,"column":13},"end":{"line":129,"column":17}}]},"7":{"loc":{"start":{"line":124,"column":10},"end":{"line":129,"column":13}},"type":"cond-expr","locations":[{"start":{"line":124,"column":28},"end":{"line":124,"column":30}},{"start":{"line":124,"column":28},"end":{"line":129,"column":13}}]},"8":{"loc":{"start":{"line":124,"column":10},"end":{"line":124,"column":30}},"type":"binary-expr","locations":[{"start":{"line":124,"column":10},"end":{"line":124,"column":30}},{"start":{"line":124,"column":28},"end":{"line":124,"column":30}}]},"9":{"loc":{"start":{"line":158,"column":6},"end":{"line":158,"column":71}},"type":"if","locations":[{"start":{"line":158,"column":6},"end":{"line":158,"column":71}}]},"10":{"loc":{"start":{"line":166,"column":10},"end":{"line":171,"column":19}},"type":"cond-expr","locations":[{"start":{"line":171,"column":13},"end":{"line":171,"column":17}},{"start":{"line":171,"column":17},"end":{"line":171,"column":19}}]},"11":{"loc":{"start":{"line":166,"column":10},"end":{"line":171,"column":17}},"type":"binary-expr","locations":[{"start":{"line":166,"column":10},"end":{"line":171,"column":17}},{"start":{"line":171,"column":13},"end":{"line":171,"column":17}}]},"12":{"loc":{"start":{"line":166,"column":10},"end":{"line":171,"column":13}},"type":"cond-expr","locations":[{"start":{"line":166,"column":28},"end":{"line":166,"column":30}},{"start":{"line":166,"column":28},"end":{"line":171,"column":13}}]},"13":{"loc":{"start":{"line":166,"column":10},"end":{"line":166,"column":30}},"type":"binary-expr","locations":[{"start":{"line":166,"column":10},"end":{"line":166,"column":30}},{"start":{"line":166,"column":28},"end":{"line":166,"column":30}}]},"14":{"loc":{"start":{"line":181,"column":4},"end":{"line":188,"column":5}},"type":"switch","locations":[{"start":{"line":182,"column":6},"end":{"line":183,"column":30}},{"start":{"line":184,"column":6},"end":{"line":185,"column":30}},{"start":{"line":186,"column":6},"end":{"line":187,"column":50}}]}},"s":{"0":1,"1":1,"2":1,"3":1,"4":1,"5":1,"6":1,"7":1,"8":1,"9":1,"10":1,"11":0,"12":0,"13":0,"14":0,"15":0,"16":0,"17":0,"18":0,"19":0,"20":0,"21":0,"22":0,"23":0,"24":0,"25":0,"26":0,"27":0,"28":0,"29":0,"30":0,"31":0,"32":0,"33":0,"34":0,"35":0,"36":0,"37":0,"38":0,"39":0,"40":0,"41":0,"42":0,"43":0,"44":0,"45":0,"46":0,"47":0,"48":0,"49":0,"50":0,"51":0,"52":0,"53":0,"54":0,"55":0,"56":0,"57":0,"58":0,"59":0,"60":0,"61":0,"62":0,"63":0,"64":0,"65":0,"66":0,"67":0,"68":0,"69":0,"70":1,"71":1},"f":{"0":0,"1":0,"2":0,"3":0,"4":0,"5":0,"6":0,"7":0,"8":0,"9":0,"10":0,"11":0,"12":0,"13":0,"14":0,"15":0,"16":0},"b":{"0":[0],"1":[0],"2":[0],"3":[0,0],"4":[0],"5":[0,0],"6":[0,0],"7":[0,0],"8":[0,0],"9":[0],"10":[0,0],"11":[0,0],"12":[0,0],"13":[0,0],"14":[0,0,0]}}
,"E:\\Faculdade\\Oficina 2\\back-end\\src\\service\\dto\\authenticated-user.dto.ts": {"path":"E:\\Faculdade\\Oficina 2\\back-end\\src\\service\\dto\\authenticated-user.dto.ts","statementMap":{"0":{"start":{"line":8,"column":4},"end":{"line":8,"column":17}},"1":{"start":{"line":9,"column":4},"end":{"line":9,"column":23}},"2":{"start":{"line":10,"column":4},"end":{"line":10,"column":21}},"3":{"start":{"line":11,"column":4},"end":{"line":11,"column":21}},"4":{"start":{"line":1,"column":0},"end":{"line":1,"column":13}}},"fnMap":{"0":{"name":"(anonymous_0)","decl":{"start":{"line":7,"column":2},"end":{"line":7,"column":14}},"loc":{"start":{"line":7,"column":67},"end":{"line":12,"column":3}}}},"branchMap":{},"s":{"0":0,"1":0,"2":0,"3":0,"4":1},"f":{"0":0},"b":{}}
,"E:\\Faculdade\\Oficina 2\\back-end\\src\\service\\dto\\created-subject.dto.ts": {"path":"E:\\Faculdade\\Oficina 2\\back-end\\src\\service\\dto\\created-subject.dto.ts","statementMap":{"0":{"start":{"line":8,"column":4},"end":{"line":8,"column":17}},"1":{"start":{"line":9,"column":4},"end":{"line":9,"column":21}},"2":{"start":{"line":10,"column":4},"end":{"line":10,"column":35}},"3":{"start":{"line":11,"column":4},"end":{"line":11,"column":35}},"4":{"start":{"line":1,"column":0},"end":{"line":1,"column":13}}},"fnMap":{"0":{"name":"(anonymous_0)","decl":{"start":{"line":7,"column":2},"end":{"line":7,"column":14}},"loc":{"start":{"line":7,"column":81},"end":{"line":12,"column":3}}}},"branchMap":{},"s":{"0":0,"1":0,"2":0,"3":0,"4":1},"f":{"0":0},"b":{}}
,"E:\\Faculdade\\Oficina 2\\back-end\\src\\service\\dto\\created-user.dto.ts": {"path":"E:\\Faculdade\\Oficina 2\\back-end\\src\\service\\dto\\created-user.dto.ts","statementMap":{"0":{"start":{"line":10,"column":4},"end":{"line":10,"column":17}},"1":{"start":{"line":11,"column":4},"end":{"line":11,"column":21}},"2":{"start":{"line":12,"column":4},"end":{"line":12,"column":23}},"3":{"start":{"line":13,"column":4},"end":{"line":13,"column":21}},"4":{"start":{"line":14,"column":4},"end":{"line":14,"column":31}},"5":{"start":{"line":2,"column":0},"end":{"line":2,"column":13}}},"fnMap":{"0":{"name":"(anonymous_0)","decl":{"start":{"line":9,"column":2},"end":{"line":9,"column":14}},"loc":{"start":{"line":9,"column":85},"end":{"line":15,"column":3}}}},"branchMap":{},"s":{"0":0,"1":0,"2":0,"3":0,"4":0,"5":1},"f":{"0":0},"b":{}}
,"E:\\Faculdade\\Oficina 2\\back-end\\src\\service\\dto\\subject-output.dto.ts": {"path":"E:\\Faculdade\\Oficina 2\\back-end\\src\\service\\dto\\subject-output.dto.ts","statementMap":{"0":{"start":{"line":14,"column":4},"end":{"line":14,"column":17}},"1":{"start":{"line":15,"column":4},"end":{"line":15,"column":21}},"2":{"start":{"line":16,"column":4},"end":{"line":16,"column":35}},"3":{"start":{"line":17,"column":4},"end":{"line":17,"column":33}},"4":{"start":{"line":18,"column":4},"end":{"line":18,"column":29}},"5":{"start":{"line":19,"column":4},"end":{"line":19,"column":31}},"6":{"start":{"line":20,"column":4},"end":{"line":20,"column":27}},"7":{"start":{"line":21,"column":4},"end":{"line":21,"column":39}},"8":{"start":{"line":22,"column":4},"end":{"line":22,"column":31}},"9":{"start":{"line":23,"column":4},"end":{"line":23,"column":33}},"10":{"start":{"line":1,"column":0},"end":{"line":1,"column":13}}},"fnMap":{"0":{"name":"(anonymous_0)","decl":{"start":{"line":13,"column":2},"end":{"line":13,"column":14}},"loc":{"start":{"line":13,"column":251},"end":{"line":24,"column":3}}}},"branchMap":{},"s":{"0":1,"1":1,"2":1,"3":1,"4":1,"5":1,"6":1,"7":1,"8":1,"9":1,"10":1},"f":{"0":1},"b":{}}
,"E:\\Faculdade\\Oficina 2\\back-end\\src\\service\\dto\\user-output.dto.ts": {"path":"E:\\Faculdade\\Oficina 2\\back-end\\src\\service\\dto\\user-output.dto.ts","statementMap":{"0":{"start":{"line":17,"column":4},"end":{"line":17,"column":17}},"1":{"start":{"line":18,"column":4},"end":{"line":18,"column":21}},"2":{"start":{"line":19,"column":4},"end":{"line":19,"column":23}},"3":{"start":{"line":20,"column":4},"end":{"line":20,"column":21}},"4":{"start":{"line":21,"column":4},"end":{"line":21,"column":31}},"5":{"start":{"line":22,"column":4},"end":{"line":22,"column":29}},"6":{"start":{"line":1,"column":0},"end":{"line":1,"column":13}}},"fnMap":{"0":{"name":"(anonymous_0)","decl":{"start":{"line":9,"column":2},"end":{"line":9,"column":null}},"loc":{"start":{"line":15,"column":44},"end":{"line":23,"column":3}}}},"branchMap":{},"s":{"0":0,"1":0,"2":0,"3":0,"4":0,"5":0,"6":1},"f":{"0":0},"b":{}}
,"E:\\Faculdade\\Oficina 2\\back-end\\src\\service\\error\\bad-credentials.error.ts": {"path":"E:\\Faculdade\\Oficina 2\\back-end\\src\\service\\error\\bad-credentials.error.ts","statementMap":{"0":{"start":{"line":3,"column":4},"end":{"line":3,"column":68}},"1":{"start":{"line":1,"column":0},"end":{"line":1,"column":21}}},"fnMap":{"0":{"name":"(anonymous_0)","decl":{"start":{"line":2,"column":2},"end":{"line":2,"column":null}},"loc":{"start":{"line":2,"column":2},"end":{"line":4,"column":3}}}},"branchMap":{},"s":{"0":0,"1":1},"f":{"0":0},"b":{}}
,"E:\\Faculdade\\Oficina 2\\back-end\\src\\service\\error\\professor-not-found.error.ts": {"path":"E:\\Faculdade\\Oficina 2\\back-end\\src\\service\\error\\professor-not-found.error.ts","statementMap":{"0":{"start":{"line":3,"column":4},"end":{"line":3,"column":79}},"1":{"start":{"line":1,"column":0},"end":{"line":1,"column":21}}},"fnMap":{"0":{"name":"(anonymous_0)","decl":{"start":{"line":2,"column":2},"end":{"line":2,"column":14}},"loc":{"start":{"line":2,"column":24},"end":{"line":4,"column":3}}}},"branchMap":{},"s":{"0":0,"1":1},"f":{"0":0},"b":{}}
,"E:\\Faculdade\\Oficina 2\\back-end\\src\\service\\error\\subject-already-exists.error.ts": {"path":"E:\\Faculdade\\Oficina 2\\back-end\\src\\service\\error\\subject-already-exists.error.ts","statementMap":{"0":{"start":{"line":3,"column":4},"end":{"line":3,"column":91}},"1":{"start":{"line":1,"column":0},"end":{"line":1,"column":21}}},"fnMap":{"0":{"name":"(anonymous_0)","decl":{"start":{"line":2,"column":2},"end":{"line":2,"column":14}},"loc":{"start":{"line":2,"column":26},"end":{"line":4,"column":3}}}},"branchMap":{},"s":{"0":0,"1":1},"f":{"0":0},"b":{}}
,"E:\\Faculdade\\Oficina 2\\back-end\\src\\service\\error\\subject-not-found.error.ts": {"path":"E:\\Faculdade\\Oficina 2\\back-end\\src\\service\\error\\subject-not-found.error.ts","statementMap":{"0":{"start":{"line":3,"column":4},"end":{"line":3,"column":113}},"1":{"start":{"line":1,"column":0},"end":{"line":1,"column":21}}},"fnMap":{"0":{"name":"(anonymous_0)","decl":{"start":{"line":2,"column":2},"end":{"line":2,"column":14}},"loc":{"start":{"line":2,"column":52},"end":{"line":4,"column":3}}}},"branchMap":{},"s":{"0":0,"1":1},"f":{"0":0},"b":{}}
,"E:\\Faculdade\\Oficina 2\\back-end\\src\\service\\error\\user-already-exists.error.ts": {"path":"E:\\Faculdade\\Oficina 2\\back-end\\src\\service\\error\\user-already-exists.error.ts","statementMap":{"0":{"start":{"line":3,"column":4},"end":{"line":3,"column":87}},"1":{"start":{"line":1,"column":0},"end":{"line":1,"column":21}}},"fnMap":{"0":{"name":"(anonymous_0)","decl":{"start":{"line":2,"column":2},"end":{"line":2,"column":14}},"loc":{"start":{"line":2,"column":27},"end":{"line":4,"column":3}}}},"branchMap":{},"s":{"0":0,"1":1},"f":{"0":0},"b":{}}
,"E:\\Faculdade\\Oficina 2\\back-end\\src\\service\\error\\volunteer-not-found.error.ts": {"path":"E:\\Faculdade\\Oficina 2\\back-end\\src\\service\\error\\volunteer-not-found.error.ts","statementMap":{"0":{"start":{"line":3,"column":4},"end":{"line":3,"column":79}},"1":{"start":{"line":1,"column":0},"end":{"line":1,"column":21}}},"fnMap":{"0":{"name":"(anonymous_0)","decl":{"start":{"line":2,"column":2},"end":{"line":2,"column":14}},"loc":{"start":{"line":2,"column":24},"end":{"line":4,"column":3}}}},"branchMap":{},"s":{"0":0,"1":1},"f":{"0":0},"b":{}}
,"E:\\Faculdade\\Oficina 2\\back-end\\src\\util\\logger.util.ts": {"path":"E:\\Faculdade\\Oficina 2\\back-end\\src\\util\\logger.util.ts","statementMap":{"0":{"start":{"line":1,"column":0},"end":{"line":1,"column":28}},"1":{"start":{"line":3,"column":23},"end":{"line":3,"column":75}},"2":{"start":{"line":5,"column":24},"end":{"line":12,"column":1}},"3":{"start":{"line":6,"column":2},"end":{"line":6,"column":18}},"4":{"start":{"line":7,"column":23},"end":{"line":7,"column":58}},"5":{"start":{"line":8,"column":2},"end":{"line":10,"column":3}},"6":{"start":{"line":9,"column":4},"end":{"line":9,"column":64}},"7":{"start":{"line":11,"column":2},"end":{"line":11,"column":22}},"8":{"start":{"line":14,"column":13},"end":{"line":16,"column":3}}},"fnMap":{"0":{"name":"(anonymous_1)","decl":{"start":{"line":5,"column":24},"end":{"line":5,"column":27}},"loc":{"start":{"line":5,"column":29},"end":{"line":12,"column":1}}}},"branchMap":{"0":{"loc":{"start":{"line":8,"column":2},"end":{"line":10,"column":3}},"type":"if","locations":[{"start":{"line":8,"column":2},"end":{"line":10,"column":3}}]}},"s":{"0":3,"1":3,"2":3,"3":3,"4":3,"5":3,"6":0,"7":3,"8":3},"f":{"0":3},"b":{"0":[0]}}
}
