TN:
SF:src\main.ts
FN:12,(anonymous_8)
FN:12,(anonymous_9)
FN:19,(anonymous_10)
FNF:3
FNH:2
FNDA:1,(anonymous_8)
FNDA:1,(anonymous_9)
FNDA:0,(anonymous_10)
DA:1,1
DA:2,1
DA:3,1
DA:4,1
DA:5,1
DA:6,1
DA:7,1
DA:8,1
DA:9,1
DA:12,1
DA:13,1
DA:14,1
DA:15,1
DA:16,1
DA:17,1
DA:18,1
DA:19,1
DA:20,0
LF:18
LH:17
BRF:0
BRH:0
end_of_record
TN:
SF:src\common\constant.common.ts
FN:1,(anonymous_0)
FNF:1
FNH:1
FNDA:2,(anonymous_0)
DA:1,2
DA:2,2
DA:3,2
DA:4,2
DA:5,2
DA:6,2
DA:7,2
LF:7
LH:7
BRDA:1,0,0,2
BRDA:1,0,1,2
BRF:2
BRH:2
end_of_record
TN:
SF:src\common\http-status.common.ts
FN:1,(anonymous_0)
FNF:1
FNH:1
FNDA:3,(anonymous_0)
DA:1,3
DA:2,3
DA:3,3
DA:4,3
DA:5,3
DA:6,3
DA:7,3
DA:8,3
DA:9,3
DA:10,3
DA:11,3
DA:12,3
LF:12
LH:12
BRDA:1,0,0,3
BRDA:1,0,1,3
BRF:2
BRH:2
end_of_record
TN:
SF:src\configuration\environment.configuration.ts
FN:9,(anonymous_3)
FN:13,(anonymous_4)
FN:17,(anonymous_5)
FN:24,(anonymous_6)
FNF:4
FNH:0
FNDA:0,(anonymous_3)
FNDA:0,(anonymous_4)
FNDA:0,(anonymous_5)
FNDA:0,(anonymous_6)
DA:1,2
DA:2,2
DA:3,2
DA:4,2
DA:5,2
DA:8,2
DA:10,0
DA:13,0
DA:14,0
DA:17,0
DA:18,0
DA:19,0
DA:20,0
DA:21,0
DA:24,0
DA:25,0
DA:26,0
DA:27,0
DA:29,0
LF:19
LH:6
BRDA:19,0,0,0
BRF:1
BRH:0
end_of_record
TN:
SF:src\configuration\express.configuration.ts
FN:10,(anonymous_3)
FN:14,(anonymous_4)
FN:23,(anonymous_5)
FNF:3
FNH:0
FNDA:0,(anonymous_3)
FNDA:0,(anonymous_4)
FNDA:0,(anonymous_5)
DA:1,1
DA:2,1
DA:3,1
DA:4,1
DA:7,1
DA:11,0
DA:14,0
DA:15,0
DA:16,0
DA:17,0
DA:18,0
DA:19,0
DA:20,0
DA:23,0
DA:24,0
LF:15
LH:5
BRF:0
BRH:0
end_of_record
TN:
SF:src\configuration\route.configuration.ts
FN:9,(anonymous_3)
FN:13,(anonymous_4)
FN:15,(anonymous_5)
FNF:3
FNH:0
FNDA:0,(anonymous_3)
FNDA:0,(anonymous_4)
FNDA:0,(anonymous_5)
DA:1,1
DA:2,1
DA:3,1
DA:5,1
DA:8,1
DA:9,0
DA:10,0
DA:13,0
DA:14,0
DA:15,0
DA:16,0
DA:17,0
DA:18,0
LF:13
LH:5
BRF:0
BRH:0
end_of_record
TN:
SF:src\configuration\swagger.configuration.ts
FN:10,(anonymous_3)
FN:46,(anonymous_4)
FNF:2
FNH:0
FNDA:0,(anonymous_3)
FNDA:0,(anonymous_4)
DA:1,1
DA:2,1
DA:3,1
DA:4,1
DA:7,1
DA:10,0
DA:11,0
DA:47,0
LF:8
LH:5
BRF:0
BRH:0
end_of_record
TN:
SF:src\configuration\database\database.configuration.ts
FN:9,(anonymous_9)
FN:14,(anonymous_10)
FN:14,(anonymous_11)
FN:17,(anonymous_12)
FN:27,(anonymous_13)
FNF:5
FNH:0
FNDA:0,(anonymous_9)
FNDA:0,(anonymous_10)
FNDA:0,(anonymous_11)
FNDA:0,(anonymous_12)
FNDA:0,(anonymous_13)
DA:1,4
DA:2,4
DA:3,4
DA:6,4
DA:10,0
DA:11,0
DA:14,0
DA:15,0
DA:16,0
DA:18,0
DA:21,0
DA:22,0
DA:27,0
DA:28,0
LF:14
LH:4
BRF:0
BRH:0
end_of_record
TN:
SF:src\configuration\error\environment-variable-not-found.error.ts
FN:2,(anonymous_0)
FNF:1
FNH:0
FNDA:0,(anonymous_0)
DA:1,2
DA:3,0
LF:2
LH:1
BRF:0
BRH:0
end_of_record
TN:
SF:src\configuration\error\invalid-environment-variable-type.error.ts
FN:2,(anonymous_0)
FNF:1
FNH:0
FNDA:0,(anonymous_0)
DA:1,2
DA:3,0
LF:2
LH:1
BRF:0
BRH:0
end_of_record
TN:
SF:src\controller\authentication.controller.ts
FN:8,(anonymous_9)
FN:10,(anonymous_10)
FN:10,(anonymous_11)
FNF:3
FNH:3
FNDA:2,(anonymous_9)
FNDA:2,(anonymous_10)
FNDA:2,(anonymous_11)
DA:1,1
DA:2,1
DA:4,1
DA:7,1
DA:8,2
DA:10,2
DA:11,2
DA:12,2
DA:13,2
DA:14,1
DA:16,1
LF:11
LH:11
BRDA:13,0,0,1
BRF:1
BRH:1
end_of_record
TN:
SF:src\controller\subject.controlller.ts
FN:8,(anonymous_9)
FN:10,(anonymous_10)
FN:10,(anonymous_11)
FN:27,(anonymous_12)
FN:27,(anonymous_13)
FN:34,(anonymous_14)
FN:34,(anonymous_15)
FN:42,(anonymous_16)
FN:42,(anonymous_17)
FN:62,(anonymous_18)
FN:62,(anonymous_19)
FNF:11
FNH:11
FNDA:9,(anonymous_9)
FNDA:2,(anonymous_10)
FNDA:2,(anonymous_11)
FNDA:1,(anonymous_12)
FNDA:1,(anonymous_13)
FNDA:2,(anonymous_14)
FNDA:2,(anonymous_15)
FNDA:2,(anonymous_16)
FNDA:2,(anonymous_17)
FNDA:2,(anonymous_18)
FNDA:2,(anonymous_19)
DA:1,1
DA:2,1
DA:4,1
DA:7,1
DA:8,9
DA:10,9
DA:11,2
DA:12,2
DA:13,2
DA:23,2
DA:24,1
DA:27,9
DA:28,1
DA:29,1
DA:30,1
DA:31,1
DA:34,9
DA:35,2
DA:36,2
DA:37,2
DA:38,1
DA:42,9
DA:43,2
DA:44,2
DA:45,2
DA:58,2
DA:59,1
DA:62,9
DA:63,2
DA:64,2
DA:65,2
DA:66,1
LF:32
LH:32
BRDA:23,0,0,1
BRDA:30,1,0,0
BRDA:37,2,0,1
BRDA:58,3,0,1
BRDA:65,4,0,1
BRF:5
BRH:4
end_of_record
TN:
SF:src\controller\user.controller.ts
FN:8,(anonymous_9)
FN:10,(anonymous_10)
FN:10,(anonymous_11)
FN:17,(anonymous_12)
FN:17,(anonymous_13)
FN:24,(anonymous_14)
FN:24,(anonymous_15)
FN:31,(anonymous_16)
FN:31,(anonymous_17)
FN:38,(anonymous_18)
FN:38,(anonymous_19)
FNF:11
FNH:11
FNDA:10,(anonymous_9)
FNDA:2,(anonymous_10)
FNDA:2,(anonymous_11)
FNDA:2,(anonymous_12)
FNDA:2,(anonymous_13)
FNDA:2,(anonymous_14)
FNDA:2,(anonymous_15)
FNDA:2,(anonymous_16)
FNDA:2,(anonymous_17)
FNDA:2,(anonymous_18)
FNDA:2,(anonymous_19)
DA:1,1
DA:2,1
DA:4,1
DA:7,1
DA:8,10
DA:10,10
DA:11,2
DA:12,2
DA:13,2
DA:14,1
DA:17,10
DA:18,2
DA:19,2
DA:20,2
DA:21,1
DA:24,10
DA:25,2
DA:26,2
DA:27,2
DA:28,1
DA:31,10
DA:32,2
DA:33,2
DA:34,2
DA:35,1
DA:38,10
DA:39,2
DA:40,2
DA:41,2
DA:42,1
LF:30
LH:30
BRDA:13,0,0,1
BRDA:20,1,0,1
BRDA:27,2,0,1
BRDA:34,3,0,1
BRDA:41,4,0,1
BRF:5
BRH:5
end_of_record
TN:
SF:src\service\authentication.service.ts
FN:21,(anonymous_10)
FN:27,(anonymous_11)
FN:27,(anonymous_12)
FNF:3
FNH:0
FNDA:0,(anonymous_10)
FNDA:0,(anonymous_11)
FNDA:0,(anonymous_12)
DA:2,1
DA:3,1
DA:4,1
DA:5,1
DA:6,1
DA:7,1
DA:8,1
DA:9,1
DA:10,1
DA:19,1
DA:21,0
DA:22,0
DA:24,0
DA:27,0
DA:28,0
DA:29,0
DA:32,0
DA:33,0
DA:34,0
DA:35,0
DA:37,0
DA:42,0
DA:52,0
DA:53,0
LF:24
LH:10
BRDA:32,0,0,0
BRDA:34,1,0,0
BRF:2
BRH:0
end_of_record
TN:
SF:src\service\subject.service.ts
FN:34,(anonymous_10)
FN:38,(anonymous_11)
FN:38,(anonymous_12)
FN:57,(anonymous_13)
FN:66,(anonymous_14)
FN:66,(anonymous_15)
FN:72,(anonymous_16)
FN:79,(anonymous_17)
FN:79,(anonymous_18)
FN:114,(anonymous_19)
FN:125,(anonymous_20)
FN:125,(anonymous_21)
FN:142,(anonymous_22)
FN:142,(anonymous_23)
FNF:14
FNH:0
FNDA:0,(anonymous_10)
FNDA:0,(anonymous_11)
FNDA:0,(anonymous_12)
FNDA:0,(anonymous_13)
FNDA:0,(anonymous_14)
FNDA:0,(anonymous_15)
FNDA:0,(anonymous_16)
FNDA:0,(anonymous_17)
FNDA:0,(anonymous_18)
FNDA:0,(anonymous_19)
FNDA:0,(anonymous_20)
FNDA:0,(anonymous_21)
FNDA:0,(anonymous_22)
FNDA:0,(anonymous_23)
DA:1,1
DA:3,1
DA:4,1
DA:5,1
DA:6,1
DA:7,1
DA:30,1
DA:34,0
DA:35,0
DA:38,0
DA:39,0
DA:40,0
DA:43,0
DA:44,0
DA:58,0
DA:61,0
DA:62,0
DA:66,0
DA:67,0
DA:68,0
DA:71,0
DA:72,0
DA:74,0
DA:75,0
DA:79,0
DA:80,0
DA:81,0
DA:100,0
DA:101,0
DA:114,0
DA:120,0
DA:121,0
DA:125,0
DA:126,0
DA:127,0
DA:130,0
DA:131,0
DA:135,0
DA:137,0
DA:138,0
DA:142,0
DA:143,0
DA:144,0
DA:147,0
DA:148,0
DA:151,0
DA:153,0
DA:154,0
LF:48
LH:7
BRDA:43,0,0,0
BRDA:71,1,0,0
BRDA:71,2,0,0
BRDA:71,2,1,0
BRDA:100,3,0,0
BRDA:114,4,0,0
BRDA:114,4,1,0
BRDA:114,5,0,0
BRDA:114,5,1,0
BRDA:130,6,0,0
BRDA:147,7,0,0
BRF:11
BRH:0
end_of_record
TN:
SF:src\service\user.service.ts
FN:40,(anonymous_10)
FN:44,(anonymous_11)
FN:44,(anonymous_12)
FN:61,(anonymous_13)
FN:70,(anonymous_14)
FN:70,(anonymous_15)
FN:87,(anonymous_16)
FN:96,(anonymous_17)
FN:96,(anonymous_18)
FN:103,(anonymous_19)
FN:110,(anonymous_20)
FN:110,(anonymous_21)
FN:124,(anonymous_22)
FN:138,(anonymous_23)
FN:138,(anonymous_24)
FN:166,(anonymous_25)
FN:180,(anonymous_26)
FNF:17
FNH:0
FNDA:0,(anonymous_10)
FNDA:0,(anonymous_11)
FNDA:0,(anonymous_12)
FNDA:0,(anonymous_13)
FNDA:0,(anonymous_14)
FNDA:0,(anonymous_15)
FNDA:0,(anonymous_16)
FNDA:0,(anonymous_17)
FNDA:0,(anonymous_18)
FNDA:0,(anonymous_19)
FNDA:0,(anonymous_20)
FNDA:0,(anonymous_21)
FNDA:0,(anonymous_22)
FNDA:0,(anonymous_23)
FNDA:0,(anonymous_24)
FNDA:0,(anonymous_25)
FNDA:0,(anonymous_26)
DA:1,1
DA:2,1
DA:3,1
DA:4,1
DA:5,1
DA:6,1
DA:7,1
DA:8,1
DA:9,1
DA:10,1
DA:38,1
DA:40,0
DA:41,0
DA:44,0
DA:45,0
DA:46,0
DA:49,0
DA:50,0
DA:51,0
DA:62,0
DA:65,0
DA:66,0
DA:70,0
DA:71,0
DA:72,0
DA:75,0
DA:76,0
DA:77,0
DA:88,0
DA:91,0
DA:92,0
DA:96,0
DA:97,0
DA:98,0
DA:99,0
DA:102,0
DA:103,0
DA:105,0
DA:106,0
DA:110,0
DA:111,0
DA:112,0
DA:116,0
DA:117,0
DA:124,0
DA:133,0
DA:134,0
DA:138,0
DA:139,0
DA:140,0
DA:158,0
DA:159,0
DA:166,0
DA:175,0
DA:176,0
DA:181,0
DA:183,0
DA:185,0
DA:187,0
LF:59
LH:11
BRDA:49,0,0,0
BRDA:75,1,0,0
BRDA:102,2,0,0
BRDA:102,3,0,0
BRDA:102,3,1,0
BRDA:116,4,0,0
BRDA:124,5,0,0
BRDA:124,5,1,0
BRDA:124,6,0,0
BRDA:124,6,1,0
BRDA:124,7,0,0
BRDA:124,7,1,0
BRDA:124,8,0,0
BRDA:124,8,1,0
BRDA:158,9,0,0
BRDA:166,10,0,0
BRDA:166,10,1,0
BRDA:166,11,0,0
BRDA:166,11,1,0
BRDA:166,12,0,0
BRDA:166,12,1,0
BRDA:166,13,0,0
BRDA:166,13,1,0
BRDA:181,14,0,0
BRDA:181,14,1,0
BRDA:181,14,2,0
BRF:26
BRH:0
end_of_record
TN:
SF:src\service\dto\authenticated-user.dto.ts
FN:7,(anonymous_0)
FNF:1
FNH:0
FNDA:0,(anonymous_0)
DA:1,1
DA:8,0
DA:9,0
DA:10,0
DA:11,0
LF:5
LH:1
BRF:0
BRH:0
end_of_record
TN:
SF:src\service\dto\created-subject.dto.ts
FN:7,(anonymous_0)
FNF:1
FNH:0
FNDA:0,(anonymous_0)
DA:1,1
DA:8,0
DA:9,0
DA:10,0
DA:11,0
LF:5
LH:1
BRF:0
BRH:0
end_of_record
TN:
SF:src\service\dto\created-user.dto.ts
FN:9,(anonymous_0)
FNF:1
FNH:0
FNDA:0,(anonymous_0)
DA:2,1
DA:10,0
DA:11,0
DA:12,0
DA:13,0
DA:14,0
LF:6
LH:1
BRF:0
BRH:0
end_of_record
TN:
SF:src\service\dto\subject-output.dto.ts
FN:13,(anonymous_0)
FNF:1
FNH:1
FNDA:1,(anonymous_0)
DA:1,1
DA:14,1
DA:15,1
DA:16,1
DA:17,1
DA:18,1
DA:19,1
DA:20,1
DA:21,1
DA:22,1
DA:23,1
LF:11
LH:11
BRF:0
BRH:0
end_of_record
TN:
SF:src\service\dto\user-output.dto.ts
FN:9,(anonymous_0)
FNF:1
FNH:0
FNDA:0,(anonymous_0)
DA:1,1
DA:17,0
DA:18,0
DA:19,0
DA:20,0
DA:21,0
DA:22,0
LF:7
LH:1
BRF:0
BRH:0
end_of_record
TN:
SF:src\service\error\bad-credentials.error.ts
FN:2,(anonymous_0)
FNF:1
FNH:0
FNDA:0,(anonymous_0)
DA:1,1
DA:3,0
LF:2
LH:1
BRF:0
BRH:0
end_of_record
TN:
SF:src\service\error\professor-not-found.error.ts
FN:2,(anonymous_0)
FNF:1
FNH:0
FNDA:0,(anonymous_0)
DA:1,1
DA:3,0
LF:2
LH:1
BRF:0
BRH:0
end_of_record
TN:
SF:src\service\error\subject-already-exists.error.ts
FN:2,(anonymous_0)
FNF:1
FNH:0
FNDA:0,(anonymous_0)
DA:1,1
DA:3,0
LF:2
LH:1
BRF:0
BRH:0
end_of_record
TN:
SF:src\service\error\subject-not-found.error.ts
FN:2,(anonymous_0)
FNF:1
FNH:0
FNDA:0,(anonymous_0)
DA:1,1
DA:3,0
LF:2
LH:1
BRF:0
BRH:0
end_of_record
TN:
SF:src\service\error\user-already-exists.error.ts
FN:2,(anonymous_0)
FNF:1
FNH:0
FNDA:0,(anonymous_0)
DA:1,1
DA:3,0
LF:2
LH:1
BRF:0
BRH:0
end_of_record
TN:
SF:src\service\error\volunteer-not-found.error.ts
FN:2,(anonymous_0)
FNF:1
FNH:0
FNDA:0,(anonymous_0)
DA:1,1
DA:3,0
LF:2
LH:1
BRF:0
BRH:0
end_of_record
TN:
SF:src\util\logger.util.ts
FN:5,(anonymous_1)
FNF:1
FNH:1
FNDA:3,(anonymous_1)
DA:1,3
DA:3,3
DA:5,3
DA:6,3
DA:7,3
DA:8,3
DA:9,0
DA:11,3
DA:14,3
LF:9
LH:8
BRDA:8,0,0,0
BRF:1
BRH:0
end_of_record
