TN:
SF:src/main.ts
FN:13,(anonymous_8)
FN:13,(anonymous_9)
FN:21,(anonymous_10)
FNF:3
FNH:2
FNDA:1,(anonymous_8)
FNDA:1,(anonymous_9)
FNDA:0,(anonymous_10)
DA:1,1
DA:2,1
DA:3,1
DA:4,1
DA:5,1
DA:6,1
DA:7,1
DA:8,1
DA:9,1
DA:10,1
DA:13,1
DA:14,1
DA:15,1
DA:16,1
DA:17,1
DA:18,1
DA:19,1
DA:20,1
DA:21,1
DA:22,0
LF:20
LH:19
BRF:0
BRH:0
end_of_record
TN:
SF:src/common/constant.common.ts
FN:1,(anonymous_0)
FNF:1
FNH:1
FNDA:3,(anonymous_0)
DA:1,3
DA:2,3
DA:3,3
DA:4,3
DA:5,3
DA:6,3
DA:7,3
DA:8,3
DA:9,3
LF:9
LH:9
BRDA:1,0,0,3
BRDA:1,0,1,3
BRF:2
BRH:2
end_of_record
TN:
SF:src/common/http-status.common.ts
FN:1,(anonymous_0)
FNF:1
FNH:1
FNDA:3,(anonymous_0)
DA:1,3
DA:2,3
DA:3,3
DA:4,3
DA:5,3
DA:6,3
DA:7,3
DA:8,3
DA:9,3
DA:10,3
DA:11,3
DA:12,3
LF:12
LH:12
BRDA:1,0,0,3
BRDA:1,0,1,3
BRF:2
BRH:2
end_of_record
TN:
SF:src/configuration/environment.configuration.ts
FN:9,(anonymous_3)
FN:13,(anonymous_4)
FN:17,(anonymous_5)
FN:24,(anonymous_6)
FNF:4
FNH:0
FNDA:0,(anonymous_3)
FNDA:0,(anonymous_4)
FNDA:0,(anonymous_5)
FNDA:0,(anonymous_6)
DA:1,3
DA:2,3
DA:3,3
DA:4,3
DA:5,3
DA:8,3
DA:10,0
DA:13,0
DA:14,0
DA:17,0
DA:18,0
DA:19,0
DA:20,0
DA:21,0
DA:24,0
DA:25,0
DA:26,0
DA:27,0
DA:29,0
LF:19
LH:6
BRDA:19,0,0,0
BRF:1
BRH:0
end_of_record
TN:
SF:src/configuration/express.configuration.ts
FN:10,(anonymous_3)
FN:14,(anonymous_4)
FN:23,(anonymous_5)
FNF:3
FNH:0
FNDA:0,(anonymous_3)
FNDA:0,(anonymous_4)
FNDA:0,(anonymous_5)
DA:1,1
DA:2,1
DA:3,1
DA:4,1
DA:7,1
DA:11,0
DA:14,0
DA:15,0
DA:16,0
DA:17,0
DA:18,0
DA:19,0
DA:20,0
DA:23,0
DA:24,0
LF:15
LH:5
BRF:0
BRH:0
end_of_record
TN:
SF:src/configuration/resend.configuration.ts
FN:10,(anonymous_3)
FN:20,(anonymous_4)
FNF:2
FNH:0
FNDA:0,(anonymous_3)
FNDA:0,(anonymous_4)
DA:1,1
DA:2,1
DA:3,1
DA:4,1
DA:7,1
DA:11,0
DA:13,0
DA:14,0
DA:15,0
DA:17,0
DA:21,0
LF:11
LH:5
BRDA:14,0,0,0
BRF:1
BRH:0
end_of_record
TN:
SF:src/configuration/route.configuration.ts
FN:9,(anonymous_3)
FN:13,(anonymous_4)
FN:15,(anonymous_5)
FNF:3
FNH:0
FNDA:0,(anonymous_3)
FNDA:0,(anonymous_4)
FNDA:0,(anonymous_5)
DA:1,1
DA:2,1
DA:3,1
DA:5,1
DA:8,1
DA:9,0
DA:10,0
DA:13,0
DA:14,0
DA:15,0
DA:16,0
DA:17,0
DA:18,0
LF:13
LH:5
BRF:0
BRH:0
end_of_record
TN:
SF:src/configuration/swagger.configuration.ts
FN:10,(anonymous_3)
FN:46,(anonymous_4)
FNF:2
FNH:0
FNDA:0,(anonymous_3)
FNDA:0,(anonymous_4)
DA:1,1
DA:2,1
DA:3,1
DA:4,1
DA:7,1
DA:10,0
DA:11,0
DA:47,0
LF:8
LH:5
BRF:0
BRH:0
end_of_record
TN:
SF:src/configuration/database/database.configuration.ts
FN:9,(anonymous_9)
FN:14,(anonymous_10)
FN:14,(anonymous_11)
FN:17,(anonymous_12)
FN:27,(anonymous_13)
FNF:5
FNH:0
FNDA:0,(anonymous_9)
FNDA:0,(anonymous_10)
FNDA:0,(anonymous_11)
FNDA:0,(anonymous_12)
FNDA:0,(anonymous_13)
DA:1,8
DA:2,8
DA:3,8
DA:6,8
DA:10,0
DA:11,0
DA:14,0
DA:15,0
DA:16,0
DA:18,0
DA:21,0
DA:22,0
DA:27,0
DA:28,0
LF:14
LH:4
BRF:0
BRH:0
end_of_record
TN:
SF:src/configuration/error/environment-variable-not-found.error.ts
FN:2,(anonymous_0)
FNF:1
FNH:0
FNDA:0,(anonymous_0)
DA:1,3
DA:3,0
LF:2
LH:1
BRF:0
BRH:0
end_of_record
TN:
SF:src/configuration/error/invalid-environment-variable-type.error.ts
FN:2,(anonymous_0)
FNF:1
FNH:0
FNDA:0,(anonymous_0)
DA:1,3
DA:3,0
LF:2
LH:1
BRF:0
BRH:0
end_of_record
TN:
SF:src/controller/authentication.controller.ts
FN:8,(anonymous_9)
FN:10,(anonymous_10)
FN:10,(anonymous_11)
FNF:3
FNH:3
FNDA:2,(anonymous_9)
FNDA:2,(anonymous_10)
FNDA:2,(anonymous_11)
DA:1,1
DA:2,1
DA:4,1
DA:7,1
DA:8,2
DA:10,2
DA:11,2
DA:12,2
DA:13,2
DA:14,1
DA:16,1
LF:11
LH:11
BRDA:13,0,0,1
BRF:1
BRH:1
end_of_record
TN:
SF:src/controller/subject.controller.ts
FN:8,(anonymous_9)
FN:10,(anonymous_10)
FN:10,(anonymous_11)
FN:26,(anonymous_12)
FN:26,(anonymous_13)
FN:33,(anonymous_14)
FN:33,(anonymous_15)
FN:40,(anonymous_16)
FN:40,(anonymous_17)
FN:59,(anonymous_18)
FN:59,(anonymous_19)
FNF:11
FNH:11
FNDA:9,(anonymous_9)
FNDA:2,(anonymous_10)
FNDA:2,(anonymous_11)
FNDA:1,(anonymous_12)
FNDA:1,(anonymous_13)
FNDA:2,(anonymous_14)
FNDA:2,(anonymous_15)
FNDA:2,(anonymous_16)
FNDA:2,(anonymous_17)
FNDA:2,(anonymous_18)
FNDA:2,(anonymous_19)
DA:1,1
DA:2,1
DA:4,1
DA:7,1
DA:8,9
DA:10,9
DA:11,2
DA:12,2
DA:13,2
DA:22,2
DA:23,1
DA:26,9
DA:27,1
DA:28,1
DA:29,1
DA:30,1
DA:33,9
DA:34,2
DA:35,2
DA:36,2
DA:37,1
DA:40,9
DA:41,2
DA:42,2
DA:43,2
DA:55,2
DA:56,1
DA:59,9
DA:60,2
DA:61,2
DA:62,2
DA:63,1
LF:32
LH:32
BRDA:22,0,0,1
BRDA:29,1,0,0
BRDA:36,2,0,1
BRDA:55,3,0,1
BRDA:62,4,0,1
BRF:5
BRH:4
end_of_record
TN:
SF:src/controller/user.controller.ts
FN:8,(anonymous_9)
FN:10,(anonymous_10)
FN:10,(anonymous_11)
FN:17,(anonymous_12)
FN:17,(anonymous_13)
FN:24,(anonymous_14)
FN:24,(anonymous_15)
FN:31,(anonymous_16)
FN:31,(anonymous_17)
FN:38,(anonymous_18)
FN:38,(anonymous_19)
FNF:11
FNH:11
FNDA:10,(anonymous_9)
FNDA:2,(anonymous_10)
FNDA:2,(anonymous_11)
FNDA:2,(anonymous_12)
FNDA:2,(anonymous_13)
FNDA:2,(anonymous_14)
FNDA:2,(anonymous_15)
FNDA:2,(anonymous_16)
FNDA:2,(anonymous_17)
FNDA:2,(anonymous_18)
FNDA:2,(anonymous_19)
DA:1,1
DA:2,1
DA:4,1
DA:7,1
DA:8,10
DA:10,10
DA:11,2
DA:12,2
DA:13,2
DA:14,1
DA:17,10
DA:18,2
DA:19,2
DA:20,2
DA:21,1
DA:24,10
DA:25,2
DA:26,2
DA:27,2
DA:28,1
DA:31,10
DA:32,2
DA:33,2
DA:34,2
DA:35,1
DA:38,10
DA:39,2
DA:40,2
DA:41,2
DA:42,1
LF:30
LH:30
BRDA:13,0,0,1
BRDA:20,1,0,1
BRDA:27,2,0,1
BRDA:34,3,0,1
BRDA:41,4,0,1
BRF:5
BRH:5
end_of_record
TN:
SF:src/service/authentication.service.ts
FN:21,(anonymous_10)
FN:27,(anonymous_11)
FN:27,(anonymous_12)
FNF:3
FNH:3
FNDA:4,(anonymous_10)
FNDA:4,(anonymous_11)
FNDA:4,(anonymous_12)
DA:2,2
DA:3,2
DA:4,2
DA:5,2
DA:6,2
DA:7,2
DA:8,2
DA:9,2
DA:10,2
DA:19,2
DA:21,4
DA:22,4
DA:24,4
DA:27,4
DA:28,4
DA:29,4
DA:32,3
DA:33,2
DA:34,2
DA:35,1
DA:37,1
DA:42,1
DA:52,1
DA:53,1
LF:24
LH:24
BRDA:32,0,0,1
BRDA:34,1,0,1
BRF:2
BRH:2
end_of_record
TN:
SF:src/service/subject.service.ts
FN:35,(anonymous_10)
FN:39,(anonymous_11)
FN:39,(anonymous_12)
FN:57,(anonymous_13)
FN:66,(anonymous_14)
FN:66,(anonymous_15)
FN:72,(anonymous_16)
FN:79,(anonymous_17)
FN:79,(anonymous_18)
FN:106,(anonymous_19)
FN:113,(anonymous_20)
FN:113,(anonymous_21)
FN:147,(anonymous_22)
FN:147,(anonymous_23)
FN:164,(anonymous_24)
FN:164,(anonymous_25)
FN:180,(anonymous_26)
FN:180,(anonymous_27)
FNF:18
FNH:11
FNDA:8,(anonymous_10)
FNDA:2,(anonymous_11)
FNDA:2,(anonymous_12)
FNDA:1,(anonymous_13)
FNDA:2,(anonymous_14)
FNDA:2,(anonymous_15)
FNDA:1,(anonymous_16)
FNDA:0,(anonymous_17)
FNDA:0,(anonymous_18)
FNDA:0,(anonymous_19)
FNDA:0,(anonymous_20)
FNDA:0,(anonymous_21)
FNDA:2,(anonymous_22)
FNDA:2,(anonymous_23)
FNDA:2,(anonymous_24)
FNDA:2,(anonymous_25)
FNDA:0,(anonymous_26)
FNDA:0,(anonymous_27)
DA:1,2
DA:3,2
DA:4,2
DA:5,2
DA:6,2
DA:7,2
DA:31,2
DA:35,8
DA:36,8
DA:39,8
DA:40,2
DA:41,2
DA:44,2
DA:45,1
DA:58,1
DA:61,0
DA:62,0
DA:66,8
DA:67,2
DA:68,2
DA:71,2
DA:72,1
DA:74,0
DA:75,0
DA:79,8
DA:80,0
DA:81,0
DA:105,0
DA:106,0
DA:111,0
DA:112,0
DA:113,0
DA:114,0
DA:115,0
DA:116,0
DA:118,0
DA:126,0
DA:142,0
DA:143,0
DA:147,8
DA:148,2
DA:149,2
DA:152,2
DA:153,1
DA:157,1
DA:159,0
DA:160,0
DA:164,8
DA:165,2
DA:166,2
DA:169,2
DA:170,1
DA:173,1
DA:175,0
DA:176,0
DA:180,8
DA:181,0
DA:182,0
DA:188,0
DA:189,0
DA:190,0
DA:191,0
DA:192,0
DA:193,0
DA:194,0
DA:196,0
LF:66
LH:34
BRDA:44,0,0,1
BRDA:71,1,0,1
BRDA:71,2,0,2
BRDA:71,2,1,2
BRDA:105,3,0,0
BRDA:106,4,0,0
BRDA:106,4,1,0
BRDA:106,5,0,0
BRDA:106,5,1,0
BRDA:111,6,0,0
BRDA:111,6,1,0
BRDA:111,7,0,0
BRDA:111,7,1,0
BRDA:115,8,0,0
BRDA:152,9,0,1
BRDA:169,10,0,1
BRDA:188,11,0,0
BRF:17
BRH:6
end_of_record
TN:
SF:src/service/user.service.ts
FN:41,(anonymous_10)
FN:45,(anonymous_11)
FN:45,(anonymous_12)
FN:62,(anonymous_13)
FN:71,(anonymous_14)
FN:71,(anonymous_15)
FN:88,(anonymous_16)
FN:97,(anonymous_17)
FN:97,(anonymous_18)
FN:104,(anonymous_19)
FN:111,(anonymous_20)
FN:111,(anonymous_21)
FN:138,(anonymous_22)
FN:152,(anonymous_23)
FN:152,(anonymous_24)
FN:183,(anonymous_25)
FN:197,(anonymous_26)
FNF:17
FNH:17
FNDA:10,(anonymous_10)
FNDA:2,(anonymous_11)
FNDA:2,(anonymous_12)
FNDA:1,(anonymous_13)
FNDA:2,(anonymous_14)
FNDA:2,(anonymous_15)
FNDA:1,(anonymous_16)
FNDA:2,(anonymous_17)
FNDA:2,(anonymous_18)
FNDA:2,(anonymous_19)
FNDA:2,(anonymous_20)
FNDA:2,(anonymous_21)
FNDA:2,(anonymous_22)
FNDA:2,(anonymous_23)
FNDA:2,(anonymous_24)
FNDA:2,(anonymous_25)
FNDA:2,(anonymous_26)
DA:1,2
DA:2,2
DA:3,2
DA:4,2
DA:5,2
DA:6,2
DA:7,2
DA:8,2
DA:9,2
DA:10,2
DA:11,2
DA:39,2
DA:41,10
DA:42,10
DA:45,10
DA:46,2
DA:47,2
DA:50,2
DA:51,1
DA:52,1
DA:63,1
DA:66,0
DA:67,0
DA:71,10
DA:72,2
DA:73,2
DA:76,2
DA:77,1
DA:78,1
DA:89,1
DA:92,0
DA:93,0
DA:97,10
DA:98,2
DA:99,2
DA:100,2
DA:103,2
DA:104,2
DA:106,0
DA:107,0
DA:111,10
DA:112,2
DA:113,2
DA:130,2
DA:131,1
DA:138,2
DA:147,0
DA:148,0
DA:152,10
DA:153,2
DA:154,2
DA:175,2
DA:176,1
DA:183,2
DA:192,0
DA:193,0
DA:198,2
DA:200,1
DA:202,1
DA:204,0
LF:60
LH:49
BRDA:50,0,0,1
BRDA:76,1,0,1
BRDA:103,2,0,1
BRDA:103,3,0,2
BRDA:103,3,1,2
BRDA:130,4,0,1
BRDA:138,5,0,1
BRDA:138,5,1,0
BRDA:138,6,0,1
BRDA:138,6,1,1
BRDA:138,7,0,0
BRDA:138,7,1,1
BRDA:138,8,0,1
BRDA:138,8,1,1
BRDA:175,9,0,1
BRDA:183,10,0,1
BRDA:183,10,1,0
BRDA:183,11,0,1
BRDA:183,11,1,1
BRDA:183,12,0,0
BRDA:183,12,1,1
BRDA:183,13,0,1
BRDA:183,13,1,1
BRDA:198,14,0,1
BRDA:198,14,1,1
BRDA:198,14,2,0
BRF:26
BRH:21
end_of_record
TN:
SF:src/service/workload.service.ts
FN:16,(anonymous_10)
FN:20,(anonymous_11)
FN:25,(anonymous_12)
FN:73,(anonymous_13)
FN:76,(anonymous_14)
FN:100,(anonymous_15)
FN:106,(anonymous_16)
FNF:7
FNH:7
FNDA:3,(anonymous_10)
FNDA:3,(anonymous_11)
FNDA:3,(anonymous_12)
FNDA:1,(anonymous_13)
FNDA:1,(anonymous_14)
FNDA:1,(anonymous_15)
FNDA:2,(anonymous_16)
DA:1,1
DA:3,1
DA:4,1
DA:5,1
DA:6,1
DA:7,1
DA:8,1
DA:9,1
DA:11,1
DA:13,1
DA:16,3
DA:17,3
DA:20,3
DA:25,3
DA:26,3
DA:27,3
DA:30,3
DA:31,2
DA:34,2
DA:35,1
DA:36,1
DA:40,1
DA:41,1
DA:45,1
DA:46,1
DA:66,1
DA:68,0
DA:69,0
DA:73,3
DA:76,1
DA:77,1
DA:83,1
DA:84,0
DA:85,0
DA:86,0
DA:87,0
DA:88,0
DA:89,0
DA:90,0
DA:96,0
DA:97,0
DA:104,1
DA:106,2
DA:107,1
DA:108,1
DA:109,1
DA:110,1
DA:111,1
LF:48
LH:37
BRDA:30,0,0,1
BRDA:34,1,0,1
BRDA:40,2,0,0
BRDA:45,3,0,0
BRDA:83,4,0,1
BRDA:96,5,0,0
BRDA:110,6,0,0
BRF:7
BRH:3
end_of_record
TN:
SF:src/service/dto/authenticated-user.dto.ts
FN:7,(anonymous_0)
FNF:1
FNH:1
FNDA:1,(anonymous_0)
DA:1,2
DA:8,1
DA:9,1
DA:10,1
DA:11,1
LF:5
LH:5
BRF:0
BRH:0
end_of_record
TN:
SF:src/service/dto/created-subject.dto.ts
FN:7,(anonymous_0)
FNF:1
FNH:1
FNDA:2,(anonymous_0)
DA:1,2
DA:8,2
DA:9,2
DA:10,2
DA:11,2
LF:5
LH:5
BRF:0
BRH:0
end_of_record
TN:
SF:src/service/dto/created-user.dto.ts
FN:9,(anonymous_0)
FNF:1
FNH:1
FNDA:8,(anonymous_0)
DA:2,2
DA:10,8
DA:11,8
DA:12,8
DA:13,8
DA:14,8
LF:6
LH:6
BRF:0
BRH:0
end_of_record
TN:
SF:src/service/dto/subject-output.dto.ts
FN:16,(anonymous_0)
FNF:1
FNH:1
FNDA:1,(anonymous_0)
DA:1,2
DA:3,2
DA:17,1
DA:18,1
DA:19,1
DA:20,1
DA:21,1
DA:22,1
DA:23,1
DA:24,1
DA:30,1
DA:31,1
DA:32,1
LF:13
LH:13
BRDA:16,0,0,1
BRF:1
BRH:1
end_of_record
TN:
SF:src/service/dto/user-output.dto.ts
FN:9,(anonymous_0)
FNF:1
FNH:1
FNDA:4,(anonymous_0)
DA:1,2
DA:17,4
DA:18,4
DA:19,4
DA:20,4
DA:21,4
DA:22,4
LF:7
LH:7
BRF:0
BRH:0
end_of_record
TN:
SF:src/service/error/bad-credentials.error.ts
FN:2,(anonymous_0)
FNF:1
FNH:1
FNDA:2,(anonymous_0)
DA:1,2
DA:3,2
LF:2
LH:2
BRF:0
BRH:0
end_of_record
TN:
SF:src/service/error/professor-not-found.error.ts
FN:2,(anonymous_0)
FNF:1
FNH:1
FNDA:1,(anonymous_0)
DA:1,2
DA:3,1
LF:2
LH:2
BRF:0
BRH:0
end_of_record
TN:
SF:src/service/error/reached-maximum-hours.error.ts
FN:2,(anonymous_0)
FNF:1
FNH:0
FNDA:0,(anonymous_0)
DA:1,1
DA:3,0
LF:2
LH:1
BRF:0
BRH:0
end_of_record
TN:
SF:src/service/error/student-not-found.error.ts
FN:2,(anonymous_0)
FNF:1
FNH:1
FNDA:1,(anonymous_0)
DA:1,1
DA:3,1
LF:2
LH:2
BRF:0
BRH:0
end_of_record
TN:
SF:src/service/error/subject-already-exists.error.ts
FN:2,(anonymous_0)
FNF:1
FNH:1
FNDA:1,(anonymous_0)
DA:1,2
DA:3,1
LF:2
LH:2
BRF:0
BRH:0
end_of_record
TN:
SF:src/service/error/subject-not-found.error.ts
FN:2,(anonymous_0)
FNF:1
FNH:1
FNDA:3,(anonymous_0)
DA:1,3
DA:3,3
LF:2
LH:2
BRF:0
BRH:0
end_of_record
TN:
SF:src/service/error/subject-not-scheduled.error.ts
FN:2,(anonymous_0)
FNF:1
FNH:0
FNDA:0,(anonymous_0)
DA:1,1
DA:3,0
LF:2
LH:1
BRF:0
BRH:0
end_of_record
TN:
SF:src/service/error/user-already-exists.error.ts
FN:2,(anonymous_0)
FNF:1
FNH:1
FNDA:2,(anonymous_0)
DA:1,2
DA:3,2
LF:2
LH:2
BRF:0
BRH:0
end_of_record
TN:
SF:src/service/error/volunteer-not-found.error.ts
FN:2,(anonymous_0)
FNF:1
FNH:1
FNDA:1,(anonymous_0)
DA:1,2
DA:3,1
LF:2
LH:2
BRF:0
BRH:0
end_of_record
TN:
SF:src/util/calculate-subject-total-hours.util.ts
FN:1,(anonymous_0)
FNF:1
FNH:1
FNDA:1,(anonymous_0)
DA:1,4
DA:8,1
DA:9,1
DA:12,1
DA:13,1
DA:16,1
DA:19,1
DA:22,1
DA:24,1
LF:9
LH:9
BRF:0
BRH:0
end_of_record
TN:
SF:src/util/logger.util.ts
FN:5,(anonymous_1)
FNF:1
FNH:1
FNDA:7,(anonymous_1)
DA:1,7
DA:3,7
DA:5,7
DA:6,7
DA:7,7
DA:8,7
DA:9,0
DA:11,7
DA:14,7
LF:9
LH:8
BRDA:8,0,0,0
BRF:1
BRH:0
end_of_record
